[0.321s] DEBUG:colcon:Command line arguments: ['/usr/bin/colcon', 'build']
[0.321s] DEBUG:colcon:Parsed command line arguments: Namespace(log_base=None, log_level=None, verb_name='build', build_base='build', install_base='install', merge_install=False, symlink_install=False, test_result_base=None, continue_on_error=False, executor='parallel', parallel_workers=4, event_handlers=None, ignore_user_meta=False, metas=['./colcon.meta'], base_paths=['.'], packages_ignore=None, packages_ignore_regex=None, paths=None, packages_up_to=None, packages_up_to_regex=None, packages_above=None, packages_above_and_dependencies=None, packages_above_depth=None, packages_select_by_dep=None, packages_skip_by_dep=None, packages_skip_up_to=None, packages_select_build_failed=False, packages_skip_build_finished=False, packages_select_test_failures=False, packages_skip_test_passed=False, packages_select=None, packages_skip=None, packages_select_regex=None, packages_skip_regex=None, packages_start=None, packages_end=None, allow_overriding=[], bazel_args=None, bazel_task=None, cmake_args=None, cmake_target=None, cmake_target_skip_unavailable=False, cmake_clean_cache=False, cmake_clean_first=False, cmake_force_configure=False, meson_args=[], ament_cmake_args=None, catkin_cmake_args=None, catkin_skip_building_tests=False, mixin_files=None, mixin=None, verb_parser=<colcon_alias.argument_parser.alias.AliasArgumentDecorator object at 0x75559d55feb0>, verb_extension=<colcon_core.verb.build.BuildVerb object at 0x75559d55f250>, main=<bound method BuildVerb.main of <colcon_core.verb.build.BuildVerb object at 0x75559d55f250>>, mixin_verb=('build',))
[0.374s] Level 1:colcon.colcon_core.package_discovery:discover_packages(colcon_meta) check parameters
[0.374s] Level 1:colcon.colcon_core.package_discovery:discover_packages(recursive) check parameters
[0.374s] Level 1:colcon.colcon_core.package_discovery:discover_packages(ignore) check parameters
[0.374s] Level 1:colcon.colcon_core.package_discovery:discover_packages(path) check parameters
[0.374s] Level 1:colcon.colcon_core.package_discovery:discover_packages(colcon_meta) discover
[0.375s] Level 1:colcon.colcon_core.package_discovery:discover_packages(recursive) discover
[0.375s] INFO:colcon.colcon_core.package_discovery:Crawling recursively for packages in '/home/karol/ros2_ws'
[0.375s] Level 1:colcon.colcon_core.package_identification:_identify(.) by extensions ['ignore', 'ignore_ament_install']
[0.375s] Level 1:colcon.colcon_core.package_identification:_identify(.) by extension 'ignore'
[0.375s] Level 1:colcon.colcon_core.package_identification:_identify(.) by extension 'ignore_ament_install'
[0.375s] Level 1:colcon.colcon_core.package_identification:_identify(.) by extensions ['colcon_pkg']
[0.375s] Level 1:colcon.colcon_core.package_identification:_identify(.) by extension 'colcon_pkg'
[0.375s] Level 1:colcon.colcon_core.package_identification:_identify(.) by extensions ['colcon_meta']
[0.375s] Level 1:colcon.colcon_core.package_identification:_identify(.) by extension 'colcon_meta'
[0.375s] Level 1:colcon.colcon_core.package_identification:_identify(.) by extensions ['ros']
[0.375s] Level 1:colcon.colcon_core.package_identification:_identify(.) by extension 'ros'
[0.379s] Level 1:colcon.colcon_core.package_identification:_identify(.) by extensions ['bazel', 'cmake', 'meson', 'python']
[0.379s] Level 1:colcon.colcon_core.package_identification:_identify(.) by extension 'bazel'
[0.379s] Level 1:colcon.colcon_core.package_identification:_identify(.) by extension 'cmake'
[0.379s] Level 1:colcon.colcon_core.package_identification:_identify(.) by extension 'meson'
[0.379s] Level 1:colcon.colcon_core.package_identification:_identify(.) by extension 'python'
[0.379s] Level 1:colcon.colcon_core.package_identification:_identify(.) by extensions ['python_setup_py']
[0.379s] Level 1:colcon.colcon_core.package_identification:_identify(.) by extension 'python_setup_py'
[0.380s] Level 1:colcon.colcon_core.package_identification:_identify(build) by extensions ['ignore', 'ignore_ament_install']
[0.380s] Level 1:colcon.colcon_core.package_identification:_identify(build) by extension 'ignore'
[0.380s] Level 1:colcon.colcon_core.package_identification:_identify(build) ignored
[0.380s] Level 1:colcon.colcon_core.package_identification:_identify(install) by extensions ['ignore', 'ignore_ament_install']
[0.380s] Level 1:colcon.colcon_core.package_identification:_identify(install) by extension 'ignore'
[0.380s] Level 1:colcon.colcon_core.package_identification:_identify(install) ignored
[0.380s] Level 1:colcon.colcon_core.package_identification:_identify(log) by extensions ['ignore', 'ignore_ament_install']
[0.380s] Level 1:colcon.colcon_core.package_identification:_identify(log) by extension 'ignore'
[0.380s] Level 1:colcon.colcon_core.package_identification:_identify(log) ignored
[0.380s] Level 1:colcon.colcon_core.package_identification:_identify(src) by extensions ['ignore', 'ignore_ament_install']
[0.380s] Level 1:colcon.colcon_core.package_identification:_identify(src) by extension 'ignore'
[0.380s] Level 1:colcon.colcon_core.package_identification:_identify(src) by extension 'ignore_ament_install'
[0.380s] Level 1:colcon.colcon_core.package_identification:_identify(src) by extensions ['colcon_pkg']
[0.381s] Level 1:colcon.colcon_core.package_identification:_identify(src) by extension 'colcon_pkg'
[0.381s] Level 1:colcon.colcon_core.package_identification:_identify(src) by extensions ['colcon_meta']
[0.381s] Level 1:colcon.colcon_core.package_identification:_identify(src) by extension 'colcon_meta'
[0.381s] Level 1:colcon.colcon_core.package_identification:_identify(src) by extensions ['ros']
[0.381s] Level 1:colcon.colcon_core.package_identification:_identify(src) by extension 'ros'
[0.381s] Level 1:colcon.colcon_core.package_identification:_identify(src) by extensions ['bazel', 'cmake', 'meson', 'python']
[0.381s] Level 1:colcon.colcon_core.package_identification:_identify(src) by extension 'bazel'
[0.381s] Level 1:colcon.colcon_core.package_identification:_identify(src) by extension 'cmake'
[0.381s] Level 1:colcon.colcon_core.package_identification:_identify(src) by extension 'meson'
[0.381s] Level 1:colcon.colcon_core.package_identification:_identify(src) by extension 'python'
[0.381s] Level 1:colcon.colcon_core.package_identification:_identify(src) by extensions ['python_setup_py']
[0.381s] Level 1:colcon.colcon_core.package_identification:_identify(src) by extension 'python_setup_py'
[0.381s] Level 1:colcon.colcon_core.package_identification:_identify(src/build) by extensions ['ignore', 'ignore_ament_install']
[0.381s] Level 1:colcon.colcon_core.package_identification:_identify(src/build) by extension 'ignore'
[0.381s] Level 1:colcon.colcon_core.package_identification:_identify(src/build) ignored
[0.381s] Level 1:colcon.colcon_core.package_identification:_identify(src/install) by extensions ['ignore', 'ignore_ament_install']
[0.381s] Level 1:colcon.colcon_core.package_identification:_identify(src/install) by extension 'ignore'
[0.381s] Level 1:colcon.colcon_core.package_identification:_identify(src/install) ignored
[0.381s] Level 1:colcon.colcon_core.package_identification:_identify(src/log) by extensions ['ignore', 'ignore_ament_install']
[0.382s] Level 1:colcon.colcon_core.package_identification:_identify(src/log) by extension 'ignore'
[0.382s] Level 1:colcon.colcon_core.package_identification:_identify(src/log) ignored
[0.382s] Level 1:colcon.colcon_core.package_identification:_identify(src/my_cpp_pkg) by extensions ['ignore', 'ignore_ament_install']
[0.382s] Level 1:colcon.colcon_core.package_identification:_identify(src/my_cpp_pkg) by extension 'ignore'
[0.382s] Level 1:colcon.colcon_core.package_identification:_identify(src/my_cpp_pkg) by extension 'ignore_ament_install'
[0.382s] Level 1:colcon.colcon_core.package_identification:_identify(src/my_cpp_pkg) by extensions ['colcon_pkg']
[0.382s] Level 1:colcon.colcon_core.package_identification:_identify(src/my_cpp_pkg) by extension 'colcon_pkg'
[0.382s] Level 1:colcon.colcon_core.package_identification:_identify(src/my_cpp_pkg) by extensions ['colcon_meta']
[0.382s] Level 1:colcon.colcon_core.package_identification:_identify(src/my_cpp_pkg) by extension 'colcon_meta'
[0.382s] Level 1:colcon.colcon_core.package_identification:_identify(src/my_cpp_pkg) by extensions ['ros']
[0.382s] Level 1:colcon.colcon_core.package_identification:_identify(src/my_cpp_pkg) by extension 'ros'
[0.384s] DEBUG:colcon.colcon_core.package_identification:Package 'src/my_cpp_pkg' with type 'ros.ament_cmake' and name 'my_cpp_pkg'
[0.385s] Level 1:colcon.colcon_core.package_identification:_identify(src/my_package) by extensions ['ignore', 'ignore_ament_install']
[0.385s] Level 1:colcon.colcon_core.package_identification:_identify(src/my_package) by extension 'ignore'
[0.385s] Level 1:colcon.colcon_core.package_identification:_identify(src/my_package) by extension 'ignore_ament_install'
[0.385s] Level 1:colcon.colcon_core.package_identification:_identify(src/my_package) by extensions ['colcon_pkg']
[0.385s] Level 1:colcon.colcon_core.package_identification:_identify(src/my_package) by extension 'colcon_pkg'
[0.385s] Level 1:colcon.colcon_core.package_identification:_identify(src/my_package) by extensions ['colcon_meta']
[0.385s] Level 1:colcon.colcon_core.package_identification:_identify(src/my_package) by extension 'colcon_meta'
[0.385s] Level 1:colcon.colcon_core.package_identification:_identify(src/my_package) by extensions ['ros']
[0.385s] Level 1:colcon.colcon_core.package_identification:_identify(src/my_package) by extension 'ros'
[0.385s] DEBUG:colcon.colcon_core.package_identification:Package 'src/my_package' with type 'ros.ament_cmake' and name 'my_package'
[0.386s] Level 1:colcon.colcon_core.package_identification:_identify(src/my_py_package) by extensions ['ignore', 'ignore_ament_install']
[0.386s] Level 1:colcon.colcon_core.package_identification:_identify(src/my_py_package) by extension 'ignore'
[0.386s] Level 1:colcon.colcon_core.package_identification:_identify(src/my_py_package) by extension 'ignore_ament_install'
[0.386s] Level 1:colcon.colcon_core.package_identification:_identify(src/my_py_package) by extensions ['colcon_pkg']
[0.386s] Level 1:colcon.colcon_core.package_identification:_identify(src/my_py_package) by extension 'colcon_pkg'
[0.386s] Level 1:colcon.colcon_core.package_identification:_identify(src/my_py_package) by extensions ['colcon_meta']
[0.386s] Level 1:colcon.colcon_core.package_identification:_identify(src/my_py_package) by extension 'colcon_meta'
[0.386s] Level 1:colcon.colcon_core.package_identification:_identify(src/my_py_package) by extensions ['ros']
[0.386s] Level 1:colcon.colcon_core.package_identification:_identify(src/my_py_package) by extension 'ros'
[0.386s] DEBUG:colcon.colcon_core.package_identification:Package 'src/my_py_package' with type 'ros.ament_python' and name 'my_py_package'
[0.387s] Level 1:colcon.colcon_core.package_identification:_identify(src/my_robot_bringup) by extensions ['ignore', 'ignore_ament_install']
[0.387s] Level 1:colcon.colcon_core.package_identification:_identify(src/my_robot_bringup) by extension 'ignore'
[0.387s] Level 1:colcon.colcon_core.package_identification:_identify(src/my_robot_bringup) by extension 'ignore_ament_install'
[0.387s] Level 1:colcon.colcon_core.package_identification:_identify(src/my_robot_bringup) by extensions ['colcon_pkg']
[0.387s] Level 1:colcon.colcon_core.package_identification:_identify(src/my_robot_bringup) by extension 'colcon_pkg'
[0.387s] Level 1:colcon.colcon_core.package_identification:_identify(src/my_robot_bringup) by extensions ['colcon_meta']
[0.387s] Level 1:colcon.colcon_core.package_identification:_identify(src/my_robot_bringup) by extension 'colcon_meta'
[0.387s] Level 1:colcon.colcon_core.package_identification:_identify(src/my_robot_bringup) by extensions ['ros']
[0.387s] Level 1:colcon.colcon_core.package_identification:_identify(src/my_robot_bringup) by extension 'ros'
[0.387s] DEBUG:colcon.colcon_core.package_identification:Package 'src/my_robot_bringup' with type 'ros.ament_cmake' and name 'my_robot_bringup'
[0.388s] Level 1:colcon.colcon_core.package_identification:_identify(src/my_robot_interfaces) by extensions ['ignore', 'ignore_ament_install']
[0.388s] Level 1:colcon.colcon_core.package_identification:_identify(src/my_robot_interfaces) by extension 'ignore'
[0.388s] Level 1:colcon.colcon_core.package_identification:_identify(src/my_robot_interfaces) by extension 'ignore_ament_install'
[0.388s] Level 1:colcon.colcon_core.package_identification:_identify(src/my_robot_interfaces) by extensions ['colcon_pkg']
[0.388s] Level 1:colcon.colcon_core.package_identification:_identify(src/my_robot_interfaces) by extension 'colcon_pkg'
[0.388s] Level 1:colcon.colcon_core.package_identification:_identify(src/my_robot_interfaces) by extensions ['colcon_meta']
[0.388s] Level 1:colcon.colcon_core.package_identification:_identify(src/my_robot_interfaces) by extension 'colcon_meta'
[0.388s] Level 1:colcon.colcon_core.package_identification:_identify(src/my_robot_interfaces) by extensions ['ros']
[0.388s] Level 1:colcon.colcon_core.package_identification:_identify(src/my_robot_interfaces) by extension 'ros'
[0.388s] DEBUG:colcon.colcon_core.package_identification:Package 'src/my_robot_interfaces' with type 'ros.ament_cmake' and name 'my_robot_interfaces'
[0.388s] Level 1:colcon.colcon_core.package_identification:_identify(src/turtlesim_catch_them_all) by extensions ['ignore', 'ignore_ament_install']
[0.388s] Level 1:colcon.colcon_core.package_identification:_identify(src/turtlesim_catch_them_all) by extension 'ignore'
[0.389s] Level 1:colcon.colcon_core.package_identification:_identify(src/turtlesim_catch_them_all) by extension 'ignore_ament_install'
[0.389s] Level 1:colcon.colcon_core.package_identification:_identify(src/turtlesim_catch_them_all) by extensions ['colcon_pkg']
[0.389s] Level 1:colcon.colcon_core.package_identification:_identify(src/turtlesim_catch_them_all) by extension 'colcon_pkg'
[0.389s] Level 1:colcon.colcon_core.package_identification:_identify(src/turtlesim_catch_them_all) by extensions ['colcon_meta']
[0.389s] Level 1:colcon.colcon_core.package_identification:_identify(src/turtlesim_catch_them_all) by extension 'colcon_meta'
[0.389s] Level 1:colcon.colcon_core.package_identification:_identify(src/turtlesim_catch_them_all) by extensions ['ros']
[0.389s] Level 1:colcon.colcon_core.package_identification:_identify(src/turtlesim_catch_them_all) by extension 'ros'
[0.389s] DEBUG:colcon.colcon_core.package_identification:Package 'src/turtlesim_catch_them_all' with type 'ros.ament_python' and name 'turtlesim_catch_them_all'
[0.389s] Level 1:colcon.colcon_core.package_discovery:discover_packages(recursive) using defaults
[0.389s] Level 1:colcon.colcon_core.package_discovery:discover_packages(ignore) discover
[0.389s] Level 1:colcon.colcon_core.package_discovery:discover_packages(ignore) using defaults
[0.389s] Level 1:colcon.colcon_core.package_discovery:discover_packages(path) discover
[0.390s] Level 1:colcon.colcon_core.package_discovery:discover_packages(path) using defaults
[0.407s] Level 1:colcon.colcon_core.package_discovery:discover_packages(prefix_path) check parameters
[0.407s] Level 1:colcon.colcon_core.package_discovery:discover_packages(prefix_path) discover
[0.409s] DEBUG:colcon.colcon_installed_package_information.package_discovery:Found 6 installed packages in /home/karol/ros2_ws/install
[0.410s] DEBUG:colcon.colcon_installed_package_information.package_discovery:Found 270 installed packages in /opt/ros/humble
[0.411s] Level 1:colcon.colcon_core.package_discovery:discover_packages(prefix_path) using defaults
[0.458s] Level 5:colcon.colcon_core.verb:set package 'my_cpp_pkg' build argument 'bazel_args' from command line to 'None'
[0.458s] Level 5:colcon.colcon_core.verb:set package 'my_cpp_pkg' build argument 'bazel_task' from command line to 'None'
[0.458s] Level 5:colcon.colcon_core.verb:set package 'my_cpp_pkg' build argument 'cmake_args' from command line to 'None'
[0.458s] Level 5:colcon.colcon_core.verb:set package 'my_cpp_pkg' build argument 'cmake_target' from command line to 'None'
[0.458s] Level 5:colcon.colcon_core.verb:set package 'my_cpp_pkg' build argument 'cmake_target_skip_unavailable' from command line to 'False'
[0.458s] Level 5:colcon.colcon_core.verb:set package 'my_cpp_pkg' build argument 'cmake_clean_cache' from command line to 'False'
[0.458s] Level 5:colcon.colcon_core.verb:set package 'my_cpp_pkg' build argument 'cmake_clean_first' from command line to 'False'
[0.458s] Level 5:colcon.colcon_core.verb:set package 'my_cpp_pkg' build argument 'cmake_force_configure' from command line to 'False'
[0.458s] Level 5:colcon.colcon_core.verb:set package 'my_cpp_pkg' build argument 'meson_args' from command line to '[]'
[0.458s] Level 5:colcon.colcon_core.verb:set package 'my_cpp_pkg' build argument 'ament_cmake_args' from command line to 'None'
[0.458s] Level 5:colcon.colcon_core.verb:set package 'my_cpp_pkg' build argument 'catkin_cmake_args' from command line to 'None'
[0.458s] Level 5:colcon.colcon_core.verb:set package 'my_cpp_pkg' build argument 'catkin_skip_building_tests' from command line to 'False'
[0.458s] DEBUG:colcon.colcon_core.verb:Building package 'my_cpp_pkg' with the following arguments: {'ament_cmake_args': None, 'bazel_args': None, 'bazel_task': None, 'build_base': '/home/karol/ros2_ws/build/my_cpp_pkg', 'catkin_cmake_args': None, 'catkin_skip_building_tests': False, 'cmake_args': None, 'cmake_clean_cache': False, 'cmake_clean_first': False, 'cmake_force_configure': False, 'cmake_target': None, 'cmake_target_skip_unavailable': False, 'install_base': '/home/karol/ros2_ws/install/my_cpp_pkg', 'merge_install': False, 'meson_args': [], 'path': '/home/karol/ros2_ws/src/my_cpp_pkg', 'symlink_install': False, 'test_result_base': None}
[0.471s] Level 5:colcon.colcon_core.verb:set package 'my_package' build argument 'bazel_args' from command line to 'None'
[0.471s] Level 5:colcon.colcon_core.verb:set package 'my_package' build argument 'bazel_task' from command line to 'None'
[0.471s] Level 5:colcon.colcon_core.verb:set package 'my_package' build argument 'cmake_args' from command line to 'None'
[0.471s] Level 5:colcon.colcon_core.verb:set package 'my_package' build argument 'cmake_target' from command line to 'None'
[0.471s] Level 5:colcon.colcon_core.verb:set package 'my_package' build argument 'cmake_target_skip_unavailable' from command line to 'False'
[0.471s] Level 5:colcon.colcon_core.verb:set package 'my_package' build argument 'cmake_clean_cache' from command line to 'False'
[0.471s] Level 5:colcon.colcon_core.verb:set package 'my_package' build argument 'cmake_clean_first' from command line to 'False'
[0.471s] Level 5:colcon.colcon_core.verb:set package 'my_package' build argument 'cmake_force_configure' from command line to 'False'
[0.471s] Level 5:colcon.colcon_core.verb:set package 'my_package' build argument 'meson_args' from command line to '[]'
[0.471s] Level 5:colcon.colcon_core.verb:set package 'my_package' build argument 'ament_cmake_args' from command line to 'None'
[0.471s] Level 5:colcon.colcon_core.verb:set package 'my_package' build argument 'catkin_cmake_args' from command line to 'None'
[0.471s] Level 5:colcon.colcon_core.verb:set package 'my_package' build argument 'catkin_skip_building_tests' from command line to 'False'
[0.471s] DEBUG:colcon.colcon_core.verb:Building package 'my_package' with the following arguments: {'ament_cmake_args': None, 'bazel_args': None, 'bazel_task': None, 'build_base': '/home/karol/ros2_ws/build/my_package', 'catkin_cmake_args': None, 'catkin_skip_building_tests': False, 'cmake_args': None, 'cmake_clean_cache': False, 'cmake_clean_first': False, 'cmake_force_configure': False, 'cmake_target': None, 'cmake_target_skip_unavailable': False, 'install_base': '/home/karol/ros2_ws/install/my_package', 'merge_install': False, 'meson_args': [], 'path': '/home/karol/ros2_ws/src/my_package', 'symlink_install': False, 'test_result_base': None}
[0.484s] Level 5:colcon.colcon_core.verb:set package 'my_robot_interfaces' build argument 'bazel_args' from command line to 'None'
[0.485s] Level 5:colcon.colcon_core.verb:set package 'my_robot_interfaces' build argument 'bazel_task' from command line to 'None'
[0.485s] Level 5:colcon.colcon_core.verb:set package 'my_robot_interfaces' build argument 'cmake_args' from command line to 'None'
[0.485s] Level 5:colcon.colcon_core.verb:set package 'my_robot_interfaces' build argument 'cmake_target' from command line to 'None'
[0.485s] Level 5:colcon.colcon_core.verb:set package 'my_robot_interfaces' build argument 'cmake_target_skip_unavailable' from command line to 'False'
[0.485s] Level 5:colcon.colcon_core.verb:set package 'my_robot_interfaces' build argument 'cmake_clean_cache' from command line to 'False'
[0.485s] Level 5:colcon.colcon_core.verb:set package 'my_robot_interfaces' build argument 'cmake_clean_first' from command line to 'False'
[0.485s] Level 5:colcon.colcon_core.verb:set package 'my_robot_interfaces' build argument 'cmake_force_configure' from command line to 'False'
[0.485s] Level 5:colcon.colcon_core.verb:set package 'my_robot_interfaces' build argument 'meson_args' from command line to '[]'
[0.485s] Level 5:colcon.colcon_core.verb:set package 'my_robot_interfaces' build argument 'ament_cmake_args' from command line to 'None'
[0.485s] Level 5:colcon.colcon_core.verb:set package 'my_robot_interfaces' build argument 'catkin_cmake_args' from command line to 'None'
[0.485s] Level 5:colcon.colcon_core.verb:set package 'my_robot_interfaces' build argument 'catkin_skip_building_tests' from command line to 'False'
[0.485s] DEBUG:colcon.colcon_core.verb:Building package 'my_robot_interfaces' with the following arguments: {'ament_cmake_args': None, 'bazel_args': None, 'bazel_task': None, 'build_base': '/home/karol/ros2_ws/build/my_robot_interfaces', 'catkin_cmake_args': None, 'catkin_skip_building_tests': False, 'cmake_args': None, 'cmake_clean_cache': False, 'cmake_clean_first': False, 'cmake_force_configure': False, 'cmake_target': None, 'cmake_target_skip_unavailable': False, 'install_base': '/home/karol/ros2_ws/install/my_robot_interfaces', 'merge_install': False, 'meson_args': [], 'path': '/home/karol/ros2_ws/src/my_robot_interfaces', 'symlink_install': False, 'test_result_base': None}
[0.497s] Level 5:colcon.colcon_core.verb:set package 'my_py_package' build argument 'bazel_args' from command line to 'None'
[0.497s] Level 5:colcon.colcon_core.verb:set package 'my_py_package' build argument 'bazel_task' from command line to 'None'
[0.498s] Level 5:colcon.colcon_core.verb:set package 'my_py_package' build argument 'cmake_args' from command line to 'None'
[0.498s] Level 5:colcon.colcon_core.verb:set package 'my_py_package' build argument 'cmake_target' from command line to 'None'
[0.498s] Level 5:colcon.colcon_core.verb:set package 'my_py_package' build argument 'cmake_target_skip_unavailable' from command line to 'False'
[0.498s] Level 5:colcon.colcon_core.verb:set package 'my_py_package' build argument 'cmake_clean_cache' from command line to 'False'
[0.498s] Level 5:colcon.colcon_core.verb:set package 'my_py_package' build argument 'cmake_clean_first' from command line to 'False'
[0.498s] Level 5:colcon.colcon_core.verb:set package 'my_py_package' build argument 'cmake_force_configure' from command line to 'False'
[0.498s] Level 5:colcon.colcon_core.verb:set package 'my_py_package' build argument 'meson_args' from command line to '[]'
[0.498s] Level 5:colcon.colcon_core.verb:set package 'my_py_package' build argument 'ament_cmake_args' from command line to 'None'
[0.498s] Level 5:colcon.colcon_core.verb:set package 'my_py_package' build argument 'catkin_cmake_args' from command line to 'None'
[0.498s] Level 5:colcon.colcon_core.verb:set package 'my_py_package' build argument 'catkin_skip_building_tests' from command line to 'False'
[0.498s] DEBUG:colcon.colcon_core.verb:Building package 'my_py_package' with the following arguments: {'ament_cmake_args': None, 'bazel_args': None, 'bazel_task': None, 'build_base': '/home/karol/ros2_ws/build/my_py_package', 'catkin_cmake_args': None, 'catkin_skip_building_tests': False, 'cmake_args': None, 'cmake_clean_cache': False, 'cmake_clean_first': False, 'cmake_force_configure': False, 'cmake_target': None, 'cmake_target_skip_unavailable': False, 'install_base': '/home/karol/ros2_ws/install/my_py_package', 'merge_install': False, 'meson_args': [], 'path': '/home/karol/ros2_ws/src/my_py_package', 'symlink_install': False, 'test_result_base': None}
[0.511s] Level 5:colcon.colcon_core.verb:set package 'turtlesim_catch_them_all' build argument 'bazel_args' from command line to 'None'
[0.511s] Level 5:colcon.colcon_core.verb:set package 'turtlesim_catch_them_all' build argument 'bazel_task' from command line to 'None'
[0.511s] Level 5:colcon.colcon_core.verb:set package 'turtlesim_catch_them_all' build argument 'cmake_args' from command line to 'None'
[0.511s] Level 5:colcon.colcon_core.verb:set package 'turtlesim_catch_them_all' build argument 'cmake_target' from command line to 'None'
[0.511s] Level 5:colcon.colcon_core.verb:set package 'turtlesim_catch_them_all' build argument 'cmake_target_skip_unavailable' from command line to 'False'
[0.511s] Level 5:colcon.colcon_core.verb:set package 'turtlesim_catch_them_all' build argument 'cmake_clean_cache' from command line to 'False'
[0.511s] Level 5:colcon.colcon_core.verb:set package 'turtlesim_catch_them_all' build argument 'cmake_clean_first' from command line to 'False'
[0.511s] Level 5:colcon.colcon_core.verb:set package 'turtlesim_catch_them_all' build argument 'cmake_force_configure' from command line to 'False'
[0.511s] Level 5:colcon.colcon_core.verb:set package 'turtlesim_catch_them_all' build argument 'meson_args' from command line to '[]'
[0.511s] Level 5:colcon.colcon_core.verb:set package 'turtlesim_catch_them_all' build argument 'ament_cmake_args' from command line to 'None'
[0.511s] Level 5:colcon.colcon_core.verb:set package 'turtlesim_catch_them_all' build argument 'catkin_cmake_args' from command line to 'None'
[0.511s] Level 5:colcon.colcon_core.verb:set package 'turtlesim_catch_them_all' build argument 'catkin_skip_building_tests' from command line to 'False'
[0.511s] DEBUG:colcon.colcon_core.verb:Building package 'turtlesim_catch_them_all' with the following arguments: {'ament_cmake_args': None, 'bazel_args': None, 'bazel_task': None, 'build_base': '/home/karol/ros2_ws/build/turtlesim_catch_them_all', 'catkin_cmake_args': None, 'catkin_skip_building_tests': False, 'cmake_args': None, 'cmake_clean_cache': False, 'cmake_clean_first': False, 'cmake_force_configure': False, 'cmake_target': None, 'cmake_target_skip_unavailable': False, 'install_base': '/home/karol/ros2_ws/install/turtlesim_catch_them_all', 'merge_install': False, 'meson_args': [], 'path': '/home/karol/ros2_ws/src/turtlesim_catch_them_all', 'symlink_install': False, 'test_result_base': None}
[0.525s] Level 5:colcon.colcon_core.verb:set package 'my_robot_bringup' build argument 'bazel_args' from command line to 'None'
[0.525s] Level 5:colcon.colcon_core.verb:set package 'my_robot_bringup' build argument 'bazel_task' from command line to 'None'
[0.526s] Level 5:colcon.colcon_core.verb:set package 'my_robot_bringup' build argument 'cmake_args' from command line to 'None'
[0.526s] Level 5:colcon.colcon_core.verb:set package 'my_robot_bringup' build argument 'cmake_target' from command line to 'None'
[0.526s] Level 5:colcon.colcon_core.verb:set package 'my_robot_bringup' build argument 'cmake_target_skip_unavailable' from command line to 'False'
[0.526s] Level 5:colcon.colcon_core.verb:set package 'my_robot_bringup' build argument 'cmake_clean_cache' from command line to 'False'
[0.526s] Level 5:colcon.colcon_core.verb:set package 'my_robot_bringup' build argument 'cmake_clean_first' from command line to 'False'
[0.526s] Level 5:colcon.colcon_core.verb:set package 'my_robot_bringup' build argument 'cmake_force_configure' from command line to 'False'
[0.526s] Level 5:colcon.colcon_core.verb:set package 'my_robot_bringup' build argument 'meson_args' from command line to '[]'
[0.526s] Level 5:colcon.colcon_core.verb:set package 'my_robot_bringup' build argument 'ament_cmake_args' from command line to 'None'
[0.526s] Level 5:colcon.colcon_core.verb:set package 'my_robot_bringup' build argument 'catkin_cmake_args' from command line to 'None'
[0.526s] Level 5:colcon.colcon_core.verb:set package 'my_robot_bringup' build argument 'catkin_skip_building_tests' from command line to 'False'
[0.526s] DEBUG:colcon.colcon_core.verb:Building package 'my_robot_bringup' with the following arguments: {'ament_cmake_args': None, 'bazel_args': None, 'bazel_task': None, 'build_base': '/home/karol/ros2_ws/build/my_robot_bringup', 'catkin_cmake_args': None, 'catkin_skip_building_tests': False, 'cmake_args': None, 'cmake_clean_cache': False, 'cmake_clean_first': False, 'cmake_force_configure': False, 'cmake_target': None, 'cmake_target_skip_unavailable': False, 'install_base': '/home/karol/ros2_ws/install/my_robot_bringup', 'merge_install': False, 'meson_args': [], 'path': '/home/karol/ros2_ws/src/my_robot_bringup', 'symlink_install': False, 'test_result_base': None}
[0.526s] INFO:colcon.colcon_core.executor:Executing jobs using 'parallel' executor
[0.527s] DEBUG:colcon.colcon_parallel_executor.executor.parallel:run_until_complete
[0.527s] INFO:colcon.colcon_ros.task.ament_cmake.build:Building ROS package in '/home/karol/ros2_ws/src/my_robot_interfaces' with build type 'ament_cmake'
[0.528s] INFO:colcon.colcon_cmake.task.cmake.build:Building CMake package in '/home/karol/ros2_ws/src/my_robot_interfaces'
[0.530s] INFO:colcon.colcon_core.plugin_system:Skipping extension 'colcon_core.shell.bat': Not used on non-Windows systems
[0.530s] DEBUG:colcon.colcon_ros_domain_id_coordinator.shell.ros_domain_id:Allocated ROS_DOMAIN_ID=221 for '/home/karol/ros2_ws/build/my_robot_interfaces'
[0.530s] INFO:colcon.colcon_core.shell:Skip shell extension 'ros_domain_id' for command environment: 
[0.530s] INFO:colcon.colcon_core.shell:Skip shell extension 'powershell' for command environment: Not usable outside of PowerShell
[0.530s] DEBUG:colcon.colcon_core.shell:Skip shell extension 'dsv' for command environment
[0.534s] INFO:colcon.colcon_ros.task.ament_cmake.build:Building ROS package in '/home/karol/ros2_ws/src/my_cpp_pkg' with build type 'ament_cmake'
[0.534s] INFO:colcon.colcon_cmake.task.cmake.build:Building CMake package in '/home/karol/ros2_ws/src/my_cpp_pkg'
[0.534s] DEBUG:colcon.colcon_ros_domain_id_coordinator.shell.ros_domain_id:Allocated ROS_DOMAIN_ID=91 for '/home/karol/ros2_ws/build/my_cpp_pkg'
[0.534s] INFO:colcon.colcon_core.shell:Skip shell extension 'ros_domain_id' for command environment: 
[0.534s] INFO:colcon.colcon_core.shell:Skip shell extension 'powershell' for command environment: Not usable outside of PowerShell
[0.535s] DEBUG:colcon.colcon_core.shell:Skip shell extension 'dsv' for command environment
[0.538s] INFO:colcon.colcon_ros.task.ament_cmake.build:Building ROS package in '/home/karol/ros2_ws/src/my_package' with build type 'ament_cmake'
[0.538s] INFO:colcon.colcon_cmake.task.cmake.build:Building CMake package in '/home/karol/ros2_ws/src/my_package'
[0.539s] DEBUG:colcon.colcon_ros_domain_id_coordinator.shell.ros_domain_id:Allocated ROS_DOMAIN_ID=5 for '/home/karol/ros2_ws/build/my_package'
[0.539s] INFO:colcon.colcon_core.shell:Skip shell extension 'ros_domain_id' for command environment: 
[0.539s] INFO:colcon.colcon_core.shell:Skip shell extension 'powershell' for command environment: Not usable outside of PowerShell
[0.539s] DEBUG:colcon.colcon_core.shell:Skip shell extension 'dsv' for command environment
[0.550s] DEBUG:colcon.colcon_core.event_handler.log_command:Invoking command in '/home/karol/ros2_ws/build/my_robot_interfaces': CMAKE_PREFIX_PATH=${CMAKE_PREFIX_PATH}:/home/karol/ros2_ws/install/turtlesim_catch_them_all:/home/karol/ros2_ws/install/my_py_package:/opt/ros/humble ROS_DOMAIN_ID=221 /usr/bin/cmake --build /home/karol/ros2_ws/build/my_robot_interfaces -- -j4 -l4
[0.552s] DEBUG:colcon.colcon_core.event_handler.log_command:Invoking command in '/home/karol/ros2_ws/build/my_cpp_pkg': CMAKE_PREFIX_PATH=${CMAKE_PREFIX_PATH}:/home/karol/ros2_ws/install/turtlesim_catch_them_all:/home/karol/ros2_ws/install/my_py_package:/opt/ros/humble ROS_DOMAIN_ID=91 /usr/bin/cmake --build /home/karol/ros2_ws/build/my_cpp_pkg -- -j4 -l4
[0.568s] DEBUG:colcon.colcon_core.event_handler.log_command:Invoking command in '/home/karol/ros2_ws/build/my_package': CMAKE_PREFIX_PATH=${CMAKE_PREFIX_PATH}:/home/karol/ros2_ws/install/turtlesim_catch_them_all:/home/karol/ros2_ws/install/my_py_package:/opt/ros/humble /usr/bin/cmake --build /home/karol/ros2_ws/build/my_package -- -j4 -l4
[0.702s] DEBUG:colcon.colcon_core.event_handler.log_command:Invoked command in '/home/karol/ros2_ws/build/my_cpp_pkg' returned '0': CMAKE_PREFIX_PATH=${CMAKE_PREFIX_PATH}:/home/karol/ros2_ws/install/turtlesim_catch_them_all:/home/karol/ros2_ws/install/my_py_package:/opt/ros/humble ROS_DOMAIN_ID=91 /usr/bin/cmake --build /home/karol/ros2_ws/build/my_cpp_pkg -- -j4 -l4
[0.708s] DEBUG:colcon.colcon_core.event_handler.log_command:Invoked command in '/home/karol/ros2_ws/build/my_package' returned '0': CMAKE_PREFIX_PATH=${CMAKE_PREFIX_PATH}:/home/karol/ros2_ws/install/turtlesim_catch_them_all:/home/karol/ros2_ws/install/my_py_package:/opt/ros/humble /usr/bin/cmake --build /home/karol/ros2_ws/build/my_package -- -j4 -l4
[0.783s] DEBUG:colcon.colcon_core.event_handler.log_command:Invoking command in '/home/karol/ros2_ws/build/my_package': CMAKE_PREFIX_PATH=${CMAKE_PREFIX_PATH}:/home/karol/ros2_ws/install/turtlesim_catch_them_all:/home/karol/ros2_ws/install/my_py_package:/opt/ros/humble /usr/bin/cmake --install /home/karol/ros2_ws/build/my_package
[0.786s] DEBUG:colcon.colcon_core.event_handler.log_command:Invoking command in '/home/karol/ros2_ws/build/my_cpp_pkg': CMAKE_PREFIX_PATH=${CMAKE_PREFIX_PATH}:/home/karol/ros2_ws/install/turtlesim_catch_them_all:/home/karol/ros2_ws/install/my_py_package:/opt/ros/humble ROS_DOMAIN_ID=91 /usr/bin/cmake --install /home/karol/ros2_ws/build/my_cpp_pkg
[0.799s] Level 1:colcon.colcon_core.environment:create_environment_scripts_only(my_package)
[0.803s] Level 1:colcon.colcon_core.environment:checking '/home/karol/ros2_ws/install/my_package' for CMake module files
[0.805s] DEBUG:colcon.colcon_core.event_handler.log_command:Invoked command in '/home/karol/ros2_ws/build/my_package' returned '0': CMAKE_PREFIX_PATH=${CMAKE_PREFIX_PATH}:/home/karol/ros2_ws/install/turtlesim_catch_them_all:/home/karol/ros2_ws/install/my_py_package:/opt/ros/humble /usr/bin/cmake --install /home/karol/ros2_ws/build/my_package
[0.807s] Level 1:colcon.colcon_core.environment:checking '/home/karol/ros2_ws/install/my_package' for CMake config files
[0.807s] Level 1:colcon.colcon_core.shell:create_environment_hook('my_package', 'cmake_prefix_path')
[0.808s] INFO:colcon.colcon_core.shell:Creating environment hook '/home/karol/ros2_ws/install/my_package/share/my_package/hook/cmake_prefix_path.ps1'
[0.809s] INFO:colcon.colcon_core.shell:Creating environment descriptor '/home/karol/ros2_ws/install/my_package/share/my_package/hook/cmake_prefix_path.dsv'
[0.810s] INFO:colcon.colcon_core.shell:Creating environment hook '/home/karol/ros2_ws/install/my_package/share/my_package/hook/cmake_prefix_path.sh'
[0.811s] Level 1:colcon.colcon_core.environment:checking '/home/karol/ros2_ws/install/my_package/lib'
[0.812s] Level 1:colcon.colcon_core.environment:checking '/home/karol/ros2_ws/install/my_package/bin'
[0.812s] Level 1:colcon.colcon_core.environment:checking '/home/karol/ros2_ws/install/my_package/lib/pkgconfig/my_package.pc'
[0.812s] Level 1:colcon.colcon_core.environment:checking '/home/karol/ros2_ws/install/my_package/lib/python3.10/site-packages'
[0.813s] Level 1:colcon.colcon_core.environment:checking '/home/karol/ros2_ws/install/my_package/bin'
[0.813s] INFO:colcon.colcon_core.shell:Creating package script '/home/karol/ros2_ws/install/my_package/share/my_package/package.ps1'
[0.815s] INFO:colcon.colcon_core.shell:Creating package descriptor '/home/karol/ros2_ws/install/my_package/share/my_package/package.dsv'
[0.816s] INFO:colcon.colcon_core.shell:Creating package script '/home/karol/ros2_ws/install/my_package/share/my_package/package.sh'
[0.817s] INFO:colcon.colcon_core.shell:Creating package script '/home/karol/ros2_ws/install/my_package/share/my_package/package.bash'
[0.818s] INFO:colcon.colcon_core.shell:Creating package script '/home/karol/ros2_ws/install/my_package/share/my_package/package.zsh'
[0.820s] Level 1:colcon.colcon_core.environment:create_file_with_runtime_dependencies(/home/karol/ros2_ws/install/my_package/share/colcon-core/packages/my_package)
[0.822s] Level 1:colcon.colcon_core.environment:create_environment_scripts_only(my_cpp_pkg)
[0.823s] Level 1:colcon.colcon_core.environment:checking '/home/karol/ros2_ws/install/my_cpp_pkg' for CMake module files
[0.824s] Level 1:colcon.colcon_core.environment:checking '/home/karol/ros2_ws/install/my_cpp_pkg' for CMake config files
[0.824s] Level 1:colcon.colcon_core.shell:create_environment_hook('my_cpp_pkg', 'cmake_prefix_path')
[0.825s] INFO:colcon.colcon_core.shell:Creating environment hook '/home/karol/ros2_ws/install/my_cpp_pkg/share/my_cpp_pkg/hook/cmake_prefix_path.ps1'
[0.825s] INFO:colcon.colcon_core.shell:Creating environment descriptor '/home/karol/ros2_ws/install/my_cpp_pkg/share/my_cpp_pkg/hook/cmake_prefix_path.dsv'
[0.826s] INFO:colcon.colcon_core.shell:Creating environment hook '/home/karol/ros2_ws/install/my_cpp_pkg/share/my_cpp_pkg/hook/cmake_prefix_path.sh'
[0.827s] Level 1:colcon.colcon_core.environment:checking '/home/karol/ros2_ws/install/my_cpp_pkg/lib'
[0.827s] Level 1:colcon.colcon_core.environment:checking '/home/karol/ros2_ws/install/my_cpp_pkg/bin'
[0.827s] Level 1:colcon.colcon_core.environment:checking '/home/karol/ros2_ws/install/my_cpp_pkg/lib/pkgconfig/my_cpp_pkg.pc'
[0.828s] Level 1:colcon.colcon_core.environment:checking '/home/karol/ros2_ws/install/my_cpp_pkg/lib/python3.10/site-packages'
[0.828s] Level 1:colcon.colcon_core.environment:checking '/home/karol/ros2_ws/install/my_cpp_pkg/bin'
[0.829s] INFO:colcon.colcon_core.shell:Creating package script '/home/karol/ros2_ws/install/my_cpp_pkg/share/my_cpp_pkg/package.ps1'
[0.830s] INFO:colcon.colcon_core.shell:Creating package descriptor '/home/karol/ros2_ws/install/my_cpp_pkg/share/my_cpp_pkg/package.dsv'
[0.830s] INFO:colcon.colcon_core.shell:Creating package script '/home/karol/ros2_ws/install/my_cpp_pkg/share/my_cpp_pkg/package.sh'
[0.831s] INFO:colcon.colcon_core.shell:Creating package script '/home/karol/ros2_ws/install/my_cpp_pkg/share/my_cpp_pkg/package.bash'
[0.832s] DEBUG:colcon.colcon_core.event_handler.log_command:Invoked command in '/home/karol/ros2_ws/build/my_cpp_pkg' returned '0': CMAKE_PREFIX_PATH=${CMAKE_PREFIX_PATH}:/home/karol/ros2_ws/install/turtlesim_catch_them_all:/home/karol/ros2_ws/install/my_py_package:/opt/ros/humble ROS_DOMAIN_ID=91 /usr/bin/cmake --install /home/karol/ros2_ws/build/my_cpp_pkg
[0.833s] INFO:colcon.colcon_core.shell:Creating package script '/home/karol/ros2_ws/install/my_cpp_pkg/share/my_cpp_pkg/package.zsh'
[0.834s] Level 1:colcon.colcon_core.environment:create_file_with_runtime_dependencies(/home/karol/ros2_ws/install/my_cpp_pkg/share/colcon-core/packages/my_cpp_pkg)
[0.892s] Level 1:colcon.colcon_core.environment:create_environment_scripts_only(my_package)
[0.892s] Level 1:colcon.colcon_core.environment:checking '/home/karol/ros2_ws/install/my_package' for CMake module files
[0.893s] Level 1:colcon.colcon_core.environment:checking '/home/karol/ros2_ws/install/my_package' for CMake config files
[0.893s] Level 1:colcon.colcon_core.shell:create_environment_hook('my_package', 'cmake_prefix_path')
[0.894s] INFO:colcon.colcon_core.shell:Creating environment hook '/home/karol/ros2_ws/install/my_package/share/my_package/hook/cmake_prefix_path.ps1'
[0.895s] INFO:colcon.colcon_core.shell:Creating environment descriptor '/home/karol/ros2_ws/install/my_package/share/my_package/hook/cmake_prefix_path.dsv'
[0.895s] INFO:colcon.colcon_core.shell:Creating environment hook '/home/karol/ros2_ws/install/my_package/share/my_package/hook/cmake_prefix_path.sh'
[0.896s] Level 1:colcon.colcon_core.environment:checking '/home/karol/ros2_ws/install/my_package/lib'
[0.896s] Level 1:colcon.colcon_core.environment:checking '/home/karol/ros2_ws/install/my_package/bin'
[0.896s] Level 1:colcon.colcon_core.environment:checking '/home/karol/ros2_ws/install/my_package/lib/pkgconfig/my_package.pc'
[0.897s] Level 1:colcon.colcon_core.environment:checking '/home/karol/ros2_ws/install/my_package/lib/python3.10/site-packages'
[0.897s] Level 1:colcon.colcon_core.environment:checking '/home/karol/ros2_ws/install/my_package/bin'
[0.897s] INFO:colcon.colcon_core.shell:Creating package script '/home/karol/ros2_ws/install/my_package/share/my_package/package.ps1'
[0.898s] INFO:colcon.colcon_core.shell:Creating package descriptor '/home/karol/ros2_ws/install/my_package/share/my_package/package.dsv'
[0.899s] INFO:colcon.colcon_core.shell:Creating package script '/home/karol/ros2_ws/install/my_package/share/my_package/package.sh'
[0.900s] INFO:colcon.colcon_core.shell:Creating package script '/home/karol/ros2_ws/install/my_package/share/my_package/package.bash'
[0.901s] INFO:colcon.colcon_core.shell:Creating package script '/home/karol/ros2_ws/install/my_package/share/my_package/package.zsh'
[0.902s] Level 1:colcon.colcon_core.environment:create_file_with_runtime_dependencies(/home/karol/ros2_ws/install/my_package/share/colcon-core/packages/my_package)
[0.902s] DEBUG:colcon.colcon_ros_domain_id_coordinator.shell.ros_domain_id:Released ROS_DOMAIN_ID=5 for '/home/karol/ros2_ws/build/my_package'
[0.913s] Level 1:colcon.colcon_core.environment:create_environment_scripts_only(my_cpp_pkg)
[0.913s] Level 1:colcon.colcon_core.environment:checking '/home/karol/ros2_ws/install/my_cpp_pkg' for CMake module files
[0.914s] Level 1:colcon.colcon_core.environment:checking '/home/karol/ros2_ws/install/my_cpp_pkg' for CMake config files
[0.914s] Level 1:colcon.colcon_core.shell:create_environment_hook('my_cpp_pkg', 'cmake_prefix_path')
[0.914s] INFO:colcon.colcon_core.shell:Creating environment hook '/home/karol/ros2_ws/install/my_cpp_pkg/share/my_cpp_pkg/hook/cmake_prefix_path.ps1'
[0.915s] INFO:colcon.colcon_core.shell:Creating environment descriptor '/home/karol/ros2_ws/install/my_cpp_pkg/share/my_cpp_pkg/hook/cmake_prefix_path.dsv'
[0.915s] INFO:colcon.colcon_core.shell:Creating environment hook '/home/karol/ros2_ws/install/my_cpp_pkg/share/my_cpp_pkg/hook/cmake_prefix_path.sh'
[0.917s] Level 1:colcon.colcon_core.environment:checking '/home/karol/ros2_ws/install/my_cpp_pkg/lib'
[0.917s] Level 1:colcon.colcon_core.environment:checking '/home/karol/ros2_ws/install/my_cpp_pkg/bin'
[0.917s] Level 1:colcon.colcon_core.environment:checking '/home/karol/ros2_ws/install/my_cpp_pkg/lib/pkgconfig/my_cpp_pkg.pc'
[0.917s] Level 1:colcon.colcon_core.environment:checking '/home/karol/ros2_ws/install/my_cpp_pkg/lib/python3.10/site-packages'
[0.917s] Level 1:colcon.colcon_core.environment:checking '/home/karol/ros2_ws/install/my_cpp_pkg/bin'
[0.918s] INFO:colcon.colcon_core.shell:Creating package script '/home/karol/ros2_ws/install/my_cpp_pkg/share/my_cpp_pkg/package.ps1'
[0.918s] INFO:colcon.colcon_core.shell:Creating package descriptor '/home/karol/ros2_ws/install/my_cpp_pkg/share/my_cpp_pkg/package.dsv'
[0.919s] INFO:colcon.colcon_core.shell:Creating package script '/home/karol/ros2_ws/install/my_cpp_pkg/share/my_cpp_pkg/package.sh'
[0.920s] INFO:colcon.colcon_core.shell:Creating package script '/home/karol/ros2_ws/install/my_cpp_pkg/share/my_cpp_pkg/package.bash'
[0.920s] INFO:colcon.colcon_core.shell:Creating package script '/home/karol/ros2_ws/install/my_cpp_pkg/share/my_cpp_pkg/package.zsh'
[0.920s] Level 1:colcon.colcon_core.environment:create_file_with_runtime_dependencies(/home/karol/ros2_ws/install/my_cpp_pkg/share/colcon-core/packages/my_cpp_pkg)
[0.921s] DEBUG:colcon.colcon_ros_domain_id_coordinator.shell.ros_domain_id:Released ROS_DOMAIN_ID=91 for '/home/karol/ros2_ws/build/my_cpp_pkg'
[1.186s] DEBUG:colcon.colcon_core.event_handler.log_command:Invoked command in '/home/karol/ros2_ws/build/my_robot_interfaces' returned '0': CMAKE_PREFIX_PATH=${CMAKE_PREFIX_PATH}:/home/karol/ros2_ws/install/turtlesim_catch_them_all:/home/karol/ros2_ws/install/my_py_package:/opt/ros/humble ROS_DOMAIN_ID=221 /usr/bin/cmake --build /home/karol/ros2_ws/build/my_robot_interfaces -- -j4 -l4
[1.304s] DEBUG:colcon.colcon_core.event_handler.log_command:Invoking command in '/home/karol/ros2_ws/build/my_robot_interfaces': CMAKE_PREFIX_PATH=${CMAKE_PREFIX_PATH}:/home/karol/ros2_ws/install/turtlesim_catch_them_all:/home/karol/ros2_ws/install/my_py_package:/opt/ros/humble ROS_DOMAIN_ID=221 /usr/bin/cmake --install /home/karol/ros2_ws/build/my_robot_interfaces
[1.383s] Level 1:colcon.colcon_core.environment:create_environment_scripts_only(my_robot_interfaces)
[1.383s] Level 1:colcon.colcon_core.environment:checking '/home/karol/ros2_ws/install/my_robot_interfaces' for CMake module files
[1.384s] DEBUG:colcon.colcon_core.event_handler.log_command:Invoked command in '/home/karol/ros2_ws/build/my_robot_interfaces' returned '0': CMAKE_PREFIX_PATH=${CMAKE_PREFIX_PATH}:/home/karol/ros2_ws/install/turtlesim_catch_them_all:/home/karol/ros2_ws/install/my_py_package:/opt/ros/humble ROS_DOMAIN_ID=221 /usr/bin/cmake --install /home/karol/ros2_ws/build/my_robot_interfaces
[1.384s] Level 1:colcon.colcon_core.environment:checking '/home/karol/ros2_ws/install/my_robot_interfaces' for CMake config files
[1.385s] Level 1:colcon.colcon_core.shell:create_environment_hook('my_robot_interfaces', 'cmake_prefix_path')
[1.385s] INFO:colcon.colcon_core.shell:Creating environment hook '/home/karol/ros2_ws/install/my_robot_interfaces/share/my_robot_interfaces/hook/cmake_prefix_path.ps1'
[1.385s] INFO:colcon.colcon_core.shell:Creating environment descriptor '/home/karol/ros2_ws/install/my_robot_interfaces/share/my_robot_interfaces/hook/cmake_prefix_path.dsv'
[1.385s] INFO:colcon.colcon_core.shell:Creating environment hook '/home/karol/ros2_ws/install/my_robot_interfaces/share/my_robot_interfaces/hook/cmake_prefix_path.sh'
[1.386s] Level 1:colcon.colcon_core.environment:checking '/home/karol/ros2_ws/install/my_robot_interfaces/lib'
[1.386s] Level 1:colcon.colcon_core.shell:create_environment_hook('my_robot_interfaces', 'ld_library_path_lib')
[1.386s] INFO:colcon.colcon_core.shell:Creating environment hook '/home/karol/ros2_ws/install/my_robot_interfaces/share/my_robot_interfaces/hook/ld_library_path_lib.ps1'
[1.387s] INFO:colcon.colcon_core.shell:Creating environment descriptor '/home/karol/ros2_ws/install/my_robot_interfaces/share/my_robot_interfaces/hook/ld_library_path_lib.dsv'
[1.387s] INFO:colcon.colcon_core.shell:Creating environment hook '/home/karol/ros2_ws/install/my_robot_interfaces/share/my_robot_interfaces/hook/ld_library_path_lib.sh'
[1.387s] Level 1:colcon.colcon_core.environment:checking '/home/karol/ros2_ws/install/my_robot_interfaces/bin'
[1.387s] Level 1:colcon.colcon_core.environment:checking '/home/karol/ros2_ws/install/my_robot_interfaces/lib/pkgconfig/my_robot_interfaces.pc'
[1.387s] Level 1:colcon.colcon_core.environment:checking '/home/karol/ros2_ws/install/my_robot_interfaces/lib/python3.10/site-packages'
[1.388s] Level 1:colcon.colcon_core.environment:checking '/home/karol/ros2_ws/install/my_robot_interfaces/bin'
[1.388s] INFO:colcon.colcon_core.shell:Creating package script '/home/karol/ros2_ws/install/my_robot_interfaces/share/my_robot_interfaces/package.ps1'
[1.388s] INFO:colcon.colcon_core.shell:Creating package descriptor '/home/karol/ros2_ws/install/my_robot_interfaces/share/my_robot_interfaces/package.dsv'
[1.389s] INFO:colcon.colcon_core.shell:Creating package script '/home/karol/ros2_ws/install/my_robot_interfaces/share/my_robot_interfaces/package.sh'
[1.389s] INFO:colcon.colcon_core.shell:Creating package script '/home/karol/ros2_ws/install/my_robot_interfaces/share/my_robot_interfaces/package.bash'
[1.390s] INFO:colcon.colcon_core.shell:Creating package script '/home/karol/ros2_ws/install/my_robot_interfaces/share/my_robot_interfaces/package.zsh'
[1.390s] Level 1:colcon.colcon_core.environment:create_file_with_runtime_dependencies(/home/karol/ros2_ws/install/my_robot_interfaces/share/colcon-core/packages/my_robot_interfaces)
[1.540s] Level 1:colcon.colcon_core.environment:create_environment_scripts_only(my_robot_interfaces)
[1.540s] Level 1:colcon.colcon_core.environment:checking '/home/karol/ros2_ws/install/my_robot_interfaces' for CMake module files
[1.541s] Level 1:colcon.colcon_core.environment:checking '/home/karol/ros2_ws/install/my_robot_interfaces' for CMake config files
[1.542s] Level 1:colcon.colcon_core.shell:create_environment_hook('my_robot_interfaces', 'cmake_prefix_path')
[1.542s] INFO:colcon.colcon_core.shell:Creating environment hook '/home/karol/ros2_ws/install/my_robot_interfaces/share/my_robot_interfaces/hook/cmake_prefix_path.ps1'
[1.543s] INFO:colcon.colcon_core.shell:Creating environment descriptor '/home/karol/ros2_ws/install/my_robot_interfaces/share/my_robot_interfaces/hook/cmake_prefix_path.dsv'
[1.543s] INFO:colcon.colcon_core.shell:Creating environment hook '/home/karol/ros2_ws/install/my_robot_interfaces/share/my_robot_interfaces/hook/cmake_prefix_path.sh'
[1.544s] Level 1:colcon.colcon_core.environment:checking '/home/karol/ros2_ws/install/my_robot_interfaces/lib'
[1.544s] Level 1:colcon.colcon_core.shell:create_environment_hook('my_robot_interfaces', 'ld_library_path_lib')
[1.545s] INFO:colcon.colcon_core.shell:Creating environment hook '/home/karol/ros2_ws/install/my_robot_interfaces/share/my_robot_interfaces/hook/ld_library_path_lib.ps1'
[1.546s] INFO:colcon.colcon_core.shell:Creating environment descriptor '/home/karol/ros2_ws/install/my_robot_interfaces/share/my_robot_interfaces/hook/ld_library_path_lib.dsv'
[1.546s] INFO:colcon.colcon_core.shell:Creating environment hook '/home/karol/ros2_ws/install/my_robot_interfaces/share/my_robot_interfaces/hook/ld_library_path_lib.sh'
[1.546s] Level 1:colcon.colcon_core.environment:checking '/home/karol/ros2_ws/install/my_robot_interfaces/bin'
[1.547s] Level 1:colcon.colcon_core.environment:checking '/home/karol/ros2_ws/install/my_robot_interfaces/lib/pkgconfig/my_robot_interfaces.pc'
[1.547s] Level 1:colcon.colcon_core.environment:checking '/home/karol/ros2_ws/install/my_robot_interfaces/lib/python3.10/site-packages'
[1.547s] Level 1:colcon.colcon_core.environment:checking '/home/karol/ros2_ws/install/my_robot_interfaces/bin'
[1.548s] INFO:colcon.colcon_core.shell:Creating package script '/home/karol/ros2_ws/install/my_robot_interfaces/share/my_robot_interfaces/package.ps1'
[1.549s] INFO:colcon.colcon_core.shell:Creating package descriptor '/home/karol/ros2_ws/install/my_robot_interfaces/share/my_robot_interfaces/package.dsv'
[1.550s] INFO:colcon.colcon_core.shell:Creating package script '/home/karol/ros2_ws/install/my_robot_interfaces/share/my_robot_interfaces/package.sh'
[1.550s] INFO:colcon.colcon_core.shell:Creating package script '/home/karol/ros2_ws/install/my_robot_interfaces/share/my_robot_interfaces/package.bash'
[1.551s] INFO:colcon.colcon_core.shell:Creating package script '/home/karol/ros2_ws/install/my_robot_interfaces/share/my_robot_interfaces/package.zsh'
[1.552s] Level 1:colcon.colcon_core.environment:create_file_with_runtime_dependencies(/home/karol/ros2_ws/install/my_robot_interfaces/share/colcon-core/packages/my_robot_interfaces)
[1.553s] INFO:colcon.colcon_ros.task.ament_python.build:Building ROS package in '/home/karol/ros2_ws/src/turtlesim_catch_them_all' with build type 'ament_python'
[1.553s] Level 1:colcon.colcon_core.shell:create_environment_hook('turtlesim_catch_them_all', 'ament_prefix_path')
[1.553s] DEBUG:colcon.colcon_ros_domain_id_coordinator.shell.ros_domain_id:Released ROS_DOMAIN_ID=221 for '/home/karol/ros2_ws/build/my_robot_interfaces'
[1.554s] INFO:colcon.colcon_core.shell:Creating environment hook '/home/karol/ros2_ws/install/turtlesim_catch_them_all/share/turtlesim_catch_them_all/hook/ament_prefix_path.ps1'
[1.555s] INFO:colcon.colcon_core.shell:Creating environment descriptor '/home/karol/ros2_ws/install/turtlesim_catch_them_all/share/turtlesim_catch_them_all/hook/ament_prefix_path.dsv'
[1.556s] INFO:colcon.colcon_core.shell:Creating environment hook '/home/karol/ros2_ws/install/turtlesim_catch_them_all/share/turtlesim_catch_them_all/hook/ament_prefix_path.sh'
[1.557s] DEBUG:colcon.colcon_ros_domain_id_coordinator.shell.ros_domain_id:Allocated ROS_DOMAIN_ID=46 for '/home/karol/ros2_ws/build/turtlesim_catch_them_all'
[1.557s] INFO:colcon.colcon_core.shell:Skip shell extension 'ros_domain_id' for command environment: 
[1.557s] INFO:colcon.colcon_core.shell:Skip shell extension 'powershell' for command environment: Not usable outside of PowerShell
[1.557s] DEBUG:colcon.colcon_core.shell:Skip shell extension 'dsv' for command environment
[1.562s] INFO:colcon.colcon_ros.task.ament_python.build:Building ROS package in '/home/karol/ros2_ws/src/my_py_package' with build type 'ament_python'
[1.562s] Level 1:colcon.colcon_core.shell:create_environment_hook('my_py_package', 'ament_prefix_path')
[1.563s] INFO:colcon.colcon_core.shell:Creating environment hook '/home/karol/ros2_ws/install/my_py_package/share/my_py_package/hook/ament_prefix_path.ps1'
[1.565s] INFO:colcon.colcon_core.shell:Creating environment descriptor '/home/karol/ros2_ws/install/my_py_package/share/my_py_package/hook/ament_prefix_path.dsv'
[1.565s] INFO:colcon.colcon_core.shell:Creating environment hook '/home/karol/ros2_ws/install/my_py_package/share/my_py_package/hook/ament_prefix_path.sh'
[1.567s] DEBUG:colcon.colcon_ros_domain_id_coordinator.shell.ros_domain_id:Allocated ROS_DOMAIN_ID=90 for '/home/karol/ros2_ws/build/my_py_package'
[1.567s] INFO:colcon.colcon_core.shell:Skip shell extension 'ros_domain_id' for command environment: 
[1.567s] INFO:colcon.colcon_core.shell:Skip shell extension 'powershell' for command environment: Not usable outside of PowerShell
[1.567s] DEBUG:colcon.colcon_core.shell:Skip shell extension 'dsv' for command environment
[1.820s] INFO:colcon.colcon_core.task.python.build:Building Python package in '/home/karol/ros2_ws/src/turtlesim_catch_them_all'
[1.821s] DEBUG:colcon.colcon_ros_domain_id_coordinator.shell.ros_domain_id:Allocated ROS_DOMAIN_ID=46 for '/home/karol/ros2_ws/build/turtlesim_catch_them_all'
[1.821s] INFO:colcon.colcon_core.shell:Skip shell extension 'ros_domain_id' for command environment: 
[1.821s] INFO:colcon.colcon_core.shell:Skip shell extension 'powershell' for command environment: Not usable outside of PowerShell
[1.821s] DEBUG:colcon.colcon_core.shell:Skip shell extension 'dsv' for command environment
[2.078s] INFO:colcon.colcon_core.task.python.build:Building Python package in '/home/karol/ros2_ws/src/my_py_package'
[2.079s] DEBUG:colcon.colcon_ros_domain_id_coordinator.shell.ros_domain_id:Allocated ROS_DOMAIN_ID=90 for '/home/karol/ros2_ws/build/my_py_package'
[2.079s] INFO:colcon.colcon_core.shell:Skip shell extension 'ros_domain_id' for command environment: 
[2.079s] INFO:colcon.colcon_core.shell:Skip shell extension 'powershell' for command environment: Not usable outside of PowerShell
[2.079s] DEBUG:colcon.colcon_core.shell:Skip shell extension 'dsv' for command environment
[3.045s] DEBUG:colcon.colcon_core.event_handler.log_command:Invoking command in '/home/karol/ros2_ws/src/my_py_package': PYTHONPATH=/home/karol/ros2_ws/build/my_py_package/prefix_override:/home/karol/ros2_ws/install/my_py_package/lib/python3.10/site-packages:${PYTHONPATH} /usr/bin/python3 -W ignore:setup.py install is deprecated setup.py egg_info --egg-base ../../build/my_py_package build --build-base /home/karol/ros2_ws/build/my_py_package/build install --record /home/karol/ros2_ws/build/my_py_package/install.log --single-version-externally-managed install_data
[3.047s] DEBUG:colcon.colcon_core.event_handler.log_command:Invoking command in '/home/karol/ros2_ws/src/turtlesim_catch_them_all': PYTHONPATH=/home/karol/ros2_ws/build/turtlesim_catch_them_all/prefix_override:/home/karol/ros2_ws/install/turtlesim_catch_them_all/lib/python3.10/site-packages:${PYTHONPATH} ROS_DOMAIN_ID=46 /usr/bin/python3 -W ignore:setup.py install is deprecated setup.py egg_info --egg-base ../../build/turtlesim_catch_them_all build --build-base /home/karol/ros2_ws/build/turtlesim_catch_them_all/build install --record /home/karol/ros2_ws/build/turtlesim_catch_them_all/install.log --single-version-externally-managed install_data
[3.722s] Level 1:colcon.colcon_core.environment:checking '/home/karol/ros2_ws/install/turtlesim_catch_them_all' for CMake module files
[3.722s] DEBUG:colcon.colcon_core.event_handler.log_command:Invoked command in '/home/karol/ros2_ws/src/turtlesim_catch_them_all' returned '0': PYTHONPATH=/home/karol/ros2_ws/build/turtlesim_catch_them_all/prefix_override:/home/karol/ros2_ws/install/turtlesim_catch_them_all/lib/python3.10/site-packages:${PYTHONPATH} ROS_DOMAIN_ID=46 /usr/bin/python3 -W ignore:setup.py install is deprecated setup.py egg_info --egg-base ../../build/turtlesim_catch_them_all build --build-base /home/karol/ros2_ws/build/turtlesim_catch_them_all/build install --record /home/karol/ros2_ws/build/turtlesim_catch_them_all/install.log --single-version-externally-managed install_data
[3.723s] Level 1:colcon.colcon_core.environment:checking '/home/karol/ros2_ws/install/turtlesim_catch_them_all' for CMake config files
[3.723s] Level 1:colcon.colcon_core.environment:checking '/home/karol/ros2_ws/install/turtlesim_catch_them_all/lib'
[3.724s] Level 1:colcon.colcon_core.environment:checking '/home/karol/ros2_ws/install/turtlesim_catch_them_all/bin'
[3.724s] Level 1:colcon.colcon_core.environment:checking '/home/karol/ros2_ws/install/turtlesim_catch_them_all/lib/pkgconfig/turtlesim_catch_them_all.pc'
[3.724s] Level 1:colcon.colcon_core.environment:checking '/home/karol/ros2_ws/install/turtlesim_catch_them_all/lib/python3.10/site-packages'
[3.724s] Level 1:colcon.colcon_core.shell:create_environment_hook('turtlesim_catch_them_all', 'pythonpath')
[3.724s] INFO:colcon.colcon_core.shell:Creating environment hook '/home/karol/ros2_ws/install/turtlesim_catch_them_all/share/turtlesim_catch_them_all/hook/pythonpath.ps1'
[3.725s] INFO:colcon.colcon_core.shell:Creating environment descriptor '/home/karol/ros2_ws/install/turtlesim_catch_them_all/share/turtlesim_catch_them_all/hook/pythonpath.dsv'
[3.725s] INFO:colcon.colcon_core.shell:Creating environment hook '/home/karol/ros2_ws/install/turtlesim_catch_them_all/share/turtlesim_catch_them_all/hook/pythonpath.sh'
[3.726s] Level 1:colcon.colcon_core.environment:checking '/home/karol/ros2_ws/install/turtlesim_catch_them_all/bin'
[3.726s] Level 1:colcon.colcon_core.environment:create_environment_scripts_only(turtlesim_catch_them_all)
[3.726s] INFO:colcon.colcon_core.shell:Creating package script '/home/karol/ros2_ws/install/turtlesim_catch_them_all/share/turtlesim_catch_them_all/package.ps1'
[3.727s] INFO:colcon.colcon_core.shell:Creating package descriptor '/home/karol/ros2_ws/install/turtlesim_catch_them_all/share/turtlesim_catch_them_all/package.dsv'
[3.727s] INFO:colcon.colcon_core.shell:Creating package script '/home/karol/ros2_ws/install/turtlesim_catch_them_all/share/turtlesim_catch_them_all/package.sh'
[3.727s] INFO:colcon.colcon_core.shell:Creating package script '/home/karol/ros2_ws/install/turtlesim_catch_them_all/share/turtlesim_catch_them_all/package.bash'
[3.728s] INFO:colcon.colcon_core.shell:Creating package script '/home/karol/ros2_ws/install/turtlesim_catch_them_all/share/turtlesim_catch_them_all/package.zsh'
[3.728s] Level 1:colcon.colcon_core.environment:create_file_with_runtime_dependencies(/home/karol/ros2_ws/install/turtlesim_catch_them_all/share/colcon-core/packages/turtlesim_catch_them_all)
[3.728s] DEBUG:colcon.colcon_ros_domain_id_coordinator.shell.ros_domain_id:Released ROS_DOMAIN_ID=46 for '/home/karol/ros2_ws/build/turtlesim_catch_them_all'
[3.729s] INFO:colcon.colcon_ros.task.ament_cmake.build:Building ROS package in '/home/karol/ros2_ws/src/my_robot_bringup' with build type 'ament_cmake'
[3.729s] INFO:colcon.colcon_cmake.task.cmake.build:Building CMake package in '/home/karol/ros2_ws/src/my_robot_bringup'
[3.729s] DEBUG:colcon.colcon_ros_domain_id_coordinator.shell.ros_domain_id:Allocated ROS_DOMAIN_ID=79 for '/home/karol/ros2_ws/build/my_robot_bringup'
[3.729s] INFO:colcon.colcon_core.shell:Skip shell extension 'ros_domain_id' for command environment: 
[3.729s] INFO:colcon.colcon_core.shell:Skip shell extension 'powershell' for command environment: Not usable outside of PowerShell
[3.729s] DEBUG:colcon.colcon_core.shell:Skip shell extension 'dsv' for command environment
[3.733s] Level 1:colcon.colcon_core.environment:checking '/home/karol/ros2_ws/install/my_py_package' for CMake module files
[3.734s] DEBUG:colcon.colcon_core.event_handler.log_command:Invoked command in '/home/karol/ros2_ws/src/my_py_package' returned '0': PYTHONPATH=/home/karol/ros2_ws/build/my_py_package/prefix_override:/home/karol/ros2_ws/install/my_py_package/lib/python3.10/site-packages:${PYTHONPATH} ROS_DOMAIN_ID=90 /usr/bin/python3 -W ignore:setup.py install is deprecated setup.py egg_info --egg-base ../../build/my_py_package build --build-base /home/karol/ros2_ws/build/my_py_package/build install --record /home/karol/ros2_ws/build/my_py_package/install.log --single-version-externally-managed install_data
[3.734s] Level 1:colcon.colcon_core.environment:checking '/home/karol/ros2_ws/install/my_py_package' for CMake config files
[3.735s] Level 1:colcon.colcon_core.environment:checking '/home/karol/ros2_ws/install/my_py_package/lib'
[3.735s] Level 1:colcon.colcon_core.environment:checking '/home/karol/ros2_ws/install/my_py_package/bin'
[3.735s] Level 1:colcon.colcon_core.environment:checking '/home/karol/ros2_ws/install/my_py_package/lib/pkgconfig/my_py_package.pc'
[3.735s] Level 1:colcon.colcon_core.environment:checking '/home/karol/ros2_ws/install/my_py_package/lib/python3.10/site-packages'
[3.736s] Level 1:colcon.colcon_core.shell:create_environment_hook('my_py_package', 'pythonpath')
[3.736s] INFO:colcon.colcon_core.shell:Creating environment hook '/home/karol/ros2_ws/install/my_py_package/share/my_py_package/hook/pythonpath.ps1'
[3.736s] INFO:colcon.colcon_core.shell:Creating environment descriptor '/home/karol/ros2_ws/install/my_py_package/share/my_py_package/hook/pythonpath.dsv'
[3.737s] INFO:colcon.colcon_core.shell:Creating environment hook '/home/karol/ros2_ws/install/my_py_package/share/my_py_package/hook/pythonpath.sh'
[3.737s] Level 1:colcon.colcon_core.environment:checking '/home/karol/ros2_ws/install/my_py_package/bin'
[3.737s] Level 1:colcon.colcon_core.environment:create_environment_scripts_only(my_py_package)
[3.738s] INFO:colcon.colcon_core.shell:Creating package script '/home/karol/ros2_ws/install/my_py_package/share/my_py_package/package.ps1'
[3.738s] INFO:colcon.colcon_core.shell:Creating package descriptor '/home/karol/ros2_ws/install/my_py_package/share/my_py_package/package.dsv'
[3.739s] INFO:colcon.colcon_core.shell:Creating package script '/home/karol/ros2_ws/install/my_py_package/share/my_py_package/package.sh'
[3.739s] INFO:colcon.colcon_core.shell:Creating package script '/home/karol/ros2_ws/install/my_py_package/share/my_py_package/package.bash'
[3.739s] INFO:colcon.colcon_core.shell:Creating package script '/home/karol/ros2_ws/install/my_py_package/share/my_py_package/package.zsh'
[3.740s] Level 1:colcon.colcon_core.environment:create_file_with_runtime_dependencies(/home/karol/ros2_ws/install/my_py_package/share/colcon-core/packages/my_py_package)
[3.740s] DEBUG:colcon.colcon_ros_domain_id_coordinator.shell.ros_domain_id:Released ROS_DOMAIN_ID=90 for '/home/karol/ros2_ws/build/my_py_package'
[3.744s] DEBUG:colcon.colcon_core.event_handler.log_command:Invoking command in '/home/karol/ros2_ws/build/my_robot_bringup': CMAKE_PREFIX_PATH=/home/karol/ros2_ws/install/my_robot_interfaces:/home/karol/ros2_ws/install/my_cpp_pkg:/home/karol/ros2_ws/install/my_robot_bringup:/home/karol/ros2_ws/install/my_package:/home/karol/ros2_ws/install/turtlesim_catch_them_all:/home/karol/ros2_ws/install/my_py_package:/opt/ros/humble /usr/bin/cmake --build /home/karol/ros2_ws/build/my_robot_bringup -- -j4 -l4
[3.786s] DEBUG:colcon.colcon_core.event_handler.log_command:Invoked command in '/home/karol/ros2_ws/build/my_robot_bringup' returned '0': CMAKE_PREFIX_PATH=/home/karol/ros2_ws/install/my_robot_interfaces:/home/karol/ros2_ws/install/my_cpp_pkg:/home/karol/ros2_ws/install/my_robot_bringup:/home/karol/ros2_ws/install/my_package:/home/karol/ros2_ws/install/turtlesim_catch_them_all:/home/karol/ros2_ws/install/my_py_package:/opt/ros/humble /usr/bin/cmake --build /home/karol/ros2_ws/build/my_robot_bringup -- -j4 -l4
[3.825s] DEBUG:colcon.colcon_core.event_handler.log_command:Invoking command in '/home/karol/ros2_ws/build/my_robot_bringup': CMAKE_PREFIX_PATH=/home/karol/ros2_ws/install/my_robot_interfaces:/home/karol/ros2_ws/install/my_cpp_pkg:/home/karol/ros2_ws/install/my_robot_bringup:/home/karol/ros2_ws/install/my_package:/home/karol/ros2_ws/install/turtlesim_catch_them_all:/home/karol/ros2_ws/install/my_py_package:/opt/ros/humble /usr/bin/cmake --install /home/karol/ros2_ws/build/my_robot_bringup
[3.843s] Level 1:colcon.colcon_core.environment:create_environment_scripts_only(my_robot_bringup)
[3.843s] Level 1:colcon.colcon_core.environment:checking '/home/karol/ros2_ws/install/my_robot_bringup' for CMake module files
[3.845s] Level 1:colcon.colcon_core.environment:checking '/home/karol/ros2_ws/install/my_robot_bringup' for CMake config files
[3.846s] DEBUG:colcon.colcon_core.event_handler.log_command:Invoked command in '/home/karol/ros2_ws/build/my_robot_bringup' returned '0': CMAKE_PREFIX_PATH=/home/karol/ros2_ws/install/my_robot_interfaces:/home/karol/ros2_ws/install/my_cpp_pkg:/home/karol/ros2_ws/install/my_robot_bringup:/home/karol/ros2_ws/install/my_package:/home/karol/ros2_ws/install/turtlesim_catch_them_all:/home/karol/ros2_ws/install/my_py_package:/opt/ros/humble /usr/bin/cmake --install /home/karol/ros2_ws/build/my_robot_bringup
[3.846s] Level 1:colcon.colcon_core.shell:create_environment_hook('my_robot_bringup', 'cmake_prefix_path')
[3.847s] INFO:colcon.colcon_core.shell:Creating environment hook '/home/karol/ros2_ws/install/my_robot_bringup/share/my_robot_bringup/hook/cmake_prefix_path.ps1'
[3.848s] INFO:colcon.colcon_core.shell:Creating environment descriptor '/home/karol/ros2_ws/install/my_robot_bringup/share/my_robot_bringup/hook/cmake_prefix_path.dsv'
[3.848s] INFO:colcon.colcon_core.shell:Creating environment hook '/home/karol/ros2_ws/install/my_robot_bringup/share/my_robot_bringup/hook/cmake_prefix_path.sh'
[3.849s] Level 1:colcon.colcon_core.environment:checking '/home/karol/ros2_ws/install/my_robot_bringup/bin'
[3.849s] Level 1:colcon.colcon_core.environment:checking '/home/karol/ros2_ws/install/my_robot_bringup/lib/pkgconfig/my_robot_bringup.pc'
[3.850s] Level 1:colcon.colcon_core.environment:checking '/home/karol/ros2_ws/install/my_robot_bringup/lib/python3.10/site-packages'
[3.850s] Level 1:colcon.colcon_core.environment:checking '/home/karol/ros2_ws/install/my_robot_bringup/bin'
[3.851s] INFO:colcon.colcon_core.shell:Creating package script '/home/karol/ros2_ws/install/my_robot_bringup/share/my_robot_bringup/package.ps1'
[3.852s] INFO:colcon.colcon_core.shell:Creating package descriptor '/home/karol/ros2_ws/install/my_robot_bringup/share/my_robot_bringup/package.dsv'
[3.853s] INFO:colcon.colcon_core.shell:Creating package script '/home/karol/ros2_ws/install/my_robot_bringup/share/my_robot_bringup/package.sh'
[3.854s] INFO:colcon.colcon_core.shell:Creating package script '/home/karol/ros2_ws/install/my_robot_bringup/share/my_robot_bringup/package.bash'
[3.854s] INFO:colcon.colcon_core.shell:Creating package script '/home/karol/ros2_ws/install/my_robot_bringup/share/my_robot_bringup/package.zsh'
[3.855s] Level 1:colcon.colcon_core.environment:create_file_with_runtime_dependencies(/home/karol/ros2_ws/install/my_robot_bringup/share/colcon-core/packages/my_robot_bringup)
[3.892s] Level 1:colcon.colcon_core.environment:create_environment_scripts_only(my_robot_bringup)
[3.893s] Level 1:colcon.colcon_core.environment:checking '/home/karol/ros2_ws/install/my_robot_bringup' for CMake module files
[3.893s] Level 1:colcon.colcon_core.environment:checking '/home/karol/ros2_ws/install/my_robot_bringup' for CMake config files
[3.894s] Level 1:colcon.colcon_core.shell:create_environment_hook('my_robot_bringup', 'cmake_prefix_path')
[3.894s] INFO:colcon.colcon_core.shell:Creating environment hook '/home/karol/ros2_ws/install/my_robot_bringup/share/my_robot_bringup/hook/cmake_prefix_path.ps1'
[3.895s] INFO:colcon.colcon_core.shell:Creating environment descriptor '/home/karol/ros2_ws/install/my_robot_bringup/share/my_robot_bringup/hook/cmake_prefix_path.dsv'
[3.896s] INFO:colcon.colcon_core.shell:Creating environment hook '/home/karol/ros2_ws/install/my_robot_bringup/share/my_robot_bringup/hook/cmake_prefix_path.sh'
[3.897s] Level 1:colcon.colcon_core.environment:checking '/home/karol/ros2_ws/install/my_robot_bringup/bin'
[3.897s] Level 1:colcon.colcon_core.environment:checking '/home/karol/ros2_ws/install/my_robot_bringup/lib/pkgconfig/my_robot_bringup.pc'
[3.897s] Level 1:colcon.colcon_core.environment:checking '/home/karol/ros2_ws/install/my_robot_bringup/lib/python3.10/site-packages'
[3.898s] Level 1:colcon.colcon_core.environment:checking '/home/karol/ros2_ws/install/my_robot_bringup/bin'
[3.898s] INFO:colcon.colcon_core.shell:Creating package script '/home/karol/ros2_ws/install/my_robot_bringup/share/my_robot_bringup/package.ps1'
[3.899s] INFO:colcon.colcon_core.shell:Creating package descriptor '/home/karol/ros2_ws/install/my_robot_bringup/share/my_robot_bringup/package.dsv'
[3.900s] INFO:colcon.colcon_core.shell:Creating package script '/home/karol/ros2_ws/install/my_robot_bringup/share/my_robot_bringup/package.sh'
[3.901s] INFO:colcon.colcon_core.shell:Creating package script '/home/karol/ros2_ws/install/my_robot_bringup/share/my_robot_bringup/package.bash'
[3.901s] INFO:colcon.colcon_core.shell:Creating package script '/home/karol/ros2_ws/install/my_robot_bringup/share/my_robot_bringup/package.zsh'
[3.902s] Level 1:colcon.colcon_core.environment:create_file_with_runtime_dependencies(/home/karol/ros2_ws/install/my_robot_bringup/share/colcon-core/packages/my_robot_bringup)
[3.903s] DEBUG:colcon.colcon_parallel_executor.executor.parallel:closing loop
[3.903s] DEBUG:colcon.colcon_ros_domain_id_coordinator.shell.ros_domain_id:Released ROS_DOMAIN_ID=79 for '/home/karol/ros2_ws/build/my_robot_bringup'
[3.903s] DEBUG:colcon.colcon_parallel_executor.executor.parallel:loop closed
[3.903s] DEBUG:colcon.colcon_parallel_executor.executor.parallel:run_until_complete finished with '0'
[3.904s] DEBUG:colcon.colcon_core.event_reactor:joining thread
[3.913s] INFO:colcon.colcon_core.plugin_system:Skipping extension 'colcon_notification.desktop_notification.terminal_notifier': Not used on non-Darwin systems
[3.913s] INFO:colcon.colcon_core.plugin_system:Skipping extension 'colcon_notification.desktop_notification.win32': Not used on non-Windows systems
[3.914s] INFO:colcon.colcon_notification.desktop_notification:Sending desktop notification using 'notify2'
[3.932s] DEBUG:colcon.colcon_core.event_reactor:joined thread
[3.933s] INFO:colcon.colcon_core.shell:Creating prefix script '/home/karol/ros2_ws/install/local_setup.ps1'
[3.934s] INFO:colcon.colcon_core.shell:Creating prefix util module '/home/karol/ros2_ws/install/_local_setup_util_ps1.py'
[3.941s] INFO:colcon.colcon_core.shell:Creating prefix chain script '/home/karol/ros2_ws/install/setup.ps1'
[3.944s] INFO:colcon.colcon_core.shell:Creating prefix script '/home/karol/ros2_ws/install/local_setup.sh'
[3.946s] INFO:colcon.colcon_core.shell:Creating prefix util module '/home/karol/ros2_ws/install/_local_setup_util_sh.py'
[3.948s] INFO:colcon.colcon_core.shell:Creating prefix chain script '/home/karol/ros2_ws/install/setup.sh'
[3.951s] INFO:colcon.colcon_core.shell:Creating prefix script '/home/karol/ros2_ws/install/local_setup.bash'
[3.952s] INFO:colcon.colcon_core.shell:Creating prefix chain script '/home/karol/ros2_ws/install/setup.bash'
[3.954s] INFO:colcon.colcon_core.shell:Creating prefix script '/home/karol/ros2_ws/install/local_setup.zsh'
[3.955s] INFO:colcon.colcon_core.shell:Creating prefix chain script '/home/karol/ros2_ws/install/setup.zsh'
[3.958s] INFO:colcon.colcon_core.shell:Creating '/home/karol/ros2_ws/install/spawn_shell.bash'
