[1.709s] Invoking command in '/home/karol/ros2_ws/src/my_py_pkg': PYTHONPATH=/home/karol/ros2_ws/src/build/my_py_pkg/prefix_override:/home/karol/ros2_ws/src/install/my_py_pkg/lib/python3.10/site-packages:${PYTHONPATH} /usr/bin/python3 -W ignore:setup.py install is deprecated setup.py egg_info --egg-base ../build/my_py_pkg build --build-base /home/karol/ros2_ws/src/build/my_py_pkg/build install --record /home/karol/ros2_ws/src/build/my_py_pkg/install.log --single-version-externally-managed install_data
[1.999s] running egg_info
[2.000s] creating ../build/my_py_pkg/my_py_pkg.egg-info
[2.016s] writing ../build/my_py_pkg/my_py_pkg.egg-info/PKG-INFO
[2.016s] writing dependency_links to ../build/my_py_pkg/my_py_pkg.egg-info/dependency_links.txt
[2.016s] writing entry points to ../build/my_py_pkg/my_py_pkg.egg-info/entry_points.txt
[2.017s] writing requirements to ../build/my_py_pkg/my_py_pkg.egg-info/requires.txt
[2.017s] writing top-level names to ../build/my_py_pkg/my_py_pkg.egg-info/top_level.txt
[2.017s] writing manifest file '../build/my_py_pkg/my_py_pkg.egg-info/SOURCES.txt'
[2.051s] reading manifest file '../build/my_py_pkg/my_py_pkg.egg-info/SOURCES.txt'
[2.052s] writing manifest file '../build/my_py_pkg/my_py_pkg.egg-info/SOURCES.txt'
[2.052s] running build
[2.052s] running build_py
[2.052s] creating /home/karol/ros2_ws/src/build/my_py_pkg/build
[2.052s] creating /home/karol/ros2_ws/src/build/my_py_pkg/build/lib
[2.053s] creating /home/karol/ros2_ws/src/build/my_py_pkg/build/lib/my_py_pkg
[2.053s] copying my_py_pkg/my_first_node.py -> /home/karol/ros2_ws/src/build/my_py_pkg/build/lib/my_py_pkg
[2.053s] copying my_py_pkg/__init__.py -> /home/karol/ros2_ws/src/build/my_py_pkg/build/lib/my_py_pkg
[2.053s] running install
[2.059s] running install_lib
[2.076s] creating /home/karol/ros2_ws/src/install/my_py_pkg/lib/python3.10/site-packages/my_py_pkg
[2.076s] copying /home/karol/ros2_ws/src/build/my_py_pkg/build/lib/my_py_pkg/my_first_node.py -> /home/karol/ros2_ws/src/install/my_py_pkg/lib/python3.10/site-packages/my_py_pkg
[2.076s] copying /home/karol/ros2_ws/src/build/my_py_pkg/build/lib/my_py_pkg/__init__.py -> /home/karol/ros2_ws/src/install/my_py_pkg/lib/python3.10/site-packages/my_py_pkg
[2.076s] byte-compiling /home/karol/ros2_ws/src/install/my_py_pkg/lib/python3.10/site-packages/my_py_pkg/my_first_node.py to my_first_node.cpython-310.pyc
[2.077s] byte-compiling /home/karol/ros2_ws/src/install/my_py_pkg/lib/python3.10/site-packages/my_py_pkg/__init__.py to __init__.cpython-310.pyc
[2.077s] running install_data
[2.077s] creating /home/karol/ros2_ws/src/install/my_py_pkg/share/ament_index
[2.077s] creating /home/karol/ros2_ws/src/install/my_py_pkg/share/ament_index/resource_index
[2.078s] creating /home/karol/ros2_ws/src/install/my_py_pkg/share/ament_index/resource_index/packages
[2.078s] copying resource/my_py_pkg -> /home/karol/ros2_ws/src/install/my_py_pkg/share/ament_index/resource_index/packages
[2.078s] copying package.xml -> /home/karol/ros2_ws/src/install/my_py_pkg/share/my_py_pkg
[2.078s] running install_egg_info
[2.094s] Copying ../build/my_py_pkg/my_py_pkg.egg-info to /home/karol/ros2_ws/src/install/my_py_pkg/lib/python3.10/site-packages/my_py_pkg-0.0.0-py3.10.egg-info
[2.095s] running install_scripts
[2.258s] Installing py_node script to /home/karol/ros2_ws/src/install/my_py_pkg/lib/my_py_pkg
[2.258s] writing list of installed files to '/home/karol/ros2_ws/src/build/my_py_pkg/install.log'
[2.299s] Invoked command in '/home/karol/ros2_ws/src/my_py_pkg' returned '0': PYTHONPATH=/home/karol/ros2_ws/src/build/my_py_pkg/prefix_override:/home/karol/ros2_ws/src/install/my_py_pkg/lib/python3.10/site-packages:${PYTHONPATH} /usr/bin/python3 -W ignore:setup.py install is deprecated setup.py egg_info --egg-base ../build/my_py_pkg build --build-base /home/karol/ros2_ws/src/build/my_py_pkg/build install --record /home/karol/ros2_ws/src/build/my_py_pkg/install.log --single-version-externally-managed install_data
