[1.470s] Invoking command in '/home/karol/ros2_ws/src/my_py_package': PYTHONPATH=/home/karol/ros2_ws/build/my_py_package/prefix_override:/home/karol/ros2_ws/install/my_py_package/lib/python3.10/site-packages:${PYTHONPATH} /usr/bin/python3 -W ignore:setup.py install is deprecated setup.py egg_info --egg-base ../../build/my_py_package build --build-base /home/karol/ros2_ws/build/my_py_package/build install --record /home/karol/ros2_ws/build/my_py_package/install.log --single-version-externally-managed install_data
[1.988s] running egg_info
[1.993s] creating ../../build/my_py_package/my_py_package.egg-info
[2.066s] writing ../../build/my_py_package/my_py_package.egg-info/PKG-INFO
[2.067s] writing dependency_links to ../../build/my_py_package/my_py_package.egg-info/dependency_links.txt
[2.069s] writing entry points to ../../build/my_py_package/my_py_package.egg-info/entry_points.txt
[2.070s] writing requirements to ../../build/my_py_package/my_py_package.egg-info/requires.txt
[2.070s] writing top-level names to ../../build/my_py_package/my_py_package.egg-info/top_level.txt
[2.070s] writing manifest file '../../build/my_py_package/my_py_package.egg-info/SOURCES.txt'
[2.224s] reading manifest file '../../build/my_py_package/my_py_package.egg-info/SOURCES.txt'
[2.224s] adding license file 'LICENSE'
[2.225s] writing manifest file '../../build/my_py_package/my_py_package.egg-info/SOURCES.txt'
[2.226s] running build
[2.226s] running build_py
[2.226s] creating /home/karol/ros2_ws/build/my_py_package/build
[2.226s] creating /home/karol/ros2_ws/build/my_py_package/build/lib
[2.226s] creating /home/karol/ros2_ws/build/my_py_package/build/lib/my_py_package
[2.226s] copying my_py_package/add_two_ints_client_no_oop.py -> /home/karol/ros2_ws/build/my_py_package/build/lib/my_py_package
[2.236s] copying my_py_package/my_first_node.py -> /home/karol/ros2_ws/build/my_py_package/build/lib/my_py_package
[2.236s] copying my_py_package/number_publisher.py -> /home/karol/ros2_ws/build/my_py_package/build/lib/my_py_package
[2.241s] copying my_py_package/robot_news_station.py -> /home/karol/ros2_ws/build/my_py_package/build/lib/my_py_package
[2.242s] copying my_py_package/hw_status_publisher.py -> /home/karol/ros2_ws/build/my_py_package/build/lib/my_py_package
[2.242s] copying my_py_package/add_two_ints_client.py -> /home/karol/ros2_ws/build/my_py_package/build/lib/my_py_package
[2.243s] copying my_py_package/__init__.py -> /home/karol/ros2_ws/build/my_py_package/build/lib/my_py_package
[2.243s] copying my_py_package/add_two_ints_server.py -> /home/karol/ros2_ws/build/my_py_package/build/lib/my_py_package
[2.253s] copying my_py_package/number_counter.py -> /home/karol/ros2_ws/build/my_py_package/build/lib/my_py_package
[2.254s] copying my_py_package/smartphone.py -> /home/karol/ros2_ws/build/my_py_package/build/lib/my_py_package
[2.255s] running install
[2.277s] running install_lib
[2.340s] creating /home/karol/ros2_ws/install/my_py_package/lib/python3.10/site-packages/my_py_package
[2.352s] copying /home/karol/ros2_ws/build/my_py_package/build/lib/my_py_package/add_two_ints_client_no_oop.py -> /home/karol/ros2_ws/install/my_py_package/lib/python3.10/site-packages/my_py_package
[2.352s] copying /home/karol/ros2_ws/build/my_py_package/build/lib/my_py_package/my_first_node.py -> /home/karol/ros2_ws/install/my_py_package/lib/python3.10/site-packages/my_py_package
[2.355s] copying /home/karol/ros2_ws/build/my_py_package/build/lib/my_py_package/number_publisher.py -> /home/karol/ros2_ws/install/my_py_package/lib/python3.10/site-packages/my_py_package
[2.356s] copying /home/karol/ros2_ws/build/my_py_package/build/lib/my_py_package/robot_news_station.py -> /home/karol/ros2_ws/install/my_py_package/lib/python3.10/site-packages/my_py_package
[2.356s] copying /home/karol/ros2_ws/build/my_py_package/build/lib/my_py_package/hw_status_publisher.py -> /home/karol/ros2_ws/install/my_py_package/lib/python3.10/site-packages/my_py_package
[2.357s] copying /home/karol/ros2_ws/build/my_py_package/build/lib/my_py_package/add_two_ints_client.py -> /home/karol/ros2_ws/install/my_py_package/lib/python3.10/site-packages/my_py_package
[2.357s] copying /home/karol/ros2_ws/build/my_py_package/build/lib/my_py_package/__init__.py -> /home/karol/ros2_ws/install/my_py_package/lib/python3.10/site-packages/my_py_package
[2.358s] copying /home/karol/ros2_ws/build/my_py_package/build/lib/my_py_package/add_two_ints_server.py -> /home/karol/ros2_ws/install/my_py_package/lib/python3.10/site-packages/my_py_package
[2.359s] copying /home/karol/ros2_ws/build/my_py_package/build/lib/my_py_package/number_counter.py -> /home/karol/ros2_ws/install/my_py_package/lib/python3.10/site-packages/my_py_package
[2.360s] copying /home/karol/ros2_ws/build/my_py_package/build/lib/my_py_package/smartphone.py -> /home/karol/ros2_ws/install/my_py_package/lib/python3.10/site-packages/my_py_package
[2.373s] byte-compiling /home/karol/ros2_ws/install/my_py_package/lib/python3.10/site-packages/my_py_package/add_two_ints_client_no_oop.py to add_two_ints_client_no_oop.cpython-310.pyc
[2.374s] byte-compiling /home/karol/ros2_ws/install/my_py_package/lib/python3.10/site-packages/my_py_package/my_first_node.py to my_first_node.cpython-310.pyc
[2.375s] byte-compiling /home/karol/ros2_ws/install/my_py_package/lib/python3.10/site-packages/my_py_package/number_publisher.py to number_publisher.cpython-310.pyc
[2.377s] byte-compiling /home/karol/ros2_ws/install/my_py_package/lib/python3.10/site-packages/my_py_package/robot_news_station.py to robot_news_station.cpython-310.pyc
[2.378s] byte-compiling /home/karol/ros2_ws/install/my_py_package/lib/python3.10/site-packages/my_py_package/hw_status_publisher.py to hw_status_publisher.cpython-310.pyc
[2.379s] byte-compiling /home/karol/ros2_ws/install/my_py_package/lib/python3.10/site-packages/my_py_package/add_two_ints_client.py to add_two_ints_client.cpython-310.pyc
[2.380s] byte-compiling /home/karol/ros2_ws/install/my_py_package/lib/python3.10/site-packages/my_py_package/__init__.py to __init__.cpython-310.pyc
[2.381s] byte-compiling /home/karol/ros2_ws/install/my_py_package/lib/python3.10/site-packages/my_py_package/add_two_ints_server.py to add_two_ints_server.cpython-310.pyc
[2.382s] byte-compiling /home/karol/ros2_ws/install/my_py_package/lib/python3.10/site-packages/my_py_package/number_counter.py to number_counter.cpython-310.pyc
[2.390s] byte-compiling /home/karol/ros2_ws/install/my_py_package/lib/python3.10/site-packages/my_py_package/smartphone.py to smartphone.cpython-310.pyc
[2.391s] running install_data
[2.391s] creating /home/karol/ros2_ws/install/my_py_package/share/ament_index
[2.391s] creating /home/karol/ros2_ws/install/my_py_package/share/ament_index/resource_index
[2.391s] creating /home/karol/ros2_ws/install/my_py_package/share/ament_index/resource_index/packages
[2.392s] copying resource/my_py_package -> /home/karol/ros2_ws/install/my_py_package/share/ament_index/resource_index/packages
[2.392s] copying package.xml -> /home/karol/ros2_ws/install/my_py_package/share/my_py_package
[2.392s] running install_egg_info
[2.468s] Copying ../../build/my_py_package/my_py_package.egg-info to /home/karol/ros2_ws/install/my_py_package/lib/python3.10/site-packages/my_py_package-0.0.0-py3.10.egg-info
[2.479s] running install_scripts
[2.873s] Installing add_two_ints_client script to /home/karol/ros2_ws/install/my_py_package/lib/my_py_package
[2.874s] Installing add_two_ints_client_no_oop script to /home/karol/ros2_ws/install/my_py_package/lib/my_py_package
[2.874s] Installing add_two_ints_server script to /home/karol/ros2_ws/install/my_py_package/lib/my_py_package
[2.875s] Installing battery script to /home/karol/ros2_ws/install/my_py_package/lib/my_py_package
[2.875s] Installing hw_status_publisher script to /home/karol/ros2_ws/install/my_py_package/lib/my_py_package
[2.875s] Installing led_panel script to /home/karol/ros2_ws/install/my_py_package/lib/my_py_package
[2.875s] Installing number_counter script to /home/karol/ros2_ws/install/my_py_package/lib/my_py_package
[2.875s] Installing number_publisher script to /home/karol/ros2_ws/install/my_py_package/lib/my_py_package
[2.875s] Installing py_node script to /home/karol/ros2_ws/install/my_py_package/lib/my_py_package
[2.876s] Installing robot_news_station script to /home/karol/ros2_ws/install/my_py_package/lib/my_py_package
[2.876s] Installing smartphone script to /home/karol/ros2_ws/install/my_py_package/lib/my_py_package
[2.877s] writing list of installed files to '/home/karol/ros2_ws/build/my_py_package/install.log'
[2.969s] Invoked command in '/home/karol/ros2_ws/src/my_py_package' returned '0': PYTHONPATH=/home/karol/ros2_ws/build/my_py_package/prefix_override:/home/karol/ros2_ws/install/my_py_package/lib/python3.10/site-packages:${PYTHONPATH} /usr/bin/python3 -W ignore:setup.py install is deprecated setup.py egg_info --egg-base ../../build/my_py_package build --build-base /home/karol/ros2_ws/build/my_py_package/build install --record /home/karol/ros2_ws/build/my_py_package/install.log --single-version-externally-managed install_data
