[0.016s] Invoking command in '/home/karol/ros2_ws/src/build/my_package': CMAKE_PREFIX_PATH=/opt/ros/humble ROS_DOMAIN_ID=91 /usr/bin/cmake /home/karol/ros2_ws/src/my_package -DCMAKE_INSTALL_PREFIX=/home/karol/ros2_ws/src/install/my_package
[0.481s] -- The C compiler identification is GNU 11.4.0
[0.587s] -- The CXX compiler identification is GNU 11.4.0
[0.598s] -- Detecting C compiler ABI info
[0.698s] -- Detecting C compiler ABI info - done
[0.704s] -- Check for working C compiler: /usr/bin/cc - skipped
[0.705s] -- Detecting C compile features
[0.705s] -- Detecting C compile features - done
[0.709s] -- Detecting CXX compiler ABI info
[0.813s] -- Detecting CXX compiler ABI info - done
[0.824s] -- Check for working CXX compiler: /usr/bin/c++ - skipped
[0.824s] -- Detecting CXX compile features
[0.825s] -- Detecting CXX compile features - done
[0.837s] -- Found ament_cmake: 1.3.8 (/opt/ros/humble/share/ament_cmake/cmake)
[1.321s] -- Found Python3: /usr/bin/python3 (found version "3.10.12") found components: Interpreter 
[1.435s] -- Found ament_lint_auto: 0.12.10 (/opt/ros/humble/share/ament_lint_auto/cmake)
[1.547s] -- Added test 'cppcheck' to perform static code analysis on C / C++ code
[1.547s] -- Configured cppcheck include dirs: $<BUILD_INTERFACE:/home/karol/ros2_ws/src/my_package/include>
[1.547s] -- Configured cppcheck exclude dirs and/or files: 
[1.548s] -- Added test 'lint_cmake' to check CMake code style
[1.550s] -- Added test 'uncrustify' to check C / C++ code style
[1.550s] -- Configured uncrustify additional arguments: 
[1.550s] -- Added test 'xmllint' to check XML markup files
[1.552s] -- Configuring done
[1.559s] -- Generating done
[1.561s] -- Build files have been written to: /home/karol/ros2_ws/src/build/my_package
[1.565s] Invoked command in '/home/karol/ros2_ws/src/build/my_package' returned '0': CMAKE_PREFIX_PATH=/opt/ros/humble ROS_DOMAIN_ID=91 /usr/bin/cmake /home/karol/ros2_ws/src/my_package -DCMAKE_INSTALL_PREFIX=/home/karol/ros2_ws/src/install/my_package
[1.568s] Invoking command in '/home/karol/ros2_ws/src/build/my_package': CMAKE_PREFIX_PATH=/opt/ros/humble ROS_DOMAIN_ID=91 /usr/bin/cmake --build /home/karol/ros2_ws/src/build/my_package -- -j4 -l4
[1.628s] [ 50%] [32mBuilding CXX object CMakeFiles/my_node.dir/src/my_node.cpp.o[0m
[1.671s] [100%] [32m[1mLinking CXX executable my_node[0m
[1.728s] [100%] Built target my_node
[1.743s] Invoked command in '/home/karol/ros2_ws/src/build/my_package' returned '0': CMAKE_PREFIX_PATH=/opt/ros/humble ROS_DOMAIN_ID=91 /usr/bin/cmake --build /home/karol/ros2_ws/src/build/my_package -- -j4 -l4
[1.793s] Invoking command in '/home/karol/ros2_ws/src/build/my_package': CMAKE_PREFIX_PATH=/opt/ros/humble ROS_DOMAIN_ID=91 /usr/bin/cmake --install /home/karol/ros2_ws/src/build/my_package
[1.801s] -- Install configuration: ""
[1.801s] -- Installing: /home/karol/ros2_ws/src/install/my_package/lib/my_package/my_node
[1.802s] -- Installing: /home/karol/ros2_ws/src/install/my_package/share/ament_index/resource_index/package_run_dependencies/my_package
[1.803s] -- Installing: /home/karol/ros2_ws/src/install/my_package/share/ament_index/resource_index/parent_prefix_path/my_package
[1.803s] -- Installing: /home/karol/ros2_ws/src/install/my_package/share/my_package/environment/ament_prefix_path.sh
[1.803s] -- Installing: /home/karol/ros2_ws/src/install/my_package/share/my_package/environment/ament_prefix_path.dsv
[1.804s] -- Installing: /home/karol/ros2_ws/src/install/my_package/share/my_package/environment/path.sh
[1.804s] -- Installing: /home/karol/ros2_ws/src/install/my_package/share/my_package/environment/path.dsv
[1.804s] -- Installing: /home/karol/ros2_ws/src/install/my_package/share/my_package/local_setup.bash
[1.804s] -- Installing: /home/karol/ros2_ws/src/install/my_package/share/my_package/local_setup.sh
[1.804s] -- Installing: /home/karol/ros2_ws/src/install/my_package/share/my_package/local_setup.zsh
[1.804s] -- Installing: /home/karol/ros2_ws/src/install/my_package/share/my_package/local_setup.dsv
[1.805s] -- Installing: /home/karol/ros2_ws/src/install/my_package/share/my_package/package.dsv
[1.805s] -- Installing: /home/karol/ros2_ws/src/install/my_package/share/ament_index/resource_index/packages/my_package
[1.805s] -- Installing: /home/karol/ros2_ws/src/install/my_package/share/my_package/cmake/my_packageConfig.cmake
[1.805s] -- Installing: /home/karol/ros2_ws/src/install/my_package/share/my_package/cmake/my_packageConfig-version.cmake
[1.805s] -- Installing: /home/karol/ros2_ws/src/install/my_package/share/my_package/package.xml
[1.808s] Invoked command in '/home/karol/ros2_ws/src/build/my_package' returned '0': CMAKE_PREFIX_PATH=/opt/ros/humble ROS_DOMAIN_ID=91 /usr/bin/cmake --install /home/karol/ros2_ws/src/build/my_package
