[0.375s] DEBUG:colcon:Command line arguments: ['/usr/bin/colcon', 'build']
[0.375s] DEBUG:colcon:Parsed command line arguments: Namespace(log_base=None, log_level=None, verb_name='build', build_base='build', install_base='install', merge_install=False, symlink_install=False, test_result_base=None, continue_on_error=False, executor='parallel', parallel_workers=4, event_handlers=None, ignore_user_meta=False, metas=['./colcon.meta'], base_paths=['.'], packages_ignore=None, packages_ignore_regex=None, paths=None, packages_up_to=None, packages_up_to_regex=None, packages_above=None, packages_above_and_dependencies=None, packages_above_depth=None, packages_select_by_dep=None, packages_skip_by_dep=None, packages_skip_up_to=None, packages_select_build_failed=False, packages_skip_build_finished=False, packages_select_test_failures=False, packages_skip_test_passed=False, packages_select=None, packages_skip=None, packages_select_regex=None, packages_skip_regex=None, packages_start=None, packages_end=None, allow_overriding=[], bazel_args=None, bazel_task=None, cmake_args=None, cmake_target=None, cmake_target_skip_unavailable=False, cmake_clean_cache=False, cmake_clean_first=False, cmake_force_configure=False, meson_args=[], ament_cmake_args=None, catkin_cmake_args=None, catkin_skip_building_tests=False, mixin_files=None, mixin=None, verb_parser=<colcon_alias.argument_parser.alias.AliasArgumentDecorator object at 0x7c29748ef5b0>, verb_extension=<colcon_core.verb.build.BuildVerb object at 0x7c29748ee950>, main=<bound method BuildVerb.main of <colcon_core.verb.build.BuildVerb object at 0x7c29748ee950>>, mixin_verb=('build',))
[0.441s] Level 1:colcon.colcon_core.package_discovery:discover_packages(colcon_meta) check parameters
[0.441s] Level 1:colcon.colcon_core.package_discovery:discover_packages(recursive) check parameters
[0.441s] Level 1:colcon.colcon_core.package_discovery:discover_packages(ignore) check parameters
[0.441s] Level 1:colcon.colcon_core.package_discovery:discover_packages(path) check parameters
[0.441s] Level 1:colcon.colcon_core.package_discovery:discover_packages(colcon_meta) discover
[0.441s] Level 1:colcon.colcon_core.package_discovery:discover_packages(recursive) discover
[0.441s] INFO:colcon.colcon_core.package_discovery:Crawling recursively for packages in '/home/karol/ros2_ws/src'
[0.441s] Level 1:colcon.colcon_core.package_identification:_identify(.) by extensions ['ignore', 'ignore_ament_install']
[0.441s] Level 1:colcon.colcon_core.package_identification:_identify(.) by extension 'ignore'
[0.441s] Level 1:colcon.colcon_core.package_identification:_identify(.) by extension 'ignore_ament_install'
[0.441s] Level 1:colcon.colcon_core.package_identification:_identify(.) by extensions ['colcon_pkg']
[0.441s] Level 1:colcon.colcon_core.package_identification:_identify(.) by extension 'colcon_pkg'
[0.441s] Level 1:colcon.colcon_core.package_identification:_identify(.) by extensions ['colcon_meta']
[0.441s] Level 1:colcon.colcon_core.package_identification:_identify(.) by extension 'colcon_meta'
[0.441s] Level 1:colcon.colcon_core.package_identification:_identify(.) by extensions ['ros']
[0.441s] Level 1:colcon.colcon_core.package_identification:_identify(.) by extension 'ros'
[0.444s] Level 1:colcon.colcon_core.package_identification:_identify(.) by extensions ['bazel', 'cmake', 'meson', 'python']
[0.444s] Level 1:colcon.colcon_core.package_identification:_identify(.) by extension 'bazel'
[0.444s] Level 1:colcon.colcon_core.package_identification:_identify(.) by extension 'cmake'
[0.444s] Level 1:colcon.colcon_core.package_identification:_identify(.) by extension 'meson'
[0.444s] Level 1:colcon.colcon_core.package_identification:_identify(.) by extension 'python'
[0.444s] Level 1:colcon.colcon_core.package_identification:_identify(.) by extensions ['python_setup_py']
[0.444s] Level 1:colcon.colcon_core.package_identification:_identify(.) by extension 'python_setup_py'
[0.444s] Level 1:colcon.colcon_core.package_identification:_identify(build) by extensions ['ignore', 'ignore_ament_install']
[0.444s] Level 1:colcon.colcon_core.package_identification:_identify(build) by extension 'ignore'
[0.445s] Level 1:colcon.colcon_core.package_identification:_identify(build) ignored
[0.445s] Level 1:colcon.colcon_core.package_identification:_identify(install) by extensions ['ignore', 'ignore_ament_install']
[0.445s] Level 1:colcon.colcon_core.package_identification:_identify(install) by extension 'ignore'
[0.445s] Level 1:colcon.colcon_core.package_identification:_identify(install) ignored
[0.445s] Level 1:colcon.colcon_core.package_identification:_identify(log) by extensions ['ignore', 'ignore_ament_install']
[0.445s] Level 1:colcon.colcon_core.package_identification:_identify(log) by extension 'ignore'
[0.445s] Level 1:colcon.colcon_core.package_identification:_identify(log) ignored
[0.445s] Level 1:colcon.colcon_core.package_identification:_identify(my_cpp_pkg) by extensions ['ignore', 'ignore_ament_install']
[0.445s] Level 1:colcon.colcon_core.package_identification:_identify(my_cpp_pkg) by extension 'ignore'
[0.445s] Level 1:colcon.colcon_core.package_identification:_identify(my_cpp_pkg) by extension 'ignore_ament_install'
[0.445s] Level 1:colcon.colcon_core.package_identification:_identify(my_cpp_pkg) by extensions ['colcon_pkg']
[0.445s] Level 1:colcon.colcon_core.package_identification:_identify(my_cpp_pkg) by extension 'colcon_pkg'
[0.445s] Level 1:colcon.colcon_core.package_identification:_identify(my_cpp_pkg) by extensions ['colcon_meta']
[0.445s] Level 1:colcon.colcon_core.package_identification:_identify(my_cpp_pkg) by extension 'colcon_meta'
[0.445s] Level 1:colcon.colcon_core.package_identification:_identify(my_cpp_pkg) by extensions ['ros']
[0.445s] Level 1:colcon.colcon_core.package_identification:_identify(my_cpp_pkg) by extension 'ros'
[0.449s] DEBUG:colcon.colcon_core.package_identification:Package 'my_cpp_pkg' with type 'ros.ament_cmake' and name 'my_cpp_pkg'
[0.449s] Level 1:colcon.colcon_core.package_identification:_identify(my_package) by extensions ['ignore', 'ignore_ament_install']
[0.449s] Level 1:colcon.colcon_core.package_identification:_identify(my_package) by extension 'ignore'
[0.449s] Level 1:colcon.colcon_core.package_identification:_identify(my_package) by extension 'ignore_ament_install'
[0.449s] Level 1:colcon.colcon_core.package_identification:_identify(my_package) by extensions ['colcon_pkg']
[0.449s] Level 1:colcon.colcon_core.package_identification:_identify(my_package) by extension 'colcon_pkg'
[0.449s] Level 1:colcon.colcon_core.package_identification:_identify(my_package) by extensions ['colcon_meta']
[0.450s] Level 1:colcon.colcon_core.package_identification:_identify(my_package) by extension 'colcon_meta'
[0.450s] Level 1:colcon.colcon_core.package_identification:_identify(my_package) by extensions ['ros']
[0.450s] Level 1:colcon.colcon_core.package_identification:_identify(my_package) by extension 'ros'
[0.450s] DEBUG:colcon.colcon_core.package_identification:Package 'my_package' with type 'ros.ament_cmake' and name 'my_package'
[0.450s] Level 1:colcon.colcon_core.package_identification:_identify(my_py_pkg) by extensions ['ignore', 'ignore_ament_install']
[0.450s] Level 1:colcon.colcon_core.package_identification:_identify(my_py_pkg) by extension 'ignore'
[0.450s] Level 1:colcon.colcon_core.package_identification:_identify(my_py_pkg) by extension 'ignore_ament_install'
[0.450s] Level 1:colcon.colcon_core.package_identification:_identify(my_py_pkg) by extensions ['colcon_pkg']
[0.450s] Level 1:colcon.colcon_core.package_identification:_identify(my_py_pkg) by extension 'colcon_pkg'
[0.450s] Level 1:colcon.colcon_core.package_identification:_identify(my_py_pkg) by extensions ['colcon_meta']
[0.450s] Level 1:colcon.colcon_core.package_identification:_identify(my_py_pkg) by extension 'colcon_meta'
[0.450s] Level 1:colcon.colcon_core.package_identification:_identify(my_py_pkg) by extensions ['ros']
[0.450s] Level 1:colcon.colcon_core.package_identification:_identify(my_py_pkg) by extension 'ros'
[0.451s] DEBUG:colcon.colcon_core.package_identification:Package 'my_py_pkg' with type 'ros.ament_python' and name 'my_py_pkg'
[0.452s] Level 1:colcon.colcon_core.package_discovery:discover_packages(recursive) using defaults
[0.452s] Level 1:colcon.colcon_core.package_discovery:discover_packages(ignore) discover
[0.452s] Level 1:colcon.colcon_core.package_discovery:discover_packages(ignore) using defaults
[0.452s] Level 1:colcon.colcon_core.package_discovery:discover_packages(path) discover
[0.452s] Level 1:colcon.colcon_core.package_discovery:discover_packages(path) using defaults
[0.473s] Level 1:colcon.colcon_core.package_discovery:discover_packages(prefix_path) check parameters
[0.474s] Level 1:colcon.colcon_core.package_discovery:discover_packages(prefix_path) discover
[0.476s] DEBUG:colcon.colcon_installed_package_information.package_discovery:Found 0 installed packages in /home/karol/ros2_ws/install
[0.477s] DEBUG:colcon.colcon_installed_package_information.package_discovery:Found 270 installed packages in /opt/ros/humble
[0.478s] Level 1:colcon.colcon_core.package_discovery:discover_packages(prefix_path) using defaults
[0.539s] Level 5:colcon.colcon_core.verb:set package 'my_cpp_pkg' build argument 'bazel_args' from command line to 'None'
[0.539s] Level 5:colcon.colcon_core.verb:set package 'my_cpp_pkg' build argument 'bazel_task' from command line to 'None'
[0.539s] Level 5:colcon.colcon_core.verb:set package 'my_cpp_pkg' build argument 'cmake_args' from command line to 'None'
[0.539s] Level 5:colcon.colcon_core.verb:set package 'my_cpp_pkg' build argument 'cmake_target' from command line to 'None'
[0.539s] Level 5:colcon.colcon_core.verb:set package 'my_cpp_pkg' build argument 'cmake_target_skip_unavailable' from command line to 'False'
[0.539s] Level 5:colcon.colcon_core.verb:set package 'my_cpp_pkg' build argument 'cmake_clean_cache' from command line to 'False'
[0.539s] Level 5:colcon.colcon_core.verb:set package 'my_cpp_pkg' build argument 'cmake_clean_first' from command line to 'False'
[0.539s] Level 5:colcon.colcon_core.verb:set package 'my_cpp_pkg' build argument 'cmake_force_configure' from command line to 'False'
[0.539s] Level 5:colcon.colcon_core.verb:set package 'my_cpp_pkg' build argument 'meson_args' from command line to '[]'
[0.539s] Level 5:colcon.colcon_core.verb:set package 'my_cpp_pkg' build argument 'ament_cmake_args' from command line to 'None'
[0.539s] Level 5:colcon.colcon_core.verb:set package 'my_cpp_pkg' build argument 'catkin_cmake_args' from command line to 'None'
[0.539s] Level 5:colcon.colcon_core.verb:set package 'my_cpp_pkg' build argument 'catkin_skip_building_tests' from command line to 'False'
[0.539s] DEBUG:colcon.colcon_core.verb:Building package 'my_cpp_pkg' with the following arguments: {'ament_cmake_args': None, 'bazel_args': None, 'bazel_task': None, 'build_base': '/home/karol/ros2_ws/src/build/my_cpp_pkg', 'catkin_cmake_args': None, 'catkin_skip_building_tests': False, 'cmake_args': None, 'cmake_clean_cache': False, 'cmake_clean_first': False, 'cmake_force_configure': False, 'cmake_target': None, 'cmake_target_skip_unavailable': False, 'install_base': '/home/karol/ros2_ws/src/install/my_cpp_pkg', 'merge_install': False, 'meson_args': [], 'path': '/home/karol/ros2_ws/src/my_cpp_pkg', 'symlink_install': False, 'test_result_base': None}
[0.552s] Level 5:colcon.colcon_core.verb:set package 'my_package' build argument 'bazel_args' from command line to 'None'
[0.552s] Level 5:colcon.colcon_core.verb:set package 'my_package' build argument 'bazel_task' from command line to 'None'
[0.552s] Level 5:colcon.colcon_core.verb:set package 'my_package' build argument 'cmake_args' from command line to 'None'
[0.552s] Level 5:colcon.colcon_core.verb:set package 'my_package' build argument 'cmake_target' from command line to 'None'
[0.552s] Level 5:colcon.colcon_core.verb:set package 'my_package' build argument 'cmake_target_skip_unavailable' from command line to 'False'
[0.552s] Level 5:colcon.colcon_core.verb:set package 'my_package' build argument 'cmake_clean_cache' from command line to 'False'
[0.552s] Level 5:colcon.colcon_core.verb:set package 'my_package' build argument 'cmake_clean_first' from command line to 'False'
[0.552s] Level 5:colcon.colcon_core.verb:set package 'my_package' build argument 'cmake_force_configure' from command line to 'False'
[0.552s] Level 5:colcon.colcon_core.verb:set package 'my_package' build argument 'meson_args' from command line to '[]'
[0.552s] Level 5:colcon.colcon_core.verb:set package 'my_package' build argument 'ament_cmake_args' from command line to 'None'
[0.552s] Level 5:colcon.colcon_core.verb:set package 'my_package' build argument 'catkin_cmake_args' from command line to 'None'
[0.552s] Level 5:colcon.colcon_core.verb:set package 'my_package' build argument 'catkin_skip_building_tests' from command line to 'False'
[0.552s] DEBUG:colcon.colcon_core.verb:Building package 'my_package' with the following arguments: {'ament_cmake_args': None, 'bazel_args': None, 'bazel_task': None, 'build_base': '/home/karol/ros2_ws/src/build/my_package', 'catkin_cmake_args': None, 'catkin_skip_building_tests': False, 'cmake_args': None, 'cmake_clean_cache': False, 'cmake_clean_first': False, 'cmake_force_configure': False, 'cmake_target': None, 'cmake_target_skip_unavailable': False, 'install_base': '/home/karol/ros2_ws/src/install/my_package', 'merge_install': False, 'meson_args': [], 'path': '/home/karol/ros2_ws/src/my_package', 'symlink_install': False, 'test_result_base': None}
[0.564s] Level 5:colcon.colcon_core.verb:set package 'my_py_pkg' build argument 'bazel_args' from command line to 'None'
[0.564s] Level 5:colcon.colcon_core.verb:set package 'my_py_pkg' build argument 'bazel_task' from command line to 'None'
[0.564s] Level 5:colcon.colcon_core.verb:set package 'my_py_pkg' build argument 'cmake_args' from command line to 'None'
[0.564s] Level 5:colcon.colcon_core.verb:set package 'my_py_pkg' build argument 'cmake_target' from command line to 'None'
[0.564s] Level 5:colcon.colcon_core.verb:set package 'my_py_pkg' build argument 'cmake_target_skip_unavailable' from command line to 'False'
[0.564s] Level 5:colcon.colcon_core.verb:set package 'my_py_pkg' build argument 'cmake_clean_cache' from command line to 'False'
[0.564s] Level 5:colcon.colcon_core.verb:set package 'my_py_pkg' build argument 'cmake_clean_first' from command line to 'False'
[0.564s] Level 5:colcon.colcon_core.verb:set package 'my_py_pkg' build argument 'cmake_force_configure' from command line to 'False'
[0.564s] Level 5:colcon.colcon_core.verb:set package 'my_py_pkg' build argument 'meson_args' from command line to '[]'
[0.564s] Level 5:colcon.colcon_core.verb:set package 'my_py_pkg' build argument 'ament_cmake_args' from command line to 'None'
[0.564s] Level 5:colcon.colcon_core.verb:set package 'my_py_pkg' build argument 'catkin_cmake_args' from command line to 'None'
[0.564s] Level 5:colcon.colcon_core.verb:set package 'my_py_pkg' build argument 'catkin_skip_building_tests' from command line to 'False'
[0.564s] DEBUG:colcon.colcon_core.verb:Building package 'my_py_pkg' with the following arguments: {'ament_cmake_args': None, 'bazel_args': None, 'bazel_task': None, 'build_base': '/home/karol/ros2_ws/src/build/my_py_pkg', 'catkin_cmake_args': None, 'catkin_skip_building_tests': False, 'cmake_args': None, 'cmake_clean_cache': False, 'cmake_clean_first': False, 'cmake_force_configure': False, 'cmake_target': None, 'cmake_target_skip_unavailable': False, 'install_base': '/home/karol/ros2_ws/src/install/my_py_pkg', 'merge_install': False, 'meson_args': [], 'path': '/home/karol/ros2_ws/src/my_py_pkg', 'symlink_install': False, 'test_result_base': None}
[0.565s] INFO:colcon.colcon_core.executor:Executing jobs using 'parallel' executor
[0.566s] DEBUG:colcon.colcon_parallel_executor.executor.parallel:run_until_complete
[0.566s] INFO:colcon.colcon_ros.task.ament_cmake.build:Building ROS package in '/home/karol/ros2_ws/src/my_cpp_pkg' with build type 'ament_cmake'
[0.566s] INFO:colcon.colcon_cmake.task.cmake.build:Building CMake package in '/home/karol/ros2_ws/src/my_cpp_pkg'
[0.570s] INFO:colcon.colcon_core.plugin_system:Skipping extension 'colcon_core.shell.bat': Not used on non-Windows systems
[0.570s] DEBUG:colcon.colcon_ros_domain_id_coordinator.shell.ros_domain_id:Allocated ROS_DOMAIN_ID=223 for '/home/karol/ros2_ws/src/build/my_cpp_pkg'
[0.570s] INFO:colcon.colcon_core.shell:Skip shell extension 'ros_domain_id' for command environment: 
[0.570s] INFO:colcon.colcon_core.shell:Skip shell extension 'powershell' for command environment: Not usable outside of PowerShell
[0.570s] DEBUG:colcon.colcon_core.shell:Skip shell extension 'dsv' for command environment
[0.573s] INFO:colcon.colcon_ros.task.ament_cmake.build:Building ROS package in '/home/karol/ros2_ws/src/my_package' with build type 'ament_cmake'
[0.573s] INFO:colcon.colcon_cmake.task.cmake.build:Building CMake package in '/home/karol/ros2_ws/src/my_package'
[0.574s] DEBUG:colcon.colcon_ros_domain_id_coordinator.shell.ros_domain_id:Allocated ROS_DOMAIN_ID=91 for '/home/karol/ros2_ws/src/build/my_package'
[0.574s] INFO:colcon.colcon_core.shell:Skip shell extension 'ros_domain_id' for command environment: 
[0.574s] INFO:colcon.colcon_core.shell:Skip shell extension 'powershell' for command environment: Not usable outside of PowerShell
[0.574s] DEBUG:colcon.colcon_core.shell:Skip shell extension 'dsv' for command environment
[0.577s] INFO:colcon.colcon_ros.task.ament_python.build:Building ROS package in '/home/karol/ros2_ws/src/my_py_pkg' with build type 'ament_python'
[0.577s] Level 1:colcon.colcon_core.shell:create_environment_hook('my_py_pkg', 'ament_prefix_path')
[0.578s] INFO:colcon.colcon_core.shell:Creating environment hook '/home/karol/ros2_ws/src/install/my_py_pkg/share/my_py_pkg/hook/ament_prefix_path.ps1'
[0.579s] INFO:colcon.colcon_core.shell:Creating environment descriptor '/home/karol/ros2_ws/src/install/my_py_pkg/share/my_py_pkg/hook/ament_prefix_path.dsv'
[0.580s] INFO:colcon.colcon_core.shell:Creating environment hook '/home/karol/ros2_ws/src/install/my_py_pkg/share/my_py_pkg/hook/ament_prefix_path.sh'
[0.581s] DEBUG:colcon.colcon_ros_domain_id_coordinator.shell.ros_domain_id:Allocated ROS_DOMAIN_ID=90 for '/home/karol/ros2_ws/src/build/my_py_pkg'
[0.581s] INFO:colcon.colcon_core.shell:Skip shell extension 'ros_domain_id' for command environment: 
[0.581s] INFO:colcon.colcon_core.shell:Skip shell extension 'powershell' for command environment: Not usable outside of PowerShell
[0.581s] DEBUG:colcon.colcon_core.shell:Skip shell extension 'dsv' for command environment
[0.586s] DEBUG:colcon.colcon_core.event_handler.log_command:Invoking command in '/home/karol/ros2_ws/src/build/my_cpp_pkg': CMAKE_PREFIX_PATH=/opt/ros/humble ROS_DOMAIN_ID=223 /usr/bin/cmake /home/karol/ros2_ws/src/my_cpp_pkg -DCMAKE_INSTALL_PREFIX=/home/karol/ros2_ws/src/install/my_cpp_pkg
[0.590s] DEBUG:colcon.colcon_core.event_handler.log_command:Invoking command in '/home/karol/ros2_ws/src/build/my_package': CMAKE_PREFIX_PATH=/opt/ros/humble ROS_DOMAIN_ID=91 /usr/bin/cmake /home/karol/ros2_ws/src/my_package -DCMAKE_INSTALL_PREFIX=/home/karol/ros2_ws/src/install/my_package
[1.191s] INFO:colcon.colcon_core.task.python.build:Building Python package in '/home/karol/ros2_ws/src/my_py_pkg'
[1.191s] DEBUG:colcon.colcon_ros_domain_id_coordinator.shell.ros_domain_id:Allocated ROS_DOMAIN_ID=90 for '/home/karol/ros2_ws/src/build/my_py_pkg'
[1.191s] INFO:colcon.colcon_core.shell:Skip shell extension 'ros_domain_id' for command environment: 
[1.191s] INFO:colcon.colcon_core.shell:Skip shell extension 'powershell' for command environment: Not usable outside of PowerShell
[1.191s] DEBUG:colcon.colcon_core.shell:Skip shell extension 'dsv' for command environment
[2.139s] DEBUG:colcon.colcon_core.event_handler.log_command:Invoked command in '/home/karol/ros2_ws/src/build/my_package' returned '0': CMAKE_PREFIX_PATH=/opt/ros/humble ROS_DOMAIN_ID=91 /usr/bin/cmake /home/karol/ros2_ws/src/my_package -DCMAKE_INSTALL_PREFIX=/home/karol/ros2_ws/src/install/my_package
[2.142s] DEBUG:colcon.colcon_core.event_handler.log_command:Invoking command in '/home/karol/ros2_ws/src/build/my_package': CMAKE_PREFIX_PATH=/opt/ros/humble ROS_DOMAIN_ID=91 /usr/bin/cmake --build /home/karol/ros2_ws/src/build/my_package -- -j4 -l4
[2.286s] DEBUG:colcon.colcon_core.event_handler.log_command:Invoking command in '/home/karol/ros2_ws/src/my_py_pkg': PYTHONPATH=/home/karol/ros2_ws/src/build/my_py_pkg/prefix_override:/home/karol/ros2_ws/src/install/my_py_pkg/lib/python3.10/site-packages:${PYTHONPATH} /usr/bin/python3 -W ignore:setup.py install is deprecated setup.py egg_info --egg-base ../build/my_py_pkg build --build-base /home/karol/ros2_ws/src/build/my_py_pkg/build install --record /home/karol/ros2_ws/src/build/my_py_pkg/install.log --single-version-externally-managed install_data
[2.317s] DEBUG:colcon.colcon_core.event_handler.log_command:Invoked command in '/home/karol/ros2_ws/src/build/my_package' returned '0': CMAKE_PREFIX_PATH=/opt/ros/humble ROS_DOMAIN_ID=91 /usr/bin/cmake --build /home/karol/ros2_ws/src/build/my_package -- -j4 -l4
[2.367s] DEBUG:colcon.colcon_core.event_handler.log_command:Invoking command in '/home/karol/ros2_ws/src/build/my_package': CMAKE_PREFIX_PATH=/opt/ros/humble ROS_DOMAIN_ID=91 /usr/bin/cmake --install /home/karol/ros2_ws/src/build/my_package
[2.381s] Level 1:colcon.colcon_core.environment:create_environment_scripts_only(my_package)
[2.382s] DEBUG:colcon.colcon_core.event_handler.log_command:Invoked command in '/home/karol/ros2_ws/src/build/my_package' returned '0': CMAKE_PREFIX_PATH=/opt/ros/humble ROS_DOMAIN_ID=91 /usr/bin/cmake --install /home/karol/ros2_ws/src/build/my_package
[2.388s] Level 1:colcon.colcon_core.environment:checking '/home/karol/ros2_ws/src/install/my_package' for CMake module files
[2.389s] Level 1:colcon.colcon_core.environment:checking '/home/karol/ros2_ws/src/install/my_package' for CMake config files
[2.389s] Level 1:colcon.colcon_core.shell:create_environment_hook('my_package', 'cmake_prefix_path')
[2.390s] INFO:colcon.colcon_core.shell:Creating environment hook '/home/karol/ros2_ws/src/install/my_package/share/my_package/hook/cmake_prefix_path.ps1'
[2.390s] INFO:colcon.colcon_core.shell:Creating environment descriptor '/home/karol/ros2_ws/src/install/my_package/share/my_package/hook/cmake_prefix_path.dsv'
[2.391s] INFO:colcon.colcon_core.shell:Creating environment hook '/home/karol/ros2_ws/src/install/my_package/share/my_package/hook/cmake_prefix_path.sh'
[2.392s] Level 1:colcon.colcon_core.environment:checking '/home/karol/ros2_ws/src/install/my_package/lib'
[2.393s] Level 1:colcon.colcon_core.environment:checking '/home/karol/ros2_ws/src/install/my_package/bin'
[2.393s] Level 1:colcon.colcon_core.environment:checking '/home/karol/ros2_ws/src/install/my_package/lib/pkgconfig/my_package.pc'
[2.393s] Level 1:colcon.colcon_core.environment:checking '/home/karol/ros2_ws/src/install/my_package/lib/python3.10/site-packages'
[2.393s] Level 1:colcon.colcon_core.environment:checking '/home/karol/ros2_ws/src/install/my_package/bin'
[2.394s] INFO:colcon.colcon_core.shell:Creating package script '/home/karol/ros2_ws/src/install/my_package/share/my_package/package.ps1'
[2.395s] INFO:colcon.colcon_core.shell:Creating package descriptor '/home/karol/ros2_ws/src/install/my_package/share/my_package/package.dsv'
[2.396s] INFO:colcon.colcon_core.shell:Creating package script '/home/karol/ros2_ws/src/install/my_package/share/my_package/package.sh'
[2.399s] INFO:colcon.colcon_core.shell:Creating package script '/home/karol/ros2_ws/src/install/my_package/share/my_package/package.bash'
[2.400s] INFO:colcon.colcon_core.shell:Creating package script '/home/karol/ros2_ws/src/install/my_package/share/my_package/package.zsh'
[2.401s] Level 1:colcon.colcon_core.environment:create_file_with_runtime_dependencies(/home/karol/ros2_ws/src/install/my_package/share/colcon-core/packages/my_package)
[2.432s] Level 1:colcon.colcon_core.environment:create_environment_scripts_only(my_package)
[2.433s] Level 1:colcon.colcon_core.environment:checking '/home/karol/ros2_ws/src/install/my_package' for CMake module files
[2.433s] Level 1:colcon.colcon_core.environment:checking '/home/karol/ros2_ws/src/install/my_package' for CMake config files
[2.434s] Level 1:colcon.colcon_core.shell:create_environment_hook('my_package', 'cmake_prefix_path')
[2.434s] INFO:colcon.colcon_core.shell:Creating environment hook '/home/karol/ros2_ws/src/install/my_package/share/my_package/hook/cmake_prefix_path.ps1'
[2.435s] INFO:colcon.colcon_core.shell:Creating environment descriptor '/home/karol/ros2_ws/src/install/my_package/share/my_package/hook/cmake_prefix_path.dsv'
[2.435s] INFO:colcon.colcon_core.shell:Creating environment hook '/home/karol/ros2_ws/src/install/my_package/share/my_package/hook/cmake_prefix_path.sh'
[2.436s] Level 1:colcon.colcon_core.environment:checking '/home/karol/ros2_ws/src/install/my_package/lib'
[2.436s] Level 1:colcon.colcon_core.environment:checking '/home/karol/ros2_ws/src/install/my_package/bin'
[2.436s] Level 1:colcon.colcon_core.environment:checking '/home/karol/ros2_ws/src/install/my_package/lib/pkgconfig/my_package.pc'
[2.436s] Level 1:colcon.colcon_core.environment:checking '/home/karol/ros2_ws/src/install/my_package/lib/python3.10/site-packages'
[2.437s] Level 1:colcon.colcon_core.environment:checking '/home/karol/ros2_ws/src/install/my_package/bin'
[2.437s] INFO:colcon.colcon_core.shell:Creating package script '/home/karol/ros2_ws/src/install/my_package/share/my_package/package.ps1'
[2.438s] INFO:colcon.colcon_core.shell:Creating package descriptor '/home/karol/ros2_ws/src/install/my_package/share/my_package/package.dsv'
[2.438s] INFO:colcon.colcon_core.shell:Creating package script '/home/karol/ros2_ws/src/install/my_package/share/my_package/package.sh'
[2.439s] INFO:colcon.colcon_core.shell:Creating package script '/home/karol/ros2_ws/src/install/my_package/share/my_package/package.bash'
[2.439s] INFO:colcon.colcon_core.shell:Creating package script '/home/karol/ros2_ws/src/install/my_package/share/my_package/package.zsh'
[2.439s] Level 1:colcon.colcon_core.environment:create_file_with_runtime_dependencies(/home/karol/ros2_ws/src/install/my_package/share/colcon-core/packages/my_package)
[2.440s] DEBUG:colcon.colcon_ros_domain_id_coordinator.shell.ros_domain_id:Released ROS_DOMAIN_ID=91 for '/home/karol/ros2_ws/src/build/my_package'
[2.876s] Level 1:colcon.colcon_core.environment:checking '/home/karol/ros2_ws/src/install/my_py_pkg' for CMake module files
[2.876s] DEBUG:colcon.colcon_core.event_handler.log_command:Invoked command in '/home/karol/ros2_ws/src/my_py_pkg' returned '0': PYTHONPATH=/home/karol/ros2_ws/src/build/my_py_pkg/prefix_override:/home/karol/ros2_ws/src/install/my_py_pkg/lib/python3.10/site-packages:${PYTHONPATH} /usr/bin/python3 -W ignore:setup.py install is deprecated setup.py egg_info --egg-base ../build/my_py_pkg build --build-base /home/karol/ros2_ws/src/build/my_py_pkg/build install --record /home/karol/ros2_ws/src/build/my_py_pkg/install.log --single-version-externally-managed install_data
[2.876s] Level 1:colcon.colcon_core.environment:checking '/home/karol/ros2_ws/src/install/my_py_pkg' for CMake config files
[2.877s] Level 1:colcon.colcon_core.environment:checking '/home/karol/ros2_ws/src/install/my_py_pkg/lib'
[2.877s] Level 1:colcon.colcon_core.environment:checking '/home/karol/ros2_ws/src/install/my_py_pkg/bin'
[2.877s] Level 1:colcon.colcon_core.environment:checking '/home/karol/ros2_ws/src/install/my_py_pkg/lib/pkgconfig/my_py_pkg.pc'
[2.877s] Level 1:colcon.colcon_core.environment:checking '/home/karol/ros2_ws/src/install/my_py_pkg/lib/python3.10/site-packages'
[2.877s] Level 1:colcon.colcon_core.shell:create_environment_hook('my_py_pkg', 'pythonpath')
[2.878s] INFO:colcon.colcon_core.shell:Creating environment hook '/home/karol/ros2_ws/src/install/my_py_pkg/share/my_py_pkg/hook/pythonpath.ps1'
[2.878s] INFO:colcon.colcon_core.shell:Creating environment descriptor '/home/karol/ros2_ws/src/install/my_py_pkg/share/my_py_pkg/hook/pythonpath.dsv'
[2.878s] INFO:colcon.colcon_core.shell:Creating environment hook '/home/karol/ros2_ws/src/install/my_py_pkg/share/my_py_pkg/hook/pythonpath.sh'
[2.879s] Level 1:colcon.colcon_core.environment:checking '/home/karol/ros2_ws/src/install/my_py_pkg/bin'
[2.879s] Level 1:colcon.colcon_core.environment:create_environment_scripts_only(my_py_pkg)
[2.879s] INFO:colcon.colcon_core.shell:Creating package script '/home/karol/ros2_ws/src/install/my_py_pkg/share/my_py_pkg/package.ps1'
[2.879s] INFO:colcon.colcon_core.shell:Creating package descriptor '/home/karol/ros2_ws/src/install/my_py_pkg/share/my_py_pkg/package.dsv'
[2.880s] INFO:colcon.colcon_core.shell:Creating package script '/home/karol/ros2_ws/src/install/my_py_pkg/share/my_py_pkg/package.sh'
[2.880s] INFO:colcon.colcon_core.shell:Creating package script '/home/karol/ros2_ws/src/install/my_py_pkg/share/my_py_pkg/package.bash'
[2.880s] INFO:colcon.colcon_core.shell:Creating package script '/home/karol/ros2_ws/src/install/my_py_pkg/share/my_py_pkg/package.zsh'
[2.881s] Level 1:colcon.colcon_core.environment:create_file_with_runtime_dependencies(/home/karol/ros2_ws/src/install/my_py_pkg/share/colcon-core/packages/my_py_pkg)
[2.882s] DEBUG:colcon.colcon_ros_domain_id_coordinator.shell.ros_domain_id:Released ROS_DOMAIN_ID=90 for '/home/karol/ros2_ws/src/build/my_py_pkg'
[2.952s] DEBUG:colcon.colcon_core.event_handler.log_command:Invoked command in '/home/karol/ros2_ws/src/build/my_cpp_pkg' returned '0': CMAKE_PREFIX_PATH=/opt/ros/humble ROS_DOMAIN_ID=223 /usr/bin/cmake /home/karol/ros2_ws/src/my_cpp_pkg -DCMAKE_INSTALL_PREFIX=/home/karol/ros2_ws/src/install/my_cpp_pkg
[2.954s] DEBUG:colcon.colcon_core.event_handler.log_command:Invoking command in '/home/karol/ros2_ws/src/build/my_cpp_pkg': CMAKE_PREFIX_PATH=/opt/ros/humble ROS_DOMAIN_ID=223 /usr/bin/cmake --build /home/karol/ros2_ws/src/build/my_cpp_pkg -- -j4 -l4
[2.986s] DEBUG:colcon.colcon_core.event_handler.log_command:Invoked command in '/home/karol/ros2_ws/src/build/my_cpp_pkg' returned '0': CMAKE_PREFIX_PATH=/opt/ros/humble ROS_DOMAIN_ID=223 /usr/bin/cmake --build /home/karol/ros2_ws/src/build/my_cpp_pkg -- -j4 -l4
[3.006s] DEBUG:colcon.colcon_core.event_handler.log_command:Invoking command in '/home/karol/ros2_ws/src/build/my_cpp_pkg': CMAKE_PREFIX_PATH=/opt/ros/humble ROS_DOMAIN_ID=223 /usr/bin/cmake --install /home/karol/ros2_ws/src/build/my_cpp_pkg
[3.016s] Level 1:colcon.colcon_core.environment:create_environment_scripts_only(my_cpp_pkg)
[3.017s] Level 1:colcon.colcon_core.environment:checking '/home/karol/ros2_ws/src/install/my_cpp_pkg' for CMake module files
[3.017s] DEBUG:colcon.colcon_core.event_handler.log_command:Invoked command in '/home/karol/ros2_ws/src/build/my_cpp_pkg' returned '0': CMAKE_PREFIX_PATH=/opt/ros/humble ROS_DOMAIN_ID=223 /usr/bin/cmake --install /home/karol/ros2_ws/src/build/my_cpp_pkg
[3.017s] Level 1:colcon.colcon_core.environment:checking '/home/karol/ros2_ws/src/install/my_cpp_pkg' for CMake config files
[3.017s] Level 1:colcon.colcon_core.shell:create_environment_hook('my_cpp_pkg', 'cmake_prefix_path')
[3.018s] INFO:colcon.colcon_core.shell:Creating environment hook '/home/karol/ros2_ws/src/install/my_cpp_pkg/share/my_cpp_pkg/hook/cmake_prefix_path.ps1'
[3.018s] INFO:colcon.colcon_core.shell:Creating environment descriptor '/home/karol/ros2_ws/src/install/my_cpp_pkg/share/my_cpp_pkg/hook/cmake_prefix_path.dsv'
[3.018s] INFO:colcon.colcon_core.shell:Creating environment hook '/home/karol/ros2_ws/src/install/my_cpp_pkg/share/my_cpp_pkg/hook/cmake_prefix_path.sh'
[3.019s] Level 1:colcon.colcon_core.environment:checking '/home/karol/ros2_ws/src/install/my_cpp_pkg/bin'
[3.019s] Level 1:colcon.colcon_core.environment:checking '/home/karol/ros2_ws/src/install/my_cpp_pkg/lib/pkgconfig/my_cpp_pkg.pc'
[3.019s] Level 1:colcon.colcon_core.environment:checking '/home/karol/ros2_ws/src/install/my_cpp_pkg/lib/python3.10/site-packages'
[3.019s] Level 1:colcon.colcon_core.environment:checking '/home/karol/ros2_ws/src/install/my_cpp_pkg/bin'
[3.019s] INFO:colcon.colcon_core.shell:Creating package script '/home/karol/ros2_ws/src/install/my_cpp_pkg/share/my_cpp_pkg/package.ps1'
[3.020s] INFO:colcon.colcon_core.shell:Creating package descriptor '/home/karol/ros2_ws/src/install/my_cpp_pkg/share/my_cpp_pkg/package.dsv'
[3.020s] INFO:colcon.colcon_core.shell:Creating package script '/home/karol/ros2_ws/src/install/my_cpp_pkg/share/my_cpp_pkg/package.sh'
[3.021s] INFO:colcon.colcon_core.shell:Creating package script '/home/karol/ros2_ws/src/install/my_cpp_pkg/share/my_cpp_pkg/package.bash'
[3.021s] INFO:colcon.colcon_core.shell:Creating package script '/home/karol/ros2_ws/src/install/my_cpp_pkg/share/my_cpp_pkg/package.zsh'
[3.021s] Level 1:colcon.colcon_core.environment:create_file_with_runtime_dependencies(/home/karol/ros2_ws/src/install/my_cpp_pkg/share/colcon-core/packages/my_cpp_pkg)
[3.038s] Level 1:colcon.colcon_core.environment:create_environment_scripts_only(my_cpp_pkg)
[3.038s] Level 1:colcon.colcon_core.environment:checking '/home/karol/ros2_ws/src/install/my_cpp_pkg' for CMake module files
[3.038s] Level 1:colcon.colcon_core.environment:checking '/home/karol/ros2_ws/src/install/my_cpp_pkg' for CMake config files
[3.038s] Level 1:colcon.colcon_core.shell:create_environment_hook('my_cpp_pkg', 'cmake_prefix_path')
[3.039s] INFO:colcon.colcon_core.shell:Creating environment hook '/home/karol/ros2_ws/src/install/my_cpp_pkg/share/my_cpp_pkg/hook/cmake_prefix_path.ps1'
[3.039s] INFO:colcon.colcon_core.shell:Creating environment descriptor '/home/karol/ros2_ws/src/install/my_cpp_pkg/share/my_cpp_pkg/hook/cmake_prefix_path.dsv'
[3.039s] INFO:colcon.colcon_core.shell:Creating environment hook '/home/karol/ros2_ws/src/install/my_cpp_pkg/share/my_cpp_pkg/hook/cmake_prefix_path.sh'
[3.040s] Level 1:colcon.colcon_core.environment:checking '/home/karol/ros2_ws/src/install/my_cpp_pkg/bin'
[3.040s] Level 1:colcon.colcon_core.environment:checking '/home/karol/ros2_ws/src/install/my_cpp_pkg/lib/pkgconfig/my_cpp_pkg.pc'
[3.040s] Level 1:colcon.colcon_core.environment:checking '/home/karol/ros2_ws/src/install/my_cpp_pkg/lib/python3.10/site-packages'
[3.040s] Level 1:colcon.colcon_core.environment:checking '/home/karol/ros2_ws/src/install/my_cpp_pkg/bin'
[3.040s] INFO:colcon.colcon_core.shell:Creating package script '/home/karol/ros2_ws/src/install/my_cpp_pkg/share/my_cpp_pkg/package.ps1'
[3.041s] INFO:colcon.colcon_core.shell:Creating package descriptor '/home/karol/ros2_ws/src/install/my_cpp_pkg/share/my_cpp_pkg/package.dsv'
[3.041s] INFO:colcon.colcon_core.shell:Creating package script '/home/karol/ros2_ws/src/install/my_cpp_pkg/share/my_cpp_pkg/package.sh'
[3.041s] INFO:colcon.colcon_core.shell:Creating package script '/home/karol/ros2_ws/src/install/my_cpp_pkg/share/my_cpp_pkg/package.bash'
[3.042s] INFO:colcon.colcon_core.shell:Creating package script '/home/karol/ros2_ws/src/install/my_cpp_pkg/share/my_cpp_pkg/package.zsh'
[3.042s] Level 1:colcon.colcon_core.environment:create_file_with_runtime_dependencies(/home/karol/ros2_ws/src/install/my_cpp_pkg/share/colcon-core/packages/my_cpp_pkg)
[3.042s] DEBUG:colcon.colcon_parallel_executor.executor.parallel:closing loop
[3.042s] DEBUG:colcon.colcon_ros_domain_id_coordinator.shell.ros_domain_id:Released ROS_DOMAIN_ID=223 for '/home/karol/ros2_ws/src/build/my_cpp_pkg'
[3.042s] DEBUG:colcon.colcon_parallel_executor.executor.parallel:loop closed
[3.042s] DEBUG:colcon.colcon_parallel_executor.executor.parallel:run_until_complete finished with '0'
[3.043s] DEBUG:colcon.colcon_core.event_reactor:joining thread
[3.048s] INFO:colcon.colcon_core.plugin_system:Skipping extension 'colcon_notification.desktop_notification.terminal_notifier': Not used on non-Darwin systems
[3.048s] INFO:colcon.colcon_core.plugin_system:Skipping extension 'colcon_notification.desktop_notification.win32': Not used on non-Windows systems
[3.048s] INFO:colcon.colcon_notification.desktop_notification:Sending desktop notification using 'notify2'
[3.060s] DEBUG:colcon.colcon_core.event_reactor:joined thread
[3.061s] INFO:colcon.colcon_core.shell:Creating prefix script '/home/karol/ros2_ws/src/install/local_setup.ps1'
[3.062s] INFO:colcon.colcon_core.shell:Creating prefix util module '/home/karol/ros2_ws/src/install/_local_setup_util_ps1.py'
[3.063s] INFO:colcon.colcon_core.shell:Creating prefix chain script '/home/karol/ros2_ws/src/install/setup.ps1'
[3.065s] INFO:colcon.colcon_core.shell:Creating prefix script '/home/karol/ros2_ws/src/install/local_setup.sh'
[3.067s] INFO:colcon.colcon_core.shell:Creating prefix util module '/home/karol/ros2_ws/src/install/_local_setup_util_sh.py'
[3.067s] INFO:colcon.colcon_core.shell:Creating prefix chain script '/home/karol/ros2_ws/src/install/setup.sh'
[3.069s] INFO:colcon.colcon_core.shell:Creating prefix script '/home/karol/ros2_ws/src/install/local_setup.bash'
[3.070s] INFO:colcon.colcon_core.shell:Creating prefix chain script '/home/karol/ros2_ws/src/install/setup.bash'
[3.071s] INFO:colcon.colcon_core.shell:Creating prefix script '/home/karol/ros2_ws/src/install/local_setup.zsh'
[3.072s] INFO:colcon.colcon_core.shell:Creating prefix chain script '/home/karol/ros2_ws/src/install/setup.zsh'
[3.073s] INFO:colcon.colcon_core.shell:Creating '/home/karol/ros2_ws/src/install/spawn_shell.bash'
