[0.020s] Invoking command in '/home/karol/ros2_ws/src/build/my_cpp_pkg': CMAKE_PREFIX_PATH=/opt/ros/humble ROS_DOMAIN_ID=223 /usr/bin/cmake /home/karol/ros2_ws/src/my_cpp_pkg -DCMAKE_INSTALL_PREFIX=/home/karol/ros2_ws/src/install/my_cpp_pkg
[0.488s] -- The C compiler identification is GNU 11.4.0
[0.603s] -- The CXX compiler identification is GNU 11.4.0
[0.614s] -- Detecting C compiler ABI info
[0.703s] -- Detecting C compiler ABI info - done
[0.713s] -- Check for working C compiler: /usr/bin/cc - skipped
[0.713s] -- Detecting C compile features
[0.714s] -- Detecting C compile features - done
[0.718s] -- Detecting CXX compiler ABI info
[0.825s] -- Detecting CXX compiler ABI info - done
[0.838s] -- Check for working CXX compiler: /usr/bin/c++ - skipped
[0.838s] -- Detecting CXX compile features
[0.839s] -- Detecting CXX compile features - done
[0.845s] -- Found ament_cmake: 1.3.8 (/opt/ros/humble/share/ament_cmake/cmake)
[1.360s] -- Found Python3: /usr/bin/python3 (found version "3.10.12") found components: Interpreter 
[1.465s] -- Found rclcpp: 16.0.8 (/opt/ros/humble/share/rclcpp/cmake)
[1.527s] -- Found rosidl_generator_c: 3.1.5 (/opt/ros/humble/share/rosidl_generator_c/cmake)
[1.535s] -- Found rosidl_adapter: 3.1.5 (/opt/ros/humble/share/rosidl_adapter/cmake)
[1.544s] -- Found rosidl_generator_cpp: 3.1.5 (/opt/ros/humble/share/rosidl_generator_cpp/cmake)
[1.567s] -- Using all available rosidl_typesupport_c: rosidl_typesupport_fastrtps_c;rosidl_typesupport_introspection_c
[1.595s] -- Using all available rosidl_typesupport_cpp: rosidl_typesupport_fastrtps_cpp;rosidl_typesupport_introspection_cpp
[1.708s] -- Found rmw_implementation_cmake: 6.1.1 (/opt/ros/humble/share/rmw_implementation_cmake/cmake)
[1.713s] -- Found rmw_fastrtps_cpp: 6.2.6 (/opt/ros/humble/share/rmw_fastrtps_cpp/cmake)
[1.876s] -- Found OpenSSL: /usr/lib/x86_64-linux-gnu/libcrypto.so (found version "3.0.2")  
[1.901s] -- Found FastRTPS: /opt/ros/humble/include  
[1.944s] -- Using RMW implementation 'rmw_fastrtps_cpp' as default
[1.955s] -- Looking for pthread.h
[2.020s] -- Looking for pthread.h - found
[2.021s] -- Performing Test CMAKE_HAVE_LIBC_PTHREAD
[2.087s] -- Performing Test CMAKE_HAVE_LIBC_PTHREAD - Success
[2.088s] -- Found Threads: TRUE  
[2.298s] -- Found ament_lint_auto: 0.12.10 (/opt/ros/humble/share/ament_lint_auto/cmake)
[2.372s] -- Added test 'lint_cmake' to check CMake code style
[2.373s] -- Added test 'xmllint' to check XML markup files
[2.374s] -- Configuring done
[2.377s] -- Generating done
[2.378s] -- Build files have been written to: /home/karol/ros2_ws/src/build/my_cpp_pkg
[2.386s] Invoked command in '/home/karol/ros2_ws/src/build/my_cpp_pkg' returned '0': CMAKE_PREFIX_PATH=/opt/ros/humble ROS_DOMAIN_ID=223 /usr/bin/cmake /home/karol/ros2_ws/src/my_cpp_pkg -DCMAKE_INSTALL_PREFIX=/home/karol/ros2_ws/src/install/my_cpp_pkg
[2.387s] Invoking command in '/home/karol/ros2_ws/src/build/my_cpp_pkg': CMAKE_PREFIX_PATH=/opt/ros/humble ROS_DOMAIN_ID=223 /usr/bin/cmake --build /home/karol/ros2_ws/src/build/my_cpp_pkg -- -j4 -l4
[2.420s] Invoked command in '/home/karol/ros2_ws/src/build/my_cpp_pkg' returned '0': CMAKE_PREFIX_PATH=/opt/ros/humble ROS_DOMAIN_ID=223 /usr/bin/cmake --build /home/karol/ros2_ws/src/build/my_cpp_pkg -- -j4 -l4
[2.440s] Invoking command in '/home/karol/ros2_ws/src/build/my_cpp_pkg': CMAKE_PREFIX_PATH=/opt/ros/humble ROS_DOMAIN_ID=223 /usr/bin/cmake --install /home/karol/ros2_ws/src/build/my_cpp_pkg
[2.447s] -- Install configuration: ""
[2.447s] -- Installing: /home/karol/ros2_ws/src/install/my_cpp_pkg/share/ament_index/resource_index/package_run_dependencies/my_cpp_pkg
[2.447s] -- Installing: /home/karol/ros2_ws/src/install/my_cpp_pkg/share/ament_index/resource_index/parent_prefix_path/my_cpp_pkg
[2.447s] -- Installing: /home/karol/ros2_ws/src/install/my_cpp_pkg/share/my_cpp_pkg/environment/ament_prefix_path.sh
[2.447s] -- Installing: /home/karol/ros2_ws/src/install/my_cpp_pkg/share/my_cpp_pkg/environment/ament_prefix_path.dsv
[2.447s] -- Installing: /home/karol/ros2_ws/src/install/my_cpp_pkg/share/my_cpp_pkg/environment/path.sh
[2.448s] -- Installing: /home/karol/ros2_ws/src/install/my_cpp_pkg/share/my_cpp_pkg/environment/path.dsv
[2.448s] -- Installing: /home/karol/ros2_ws/src/install/my_cpp_pkg/share/my_cpp_pkg/local_setup.bash
[2.448s] -- Installing: /home/karol/ros2_ws/src/install/my_cpp_pkg/share/my_cpp_pkg/local_setup.sh
[2.448s] -- Installing: /home/karol/ros2_ws/src/install/my_cpp_pkg/share/my_cpp_pkg/local_setup.zsh
[2.448s] -- Installing: /home/karol/ros2_ws/src/install/my_cpp_pkg/share/my_cpp_pkg/local_setup.dsv
[2.448s] -- Installing: /home/karol/ros2_ws/src/install/my_cpp_pkg/share/my_cpp_pkg/package.dsv
[2.448s] -- Installing: /home/karol/ros2_ws/src/install/my_cpp_pkg/share/ament_index/resource_index/packages/my_cpp_pkg
[2.448s] -- Installing: /home/karol/ros2_ws/src/install/my_cpp_pkg/share/my_cpp_pkg/cmake/my_cpp_pkgConfig.cmake
[2.448s] -- Installing: /home/karol/ros2_ws/src/install/my_cpp_pkg/share/my_cpp_pkg/cmake/my_cpp_pkgConfig-version.cmake
[2.448s] -- Installing: /home/karol/ros2_ws/src/install/my_cpp_pkg/share/my_cpp_pkg/package.xml
[2.451s] Invoked command in '/home/karol/ros2_ws/src/build/my_cpp_pkg' returned '0': CMAKE_PREFIX_PATH=/opt/ros/humble ROS_DOMAIN_ID=223 /usr/bin/cmake --install /home/karol/ros2_ws/src/build/my_cpp_pkg
