running egg_info
writing ../../build/my_py_package/my_py_package.egg-info/PKG-INFO
writing dependency_links to ../../build/my_py_package/my_py_package.egg-info/dependency_links.txt
writing entry points to ../../build/my_py_package/my_py_package.egg-info/entry_points.txt
writing requirements to ../../build/my_py_package/my_py_package.egg-info/requires.txt
writing top-level names to ../../build/my_py_package/my_py_package.egg-info/top_level.txt
reading manifest file '../../build/my_py_package/my_py_package.egg-info/SOURCES.txt'
adding license file 'LICENSE'
writing manifest file '../../build/my_py_package/my_py_package.egg-info/SOURCES.txt'
running build
running build_py
copying my_py_package/add_two_ints_client_no_oop.py -> /home/karol/ros2_ws/build/my_py_package/build/lib/my_py_package
copying my_py_package/my_first_node.py -> /home/karol/ros2_ws/build/my_py_package/build/lib/my_py_package
copying my_py_package/robot_news_station.py -> /home/karol/ros2_ws/build/my_py_package/build/lib/my_py_package
copying my_py_package/hw_status_publisher.py -> /home/karol/ros2_ws/build/my_py_package/build/lib/my_py_package
copying my_py_package/add_two_ints_client.py -> /home/karol/ros2_ws/build/my_py_package/build/lib/my_py_package
copying my_py_package/__init__.py -> /home/karol/ros2_ws/build/my_py_package/build/lib/my_py_package
copying my_py_package/add_two_ints_server.py -> /home/karol/ros2_ws/build/my_py_package/build/lib/my_py_package
copying my_py_package/smartphone.py -> /home/karol/ros2_ws/build/my_py_package/build/lib/my_py_package
running install
running install_lib
running install_data
copying resource/my_py_package -> /home/karol/ros2_ws/install/my_py_package/share/ament_index/resource_index/packages
copying package.xml -> /home/karol/ros2_ws/install/my_py_package/share/my_py_package
running install_egg_info
removing '/home/karol/ros2_ws/install/my_py_package/lib/python3.10/site-packages/my_py_package-0.0.0-py3.10.egg-info' (and everything under it)
Copying ../../build/my_py_package/my_py_package.egg-info to /home/karol/ros2_ws/install/my_py_package/lib/python3.10/site-packages/my_py_package-0.0.0-py3.10.egg-info
running install_scripts
Installing add_two_ints_client script to /home/karol/ros2_ws/install/my_py_package/lib/my_py_package
Installing add_two_ints_client_no_oop script to /home/karol/ros2_ws/install/my_py_package/lib/my_py_package
Installing add_two_ints_server script to /home/karol/ros2_ws/install/my_py_package/lib/my_py_package
Installing battery script to /home/karol/ros2_ws/install/my_py_package/lib/my_py_package
Installing hw_status_publisher script to /home/karol/ros2_ws/install/my_py_package/lib/my_py_package
Installing led_panel script to /home/karol/ros2_ws/install/my_py_package/lib/my_py_package
Installing number_counter script to /home/karol/ros2_ws/install/my_py_package/lib/my_py_package
Installing number_publisher script to /home/karol/ros2_ws/install/my_py_package/lib/my_py_package
Installing py_node script to /home/karol/ros2_ws/install/my_py_package/lib/my_py_package
Installing robot_news_station script to /home/karol/ros2_ws/install/my_py_package/lib/my_py_package
Installing smartphone script to /home/karol/ros2_ws/install/my_py_package/lib/my_py_package
writing list of installed files to '/home/karol/ros2_ws/build/my_py_package/install.log'
