[0.019s] Invoking command in '/home/karol/ros2_ws/build/my_cpp_pkg': CMAKE_PREFIX_PATH=${CMAKE_PREFIX_PATH}:/home/karol/ros2_ws/install/turtlesim_catch_them_all:/home/karol/ros2_ws/install/my_py_package:/opt/ros/humble ROS_DOMAIN_ID=21 /usr/bin/cmake /home/karol/ros2_ws/src/my_cpp_pkg -DCMAKE_INSTALL_PREFIX=/home/karol/ros2_ws/install/my_cpp_pkg
[0.090s] -- The C compiler identification is GNU 11.4.0
[0.213s] -- The CXX compiler identification is GNU 11.4.0
[0.232s] -- Detecting C compiler ABI info
[0.352s] -- Detecting C compiler ABI info - done
[0.366s] -- Check for working C compiler: /usr/bin/cc - skipped
[0.367s] -- Detecting C compile features
[0.368s] -- Detecting C compile features - done
[0.374s] -- Detecting CXX compiler ABI info
[0.513s] -- Detecting CXX compiler ABI info - done
[0.528s] -- Check for working CXX compiler: /usr/bin/c++ - skipped
[0.528s] -- Detecting CXX compile features
[0.529s] -- Detecting CXX compile features - done
[0.534s] -- Found ament_cmake: 1.3.8 (/opt/ros/humble/share/ament_cmake/cmake)
[1.172s] -- Found Python3: /usr/bin/python3 (found version "3.10.12") found components: Interpreter 
[1.312s] -- Found rclcpp: 16.0.8 (/opt/ros/humble/share/rclcpp/cmake)
[1.382s] -- Found rosidl_generator_c: 3.1.5 (/opt/ros/humble/share/rosidl_generator_c/cmake)
[1.386s] -- Found rosidl_adapter: 3.1.5 (/opt/ros/humble/share/rosidl_adapter/cmake)
[1.396s] -- Found rosidl_generator_cpp: 3.1.5 (/opt/ros/humble/share/rosidl_generator_cpp/cmake)
[1.416s] -- Using all available rosidl_typesupport_c: rosidl_typesupport_fastrtps_c;rosidl_typesupport_introspection_c
[1.440s] -- Using all available rosidl_typesupport_cpp: rosidl_typesupport_fastrtps_cpp;rosidl_typesupport_introspection_cpp
[1.521s] -- Found rmw_implementation_cmake: 6.1.1 (/opt/ros/humble/share/rmw_implementation_cmake/cmake)
[1.526s] -- Found rmw_fastrtps_cpp: 6.2.6 (/opt/ros/humble/share/rmw_fastrtps_cpp/cmake)
[1.645s] -- Found OpenSSL: /usr/lib/x86_64-linux-gnu/libcrypto.so (found version "3.0.2")  
[1.687s] -- Found FastRTPS: /opt/ros/humble/include  
[1.742s] -- Using RMW implementation 'rmw_fastrtps_cpp' as default
[1.759s] -- Looking for pthread.h
[1.872s] -- Looking for pthread.h - found
[1.872s] -- Performing Test CMAKE_HAVE_LIBC_PTHREAD
[1.946s] -- Performing Test CMAKE_HAVE_LIBC_PTHREAD - Success
[1.947s] -- Found Threads: TRUE  
[2.269s] -- Found example_interfaces: 0.9.3 (/opt/ros/humble/share/example_interfaces/cmake)
[2.660s] -- Configuring done
[2.683s] -- Generating done
[2.686s] -- Build files have been written to: /home/karol/ros2_ws/build/my_cpp_pkg
[2.701s] Invoked command in '/home/karol/ros2_ws/build/my_cpp_pkg' returned '0': CMAKE_PREFIX_PATH=${CMAKE_PREFIX_PATH}:/home/karol/ros2_ws/install/turtlesim_catch_them_all:/home/karol/ros2_ws/install/my_py_package:/opt/ros/humble ROS_DOMAIN_ID=21 /usr/bin/cmake /home/karol/ros2_ws/src/my_cpp_pkg -DCMAKE_INSTALL_PREFIX=/home/karol/ros2_ws/install/my_cpp_pkg
[2.704s] Invoking command in '/home/karol/ros2_ws/build/my_cpp_pkg': CMAKE_PREFIX_PATH=${CMAKE_PREFIX_PATH}:/home/karol/ros2_ws/install/turtlesim_catch_them_all:/home/karol/ros2_ws/install/my_py_package:/opt/ros/humble ROS_DOMAIN_ID=21 /usr/bin/cmake --build /home/karol/ros2_ws/build/my_cpp_pkg -- -j4 -l4
[2.773s] [ 16%] [32mBuilding CXX object CMakeFiles/robot_news_station.dir/src/robot_news_station.cpp.o[0m
[2.784s] [ 33%] [32mBuilding CXX object CMakeFiles/smartphone.dir/src/smartphone.cpp.o[0m
[2.791s] [ 50%] [32mBuilding CXX object CMakeFiles/cpp_node.dir/src/my_first_node.cpp.o[0m
[9.549s] [ 66%] [32m[1mLinking CXX executable cpp_node[0m
[9.814s] [ 66%] Built target cpp_node
[11.439s] [ 83%] [32m[1mLinking CXX executable robot_news_station[0m
[11.702s] [ 83%] Built target robot_news_station
[15.547s] [100%] [32m[1mLinking CXX executable smartphone[0m
[16.011s] [100%] Built target smartphone
[16.025s] Invoked command in '/home/karol/ros2_ws/build/my_cpp_pkg' returned '0': CMAKE_PREFIX_PATH=${CMAKE_PREFIX_PATH}:/home/karol/ros2_ws/install/turtlesim_catch_them_all:/home/karol/ros2_ws/install/my_py_package:/opt/ros/humble ROS_DOMAIN_ID=21 /usr/bin/cmake --build /home/karol/ros2_ws/build/my_cpp_pkg -- -j4 -l4
[16.054s] Invoking command in '/home/karol/ros2_ws/build/my_cpp_pkg': CMAKE_PREFIX_PATH=${CMAKE_PREFIX_PATH}:/home/karol/ros2_ws/install/turtlesim_catch_them_all:/home/karol/ros2_ws/install/my_py_package:/opt/ros/humble ROS_DOMAIN_ID=21 /usr/bin/cmake --install /home/karol/ros2_ws/build/my_cpp_pkg
[16.062s] -- Install configuration: ""
[16.062s] -- Installing: /home/karol/ros2_ws/install/my_cpp_pkg/lib/my_cpp_pkg/cpp_node
[16.063s] -- Set runtime path of "/home/karol/ros2_ws/install/my_cpp_pkg/lib/my_cpp_pkg/cpp_node" to ""
[16.063s] -- Installing: /home/karol/ros2_ws/install/my_cpp_pkg/lib/my_cpp_pkg/robot_news_station
[16.064s] -- Set runtime path of "/home/karol/ros2_ws/install/my_cpp_pkg/lib/my_cpp_pkg/robot_news_station" to ""
[16.064s] -- Installing: /home/karol/ros2_ws/install/my_cpp_pkg/lib/my_cpp_pkg/smartphone
[16.067s] -- Set runtime path of "/home/karol/ros2_ws/install/my_cpp_pkg/lib/my_cpp_pkg/smartphone" to ""
[16.067s] -- Installing: /home/karol/ros2_ws/install/my_cpp_pkg/share/ament_index/resource_index/package_run_dependencies/my_cpp_pkg
[16.067s] -- Installing: /home/karol/ros2_ws/install/my_cpp_pkg/share/ament_index/resource_index/parent_prefix_path/my_cpp_pkg
[16.067s] -- Installing: /home/karol/ros2_ws/install/my_cpp_pkg/share/my_cpp_pkg/environment/ament_prefix_path.sh
[16.068s] -- Installing: /home/karol/ros2_ws/install/my_cpp_pkg/share/my_cpp_pkg/environment/ament_prefix_path.dsv
[16.068s] -- Installing: /home/karol/ros2_ws/install/my_cpp_pkg/share/my_cpp_pkg/environment/path.sh
[16.068s] -- Installing: /home/karol/ros2_ws/install/my_cpp_pkg/share/my_cpp_pkg/environment/path.dsv
[16.068s] -- Installing: /home/karol/ros2_ws/install/my_cpp_pkg/share/my_cpp_pkg/local_setup.bash
[16.068s] -- Installing: /home/karol/ros2_ws/install/my_cpp_pkg/share/my_cpp_pkg/local_setup.sh
[16.068s] -- Installing: /home/karol/ros2_ws/install/my_cpp_pkg/share/my_cpp_pkg/local_setup.zsh
[16.069s] -- Installing: /home/karol/ros2_ws/install/my_cpp_pkg/share/my_cpp_pkg/local_setup.dsv
[16.069s] -- Installing: /home/karol/ros2_ws/install/my_cpp_pkg/share/my_cpp_pkg/package.dsv
[16.069s] -- Installing: /home/karol/ros2_ws/install/my_cpp_pkg/share/ament_index/resource_index/packages/my_cpp_pkg
[16.069s] -- Installing: /home/karol/ros2_ws/install/my_cpp_pkg/share/my_cpp_pkg/cmake/my_cpp_pkgConfig.cmake
[16.069s] -- Installing: /home/karol/ros2_ws/install/my_cpp_pkg/share/my_cpp_pkg/cmake/my_cpp_pkgConfig-version.cmake
[16.069s] -- Installing: /home/karol/ros2_ws/install/my_cpp_pkg/share/my_cpp_pkg/package.xml
[16.072s] Invoked command in '/home/karol/ros2_ws/build/my_cpp_pkg' returned '0': CMAKE_PREFIX_PATH=${CMAKE_PREFIX_PATH}:/home/karol/ros2_ws/install/turtlesim_catch_them_all:/home/karol/ros2_ws/install/my_py_package:/opt/ros/humble ROS_DOMAIN_ID=21 /usr/bin/cmake --install /home/karol/ros2_ws/build/my_cpp_pkg
