running egg_info
writing ../../build/turtlesim_catch_them_all/turtlesim_catch_them_all.egg-info/PKG-INFO
writing dependency_links to ../../build/turtlesim_catch_them_all/turtlesim_catch_them_all.egg-info/dependency_links.txt
writing entry points to ../../build/turtlesim_catch_them_all/turtlesim_catch_them_all.egg-info/entry_points.txt
writing requirements to ../../build/turtlesim_catch_them_all/turtlesim_catch_them_all.egg-info/requires.txt
writing top-level names to ../../build/turtlesim_catch_them_all/turtlesim_catch_them_all.egg-info/top_level.txt
reading manifest file '../../build/turtlesim_catch_them_all/turtlesim_catch_them_all.egg-info/SOURCES.txt'
writing manifest file '../../build/turtlesim_catch_them_all/turtlesim_catch_them_all.egg-info/SOURCES.txt'
running build
running build_py
copying turtlesim_catch_them_all/__init__.py -> /home/karol/ros2_ws/build/turtlesim_catch_them_all/build/lib/turtlesim_catch_them_all
copying turtlesim_catch_them_all/turtle_controller.py -> /home/karol/ros2_ws/build/turtlesim_catch_them_all/build/lib/turtlesim_catch_them_all
copying turtlesim_catch_them_all/turtle_spawner.py -> /home/karol/ros2_ws/build/turtlesim_catch_them_all/build/lib/turtlesim_catch_them_all
running install
running install_lib
running install_data
copying resource/turtlesim_catch_them_all -> /home/karol/ros2_ws/install/turtlesim_catch_them_all/share/ament_index/resource_index/packages
copying package.xml -> /home/karol/ros2_ws/install/turtlesim_catch_them_all/share/turtlesim_catch_them_all
running install_egg_info
removing '/home/karol/ros2_ws/install/turtlesim_catch_them_all/lib/python3.10/site-packages/turtlesim_catch_them_all-0.0.0-py3.10.egg-info' (and everything under it)
Copying ../../build/turtlesim_catch_them_all/turtlesim_catch_them_all.egg-info to /home/karol/ros2_ws/install/turtlesim_catch_them_all/lib/python3.10/site-packages/turtlesim_catch_them_all-0.0.0-py3.10.egg-info
running install_scripts
Installing turtle_spawner script to /home/karol/ros2_ws/install/turtlesim_catch_them_all/lib/turtlesim_catch_them_all
Installing turtlesim_controller script to /home/karol/ros2_ws/install/turtlesim_catch_them_all/lib/turtlesim_catch_them_all
writing list of installed files to '/home/karol/ros2_ws/build/turtlesim_catch_them_all/install.log'
