[1.492s] Invoking command in '/home/karol/ros2_ws/src/turtlesim_catch_them_all': PYTHONPATH=/home/karol/ros2_ws/build/turtlesim_catch_them_all/prefix_override:/home/karol/ros2_ws/install/turtlesim_catch_them_all/lib/python3.10/site-packages:${PYTHONPATH} ROS_DOMAIN_ID=46 /usr/bin/python3 -W ignore:setup.py install is deprecated setup.py egg_info --egg-base ../../build/turtlesim_catch_them_all build --build-base /home/karol/ros2_ws/build/turtlesim_catch_them_all/build install --record /home/karol/ros2_ws/build/turtlesim_catch_them_all/install.log --single-version-externally-managed install_data
[1.790s] running egg_info
[1.810s] writing ../../build/turtlesim_catch_them_all/turtlesim_catch_them_all.egg-info/PKG-INFO
[1.810s] writing dependency_links to ../../build/turtlesim_catch_them_all/turtlesim_catch_them_all.egg-info/dependency_links.txt
[1.810s] writing entry points to ../../build/turtlesim_catch_them_all/turtlesim_catch_them_all.egg-info/entry_points.txt
[1.811s] writing requirements to ../../build/turtlesim_catch_them_all/turtlesim_catch_them_all.egg-info/requires.txt
[1.811s] writing top-level names to ../../build/turtlesim_catch_them_all/turtlesim_catch_them_all.egg-info/top_level.txt
[1.862s] reading manifest file '../../build/turtlesim_catch_them_all/turtlesim_catch_them_all.egg-info/SOURCES.txt'
[1.864s] writing manifest file '../../build/turtlesim_catch_them_all/turtlesim_catch_them_all.egg-info/SOURCES.txt'
[1.864s] running build
[1.864s] running build_py
[1.864s] copying turtlesim_catch_them_all/__init__.py -> /home/karol/ros2_ws/build/turtlesim_catch_them_all/build/lib/turtlesim_catch_them_all
[1.864s] copying turtlesim_catch_them_all/turtle_controller.py -> /home/karol/ros2_ws/build/turtlesim_catch_them_all/build/lib/turtlesim_catch_them_all
[1.865s] copying turtlesim_catch_them_all/turtle_spawner.py -> /home/karol/ros2_ws/build/turtlesim_catch_them_all/build/lib/turtlesim_catch_them_all
[1.866s] running install
[1.876s] running install_lib
[1.909s] running install_data
[1.909s] copying resource/turtlesim_catch_them_all -> /home/karol/ros2_ws/install/turtlesim_catch_them_all/share/ament_index/resource_index/packages
[1.909s] copying package.xml -> /home/karol/ros2_ws/install/turtlesim_catch_them_all/share/turtlesim_catch_them_all
[1.909s] running install_egg_info
[1.944s] removing '/home/karol/ros2_ws/install/turtlesim_catch_them_all/lib/python3.10/site-packages/turtlesim_catch_them_all-0.0.0-py3.10.egg-info' (and everything under it)
[1.944s] Copying ../../build/turtlesim_catch_them_all/turtlesim_catch_them_all.egg-info to /home/karol/ros2_ws/install/turtlesim_catch_them_all/lib/python3.10/site-packages/turtlesim_catch_them_all-0.0.0-py3.10.egg-info
[1.946s] running install_scripts
[2.102s] Installing turtle_spawner script to /home/karol/ros2_ws/install/turtlesim_catch_them_all/lib/turtlesim_catch_them_all
[2.103s] Installing turtlesim_controller script to /home/karol/ros2_ws/install/turtlesim_catch_them_all/lib/turtlesim_catch_them_all
[2.103s] writing list of installed files to '/home/karol/ros2_ws/build/turtlesim_catch_them_all/install.log'
[2.167s] Invoked command in '/home/karol/ros2_ws/src/turtlesim_catch_them_all' returned '0': PYTHONPATH=/home/karol/ros2_ws/build/turtlesim_catch_them_all/prefix_override:/home/karol/ros2_ws/install/turtlesim_catch_them_all/lib/python3.10/site-packages:${PYTHONPATH} ROS_DOMAIN_ID=46 /usr/bin/python3 -W ignore:setup.py install is deprecated setup.py egg_info --egg-base ../../build/turtlesim_catch_them_all build --build-base /home/karol/ros2_ws/build/turtlesim_catch_them_all/build install --record /home/karol/ros2_ws/build/turtlesim_catch_them_all/install.log --single-version-externally-managed install_data
