[0.312s] DEBUG:colcon:Command line arguments: ['/usr/bin/colcon', 'build']
[0.312s] DEBUG:colcon:Parsed command line arguments: Namespace(log_base=None, log_level=None, verb_name='build', build_base='build', install_base='install', merge_install=False, symlink_install=False, test_result_base=None, continue_on_error=False, executor='parallel', parallel_workers=4, event_handlers=None, ignore_user_meta=False, metas=['./colcon.meta'], base_paths=['.'], packages_ignore=None, packages_ignore_regex=None, paths=None, packages_up_to=None, packages_up_to_regex=None, packages_above=None, packages_above_and_dependencies=None, packages_above_depth=None, packages_select_by_dep=None, packages_skip_by_dep=None, packages_skip_up_to=None, packages_select_build_failed=False, packages_skip_build_finished=False, packages_select_test_failures=False, packages_skip_test_passed=False, packages_select=None, packages_skip=None, packages_select_regex=None, packages_skip_regex=None, packages_start=None, packages_end=None, allow_overriding=[], bazel_args=None, bazel_task=None, cmake_args=None, cmake_target=None, cmake_target_skip_unavailable=False, cmake_clean_cache=False, cmake_clean_first=False, cmake_force_configure=False, meson_args=[], ament_cmake_args=None, catkin_cmake_args=None, catkin_skip_building_tests=False, mixin_files=None, mixin=None, verb_parser=<colcon_alias.argument_parser.alias.AliasArgumentDecorator object at 0x742d718f3fd0>, verb_extension=<colcon_core.verb.build.BuildVerb object at 0x742d718f3370>, main=<bound method BuildVerb.main of <colcon_core.verb.build.BuildVerb object at 0x742d718f3370>>, mixin_verb=('build',))
[0.363s] Level 1:colcon.colcon_core.package_discovery:discover_packages(colcon_meta) check parameters
[0.363s] Level 1:colcon.colcon_core.package_discovery:discover_packages(recursive) check parameters
[0.363s] Level 1:colcon.colcon_core.package_discovery:discover_packages(ignore) check parameters
[0.363s] Level 1:colcon.colcon_core.package_discovery:discover_packages(path) check parameters
[0.363s] Level 1:colcon.colcon_core.package_discovery:discover_packages(colcon_meta) discover
[0.363s] Level 1:colcon.colcon_core.package_discovery:discover_packages(recursive) discover
[0.363s] INFO:colcon.colcon_core.package_discovery:Crawling recursively for packages in '/home/karol/ros2_ws'
[0.363s] Level 1:colcon.colcon_core.package_identification:_identify(.) by extensions ['ignore', 'ignore_ament_install']
[0.363s] Level 1:colcon.colcon_core.package_identification:_identify(.) by extension 'ignore'
[0.363s] Level 1:colcon.colcon_core.package_identification:_identify(.) by extension 'ignore_ament_install'
[0.363s] Level 1:colcon.colcon_core.package_identification:_identify(.) by extensions ['colcon_pkg']
[0.363s] Level 1:colcon.colcon_core.package_identification:_identify(.) by extension 'colcon_pkg'
[0.363s] Level 1:colcon.colcon_core.package_identification:_identify(.) by extensions ['colcon_meta']
[0.363s] Level 1:colcon.colcon_core.package_identification:_identify(.) by extension 'colcon_meta'
[0.363s] Level 1:colcon.colcon_core.package_identification:_identify(.) by extensions ['ros']
[0.363s] Level 1:colcon.colcon_core.package_identification:_identify(.) by extension 'ros'
[0.367s] Level 1:colcon.colcon_core.package_identification:_identify(.) by extensions ['bazel', 'cmake', 'meson', 'python']
[0.368s] Level 1:colcon.colcon_core.package_identification:_identify(.) by extension 'bazel'
[0.368s] Level 1:colcon.colcon_core.package_identification:_identify(.) by extension 'cmake'
[0.368s] Level 1:colcon.colcon_core.package_identification:_identify(.) by extension 'meson'
[0.368s] Level 1:colcon.colcon_core.package_identification:_identify(.) by extension 'python'
[0.368s] Level 1:colcon.colcon_core.package_identification:_identify(.) by extensions ['python_setup_py']
[0.368s] Level 1:colcon.colcon_core.package_identification:_identify(.) by extension 'python_setup_py'
[0.368s] Level 1:colcon.colcon_core.package_identification:_identify(build) by extensions ['ignore', 'ignore_ament_install']
[0.368s] Level 1:colcon.colcon_core.package_identification:_identify(build) by extension 'ignore'
[0.368s] Level 1:colcon.colcon_core.package_identification:_identify(build) ignored
[0.368s] Level 1:colcon.colcon_core.package_identification:_identify(install) by extensions ['ignore', 'ignore_ament_install']
[0.368s] Level 1:colcon.colcon_core.package_identification:_identify(install) by extension 'ignore'
[0.368s] Level 1:colcon.colcon_core.package_identification:_identify(install) ignored
[0.368s] Level 1:colcon.colcon_core.package_identification:_identify(log) by extensions ['ignore', 'ignore_ament_install']
[0.369s] Level 1:colcon.colcon_core.package_identification:_identify(log) by extension 'ignore'
[0.369s] Level 1:colcon.colcon_core.package_identification:_identify(log) ignored
[0.369s] Level 1:colcon.colcon_core.package_identification:_identify(src) by extensions ['ignore', 'ignore_ament_install']
[0.369s] Level 1:colcon.colcon_core.package_identification:_identify(src) by extension 'ignore'
[0.369s] Level 1:colcon.colcon_core.package_identification:_identify(src) by extension 'ignore_ament_install'
[0.369s] Level 1:colcon.colcon_core.package_identification:_identify(src) by extensions ['colcon_pkg']
[0.369s] Level 1:colcon.colcon_core.package_identification:_identify(src) by extension 'colcon_pkg'
[0.369s] Level 1:colcon.colcon_core.package_identification:_identify(src) by extensions ['colcon_meta']
[0.369s] Level 1:colcon.colcon_core.package_identification:_identify(src) by extension 'colcon_meta'
[0.369s] Level 1:colcon.colcon_core.package_identification:_identify(src) by extensions ['ros']
[0.369s] Level 1:colcon.colcon_core.package_identification:_identify(src) by extension 'ros'
[0.369s] Level 1:colcon.colcon_core.package_identification:_identify(src) by extensions ['bazel', 'cmake', 'meson', 'python']
[0.369s] Level 1:colcon.colcon_core.package_identification:_identify(src) by extension 'bazel'
[0.369s] Level 1:colcon.colcon_core.package_identification:_identify(src) by extension 'cmake'
[0.369s] Level 1:colcon.colcon_core.package_identification:_identify(src) by extension 'meson'
[0.369s] Level 1:colcon.colcon_core.package_identification:_identify(src) by extension 'python'
[0.369s] Level 1:colcon.colcon_core.package_identification:_identify(src) by extensions ['python_setup_py']
[0.369s] Level 1:colcon.colcon_core.package_identification:_identify(src) by extension 'python_setup_py'
[0.369s] Level 1:colcon.colcon_core.package_identification:_identify(src/build) by extensions ['ignore', 'ignore_ament_install']
[0.369s] Level 1:colcon.colcon_core.package_identification:_identify(src/build) by extension 'ignore'
[0.370s] Level 1:colcon.colcon_core.package_identification:_identify(src/build) ignored
[0.370s] Level 1:colcon.colcon_core.package_identification:_identify(src/install) by extensions ['ignore', 'ignore_ament_install']
[0.370s] Level 1:colcon.colcon_core.package_identification:_identify(src/install) by extension 'ignore'
[0.370s] Level 1:colcon.colcon_core.package_identification:_identify(src/install) ignored
[0.370s] Level 1:colcon.colcon_core.package_identification:_identify(src/log) by extensions ['ignore', 'ignore_ament_install']
[0.370s] Level 1:colcon.colcon_core.package_identification:_identify(src/log) by extension 'ignore'
[0.370s] Level 1:colcon.colcon_core.package_identification:_identify(src/log) ignored
[0.370s] Level 1:colcon.colcon_core.package_identification:_identify(src/my_cpp_pkg) by extensions ['ignore', 'ignore_ament_install']
[0.370s] Level 1:colcon.colcon_core.package_identification:_identify(src/my_cpp_pkg) by extension 'ignore'
[0.370s] Level 1:colcon.colcon_core.package_identification:_identify(src/my_cpp_pkg) by extension 'ignore_ament_install'
[0.370s] Level 1:colcon.colcon_core.package_identification:_identify(src/my_cpp_pkg) by extensions ['colcon_pkg']
[0.370s] Level 1:colcon.colcon_core.package_identification:_identify(src/my_cpp_pkg) by extension 'colcon_pkg'
[0.370s] Level 1:colcon.colcon_core.package_identification:_identify(src/my_cpp_pkg) by extensions ['colcon_meta']
[0.370s] Level 1:colcon.colcon_core.package_identification:_identify(src/my_cpp_pkg) by extension 'colcon_meta'
[0.370s] Level 1:colcon.colcon_core.package_identification:_identify(src/my_cpp_pkg) by extensions ['ros']
[0.370s] Level 1:colcon.colcon_core.package_identification:_identify(src/my_cpp_pkg) by extension 'ros'
[0.373s] DEBUG:colcon.colcon_core.package_identification:Package 'src/my_cpp_pkg' with type 'ros.ament_cmake' and name 'my_cpp_pkg'
[0.373s] Level 1:colcon.colcon_core.package_identification:_identify(src/my_package) by extensions ['ignore', 'ignore_ament_install']
[0.373s] Level 1:colcon.colcon_core.package_identification:_identify(src/my_package) by extension 'ignore'
[0.373s] Level 1:colcon.colcon_core.package_identification:_identify(src/my_package) by extension 'ignore_ament_install'
[0.373s] Level 1:colcon.colcon_core.package_identification:_identify(src/my_package) by extensions ['colcon_pkg']
[0.373s] Level 1:colcon.colcon_core.package_identification:_identify(src/my_package) by extension 'colcon_pkg'
[0.373s] Level 1:colcon.colcon_core.package_identification:_identify(src/my_package) by extensions ['colcon_meta']
[0.373s] Level 1:colcon.colcon_core.package_identification:_identify(src/my_package) by extension 'colcon_meta'
[0.373s] Level 1:colcon.colcon_core.package_identification:_identify(src/my_package) by extensions ['ros']
[0.373s] Level 1:colcon.colcon_core.package_identification:_identify(src/my_package) by extension 'ros'
[0.374s] DEBUG:colcon.colcon_core.package_identification:Package 'src/my_package' with type 'ros.ament_cmake' and name 'my_package'
[0.374s] Level 1:colcon.colcon_core.package_identification:_identify(src/my_py_package) by extensions ['ignore', 'ignore_ament_install']
[0.374s] Level 1:colcon.colcon_core.package_identification:_identify(src/my_py_package) by extension 'ignore'
[0.374s] Level 1:colcon.colcon_core.package_identification:_identify(src/my_py_package) by extension 'ignore_ament_install'
[0.374s] Level 1:colcon.colcon_core.package_identification:_identify(src/my_py_package) by extensions ['colcon_pkg']
[0.374s] Level 1:colcon.colcon_core.package_identification:_identify(src/my_py_package) by extension 'colcon_pkg'
[0.374s] Level 1:colcon.colcon_core.package_identification:_identify(src/my_py_package) by extensions ['colcon_meta']
[0.374s] Level 1:colcon.colcon_core.package_identification:_identify(src/my_py_package) by extension 'colcon_meta'
[0.374s] Level 1:colcon.colcon_core.package_identification:_identify(src/my_py_package) by extensions ['ros']
[0.374s] Level 1:colcon.colcon_core.package_identification:_identify(src/my_py_package) by extension 'ros'
[0.375s] DEBUG:colcon.colcon_core.package_identification:Package 'src/my_py_package' with type 'ros.ament_python' and name 'my_py_package'
[0.375s] Level 1:colcon.colcon_core.package_identification:_identify(src/my_robot_bringup) by extensions ['ignore', 'ignore_ament_install']
[0.375s] Level 1:colcon.colcon_core.package_identification:_identify(src/my_robot_bringup) by extension 'ignore'
[0.375s] Level 1:colcon.colcon_core.package_identification:_identify(src/my_robot_bringup) by extension 'ignore_ament_install'
[0.375s] Level 1:colcon.colcon_core.package_identification:_identify(src/my_robot_bringup) by extensions ['colcon_pkg']
[0.375s] Level 1:colcon.colcon_core.package_identification:_identify(src/my_robot_bringup) by extension 'colcon_pkg'
[0.375s] Level 1:colcon.colcon_core.package_identification:_identify(src/my_robot_bringup) by extensions ['colcon_meta']
[0.375s] Level 1:colcon.colcon_core.package_identification:_identify(src/my_robot_bringup) by extension 'colcon_meta'
[0.375s] Level 1:colcon.colcon_core.package_identification:_identify(src/my_robot_bringup) by extensions ['ros']
[0.375s] Level 1:colcon.colcon_core.package_identification:_identify(src/my_robot_bringup) by extension 'ros'
[0.376s] DEBUG:colcon.colcon_core.package_identification:Package 'src/my_robot_bringup' with type 'ros.ament_cmake' and name 'my_robot_bringup'
[0.376s] Level 1:colcon.colcon_core.package_identification:_identify(src/my_robot_interfaces) by extensions ['ignore', 'ignore_ament_install']
[0.376s] Level 1:colcon.colcon_core.package_identification:_identify(src/my_robot_interfaces) by extension 'ignore'
[0.376s] Level 1:colcon.colcon_core.package_identification:_identify(src/my_robot_interfaces) by extension 'ignore_ament_install'
[0.376s] Level 1:colcon.colcon_core.package_identification:_identify(src/my_robot_interfaces) by extensions ['colcon_pkg']
[0.376s] Level 1:colcon.colcon_core.package_identification:_identify(src/my_robot_interfaces) by extension 'colcon_pkg'
[0.376s] Level 1:colcon.colcon_core.package_identification:_identify(src/my_robot_interfaces) by extensions ['colcon_meta']
[0.376s] Level 1:colcon.colcon_core.package_identification:_identify(src/my_robot_interfaces) by extension 'colcon_meta'
[0.376s] Level 1:colcon.colcon_core.package_identification:_identify(src/my_robot_interfaces) by extensions ['ros']
[0.376s] Level 1:colcon.colcon_core.package_identification:_identify(src/my_robot_interfaces) by extension 'ros'
[0.377s] DEBUG:colcon.colcon_core.package_identification:Package 'src/my_robot_interfaces' with type 'ros.ament_cmake' and name 'my_robot_interfaces'
[0.377s] Level 1:colcon.colcon_core.package_identification:_identify(src/turtlesim_catch_them_all) by extensions ['ignore', 'ignore_ament_install']
[0.377s] Level 1:colcon.colcon_core.package_identification:_identify(src/turtlesim_catch_them_all) by extension 'ignore'
[0.377s] Level 1:colcon.colcon_core.package_identification:_identify(src/turtlesim_catch_them_all) by extension 'ignore_ament_install'
[0.377s] Level 1:colcon.colcon_core.package_identification:_identify(src/turtlesim_catch_them_all) by extensions ['colcon_pkg']
[0.377s] Level 1:colcon.colcon_core.package_identification:_identify(src/turtlesim_catch_them_all) by extension 'colcon_pkg'
[0.377s] Level 1:colcon.colcon_core.package_identification:_identify(src/turtlesim_catch_them_all) by extensions ['colcon_meta']
[0.377s] Level 1:colcon.colcon_core.package_identification:_identify(src/turtlesim_catch_them_all) by extension 'colcon_meta'
[0.377s] Level 1:colcon.colcon_core.package_identification:_identify(src/turtlesim_catch_them_all) by extensions ['ros']
[0.377s] Level 1:colcon.colcon_core.package_identification:_identify(src/turtlesim_catch_them_all) by extension 'ros'
[0.378s] DEBUG:colcon.colcon_core.package_identification:Package 'src/turtlesim_catch_them_all' with type 'ros.ament_python' and name 'turtlesim_catch_them_all'
[0.378s] Level 1:colcon.colcon_core.package_discovery:discover_packages(recursive) using defaults
[0.378s] Level 1:colcon.colcon_core.package_discovery:discover_packages(ignore) discover
[0.378s] Level 1:colcon.colcon_core.package_discovery:discover_packages(ignore) using defaults
[0.378s] Level 1:colcon.colcon_core.package_discovery:discover_packages(path) discover
[0.378s] Level 1:colcon.colcon_core.package_discovery:discover_packages(path) using defaults
[0.395s] Level 1:colcon.colcon_core.package_discovery:discover_packages(prefix_path) check parameters
[0.395s] Level 1:colcon.colcon_core.package_discovery:discover_packages(prefix_path) discover
[0.396s] WARNING:colcon.colcon_ros.prefix_path.ament:The path '/home/karol/ros2_ws/install/turtlesim_catch_them_all' in the environment variable AMENT_PREFIX_PATH doesn't exist
[0.397s] WARNING:colcon.colcon_ros.prefix_path.ament:The path '/home/karol/ros2_ws/install/my_py_package' in the environment variable AMENT_PREFIX_PATH doesn't exist
[0.397s] WARNING:colcon.colcon_ros.prefix_path.ament:The path '/home/karol/ros2_ws/install/my_robot_bringup' in the environment variable AMENT_PREFIX_PATH doesn't exist
[0.397s] WARNING:colcon.colcon_ros.prefix_path.ament:The path '/home/karol/ros2_ws/install/my_package' in the environment variable AMENT_PREFIX_PATH doesn't exist
[0.397s] WARNING:colcon.colcon_ros.prefix_path.ament:The path '/home/karol/ros2_ws/install/my_cpp_pkg' in the environment variable AMENT_PREFIX_PATH doesn't exist
[0.397s] WARNING:colcon.colcon_ros.prefix_path.catkin:The path '/home/karol/ros2_ws/install/my_robot_bringup' in the environment variable CMAKE_PREFIX_PATH doesn't exist
[0.397s] WARNING:colcon.colcon_ros.prefix_path.catkin:The path '/home/karol/ros2_ws/install/my_package' in the environment variable CMAKE_PREFIX_PATH doesn't exist
[0.397s] WARNING:colcon.colcon_ros.prefix_path.catkin:The path '/home/karol/ros2_ws/install/my_cpp_pkg' in the environment variable CMAKE_PREFIX_PATH doesn't exist
[0.398s] DEBUG:colcon.colcon_installed_package_information.package_discovery:Found 1 installed packages in /home/karol/ros2_ws/install
[0.399s] DEBUG:colcon.colcon_installed_package_information.package_discovery:Found 270 installed packages in /opt/ros/humble
[0.400s] Level 1:colcon.colcon_core.package_discovery:discover_packages(prefix_path) using defaults
[0.451s] Level 5:colcon.colcon_core.verb:set package 'my_cpp_pkg' build argument 'bazel_args' from command line to 'None'
[0.451s] Level 5:colcon.colcon_core.verb:set package 'my_cpp_pkg' build argument 'bazel_task' from command line to 'None'
[0.451s] Level 5:colcon.colcon_core.verb:set package 'my_cpp_pkg' build argument 'cmake_args' from command line to 'None'
[0.451s] Level 5:colcon.colcon_core.verb:set package 'my_cpp_pkg' build argument 'cmake_target' from command line to 'None'
[0.451s] Level 5:colcon.colcon_core.verb:set package 'my_cpp_pkg' build argument 'cmake_target_skip_unavailable' from command line to 'False'
[0.451s] Level 5:colcon.colcon_core.verb:set package 'my_cpp_pkg' build argument 'cmake_clean_cache' from command line to 'False'
[0.451s] Level 5:colcon.colcon_core.verb:set package 'my_cpp_pkg' build argument 'cmake_clean_first' from command line to 'False'
[0.451s] Level 5:colcon.colcon_core.verb:set package 'my_cpp_pkg' build argument 'cmake_force_configure' from command line to 'False'
[0.451s] Level 5:colcon.colcon_core.verb:set package 'my_cpp_pkg' build argument 'meson_args' from command line to '[]'
[0.451s] Level 5:colcon.colcon_core.verb:set package 'my_cpp_pkg' build argument 'ament_cmake_args' from command line to 'None'
[0.451s] Level 5:colcon.colcon_core.verb:set package 'my_cpp_pkg' build argument 'catkin_cmake_args' from command line to 'None'
[0.451s] Level 5:colcon.colcon_core.verb:set package 'my_cpp_pkg' build argument 'catkin_skip_building_tests' from command line to 'False'
[0.451s] DEBUG:colcon.colcon_core.verb:Building package 'my_cpp_pkg' with the following arguments: {'ament_cmake_args': None, 'bazel_args': None, 'bazel_task': None, 'build_base': '/home/karol/ros2_ws/build/my_cpp_pkg', 'catkin_cmake_args': None, 'catkin_skip_building_tests': False, 'cmake_args': None, 'cmake_clean_cache': False, 'cmake_clean_first': False, 'cmake_force_configure': False, 'cmake_target': None, 'cmake_target_skip_unavailable': False, 'install_base': '/home/karol/ros2_ws/install/my_cpp_pkg', 'merge_install': False, 'meson_args': [], 'path': '/home/karol/ros2_ws/src/my_cpp_pkg', 'symlink_install': False, 'test_result_base': None}
[0.464s] Level 5:colcon.colcon_core.verb:set package 'my_package' build argument 'bazel_args' from command line to 'None'
[0.464s] Level 5:colcon.colcon_core.verb:set package 'my_package' build argument 'bazel_task' from command line to 'None'
[0.464s] Level 5:colcon.colcon_core.verb:set package 'my_package' build argument 'cmake_args' from command line to 'None'
[0.464s] Level 5:colcon.colcon_core.verb:set package 'my_package' build argument 'cmake_target' from command line to 'None'
[0.464s] Level 5:colcon.colcon_core.verb:set package 'my_package' build argument 'cmake_target_skip_unavailable' from command line to 'False'
[0.464s] Level 5:colcon.colcon_core.verb:set package 'my_package' build argument 'cmake_clean_cache' from command line to 'False'
[0.464s] Level 5:colcon.colcon_core.verb:set package 'my_package' build argument 'cmake_clean_first' from command line to 'False'
[0.464s] Level 5:colcon.colcon_core.verb:set package 'my_package' build argument 'cmake_force_configure' from command line to 'False'
[0.464s] Level 5:colcon.colcon_core.verb:set package 'my_package' build argument 'meson_args' from command line to '[]'
[0.464s] Level 5:colcon.colcon_core.verb:set package 'my_package' build argument 'ament_cmake_args' from command line to 'None'
[0.464s] Level 5:colcon.colcon_core.verb:set package 'my_package' build argument 'catkin_cmake_args' from command line to 'None'
[0.465s] Level 5:colcon.colcon_core.verb:set package 'my_package' build argument 'catkin_skip_building_tests' from command line to 'False'
[0.465s] DEBUG:colcon.colcon_core.verb:Building package 'my_package' with the following arguments: {'ament_cmake_args': None, 'bazel_args': None, 'bazel_task': None, 'build_base': '/home/karol/ros2_ws/build/my_package', 'catkin_cmake_args': None, 'catkin_skip_building_tests': False, 'cmake_args': None, 'cmake_clean_cache': False, 'cmake_clean_first': False, 'cmake_force_configure': False, 'cmake_target': None, 'cmake_target_skip_unavailable': False, 'install_base': '/home/karol/ros2_ws/install/my_package', 'merge_install': False, 'meson_args': [], 'path': '/home/karol/ros2_ws/src/my_package', 'symlink_install': False, 'test_result_base': None}
[0.478s] Level 5:colcon.colcon_core.verb:set package 'my_robot_interfaces' build argument 'bazel_args' from command line to 'None'
[0.478s] Level 5:colcon.colcon_core.verb:set package 'my_robot_interfaces' build argument 'bazel_task' from command line to 'None'
[0.478s] Level 5:colcon.colcon_core.verb:set package 'my_robot_interfaces' build argument 'cmake_args' from command line to 'None'
[0.478s] Level 5:colcon.colcon_core.verb:set package 'my_robot_interfaces' build argument 'cmake_target' from command line to 'None'
[0.478s] Level 5:colcon.colcon_core.verb:set package 'my_robot_interfaces' build argument 'cmake_target_skip_unavailable' from command line to 'False'
[0.478s] Level 5:colcon.colcon_core.verb:set package 'my_robot_interfaces' build argument 'cmake_clean_cache' from command line to 'False'
[0.478s] Level 5:colcon.colcon_core.verb:set package 'my_robot_interfaces' build argument 'cmake_clean_first' from command line to 'False'
[0.478s] Level 5:colcon.colcon_core.verb:set package 'my_robot_interfaces' build argument 'cmake_force_configure' from command line to 'False'
[0.478s] Level 5:colcon.colcon_core.verb:set package 'my_robot_interfaces' build argument 'meson_args' from command line to '[]'
[0.478s] Level 5:colcon.colcon_core.verb:set package 'my_robot_interfaces' build argument 'ament_cmake_args' from command line to 'None'
[0.478s] Level 5:colcon.colcon_core.verb:set package 'my_robot_interfaces' build argument 'catkin_cmake_args' from command line to 'None'
[0.478s] Level 5:colcon.colcon_core.verb:set package 'my_robot_interfaces' build argument 'catkin_skip_building_tests' from command line to 'False'
[0.478s] DEBUG:colcon.colcon_core.verb:Building package 'my_robot_interfaces' with the following arguments: {'ament_cmake_args': None, 'bazel_args': None, 'bazel_task': None, 'build_base': '/home/karol/ros2_ws/build/my_robot_interfaces', 'catkin_cmake_args': None, 'catkin_skip_building_tests': False, 'cmake_args': None, 'cmake_clean_cache': False, 'cmake_clean_first': False, 'cmake_force_configure': False, 'cmake_target': None, 'cmake_target_skip_unavailable': False, 'install_base': '/home/karol/ros2_ws/install/my_robot_interfaces', 'merge_install': False, 'meson_args': [], 'path': '/home/karol/ros2_ws/src/my_robot_interfaces', 'symlink_install': False, 'test_result_base': None}
[0.491s] Level 5:colcon.colcon_core.verb:set package 'my_py_package' build argument 'bazel_args' from command line to 'None'
[0.491s] Level 5:colcon.colcon_core.verb:set package 'my_py_package' build argument 'bazel_task' from command line to 'None'
[0.491s] Level 5:colcon.colcon_core.verb:set package 'my_py_package' build argument 'cmake_args' from command line to 'None'
[0.491s] Level 5:colcon.colcon_core.verb:set package 'my_py_package' build argument 'cmake_target' from command line to 'None'
[0.491s] Level 5:colcon.colcon_core.verb:set package 'my_py_package' build argument 'cmake_target_skip_unavailable' from command line to 'False'
[0.491s] Level 5:colcon.colcon_core.verb:set package 'my_py_package' build argument 'cmake_clean_cache' from command line to 'False'
[0.491s] Level 5:colcon.colcon_core.verb:set package 'my_py_package' build argument 'cmake_clean_first' from command line to 'False'
[0.491s] Level 5:colcon.colcon_core.verb:set package 'my_py_package' build argument 'cmake_force_configure' from command line to 'False'
[0.491s] Level 5:colcon.colcon_core.verb:set package 'my_py_package' build argument 'meson_args' from command line to '[]'
[0.491s] Level 5:colcon.colcon_core.verb:set package 'my_py_package' build argument 'ament_cmake_args' from command line to 'None'
[0.491s] Level 5:colcon.colcon_core.verb:set package 'my_py_package' build argument 'catkin_cmake_args' from command line to 'None'
[0.491s] Level 5:colcon.colcon_core.verb:set package 'my_py_package' build argument 'catkin_skip_building_tests' from command line to 'False'
[0.491s] DEBUG:colcon.colcon_core.verb:Building package 'my_py_package' with the following arguments: {'ament_cmake_args': None, 'bazel_args': None, 'bazel_task': None, 'build_base': '/home/karol/ros2_ws/build/my_py_package', 'catkin_cmake_args': None, 'catkin_skip_building_tests': False, 'cmake_args': None, 'cmake_clean_cache': False, 'cmake_clean_first': False, 'cmake_force_configure': False, 'cmake_target': None, 'cmake_target_skip_unavailable': False, 'install_base': '/home/karol/ros2_ws/install/my_py_package', 'merge_install': False, 'meson_args': [], 'path': '/home/karol/ros2_ws/src/my_py_package', 'symlink_install': False, 'test_result_base': None}
[0.504s] Level 5:colcon.colcon_core.verb:set package 'turtlesim_catch_them_all' build argument 'bazel_args' from command line to 'None'
[0.505s] Level 5:colcon.colcon_core.verb:set package 'turtlesim_catch_them_all' build argument 'bazel_task' from command line to 'None'
[0.505s] Level 5:colcon.colcon_core.verb:set package 'turtlesim_catch_them_all' build argument 'cmake_args' from command line to 'None'
[0.505s] Level 5:colcon.colcon_core.verb:set package 'turtlesim_catch_them_all' build argument 'cmake_target' from command line to 'None'
[0.505s] Level 5:colcon.colcon_core.verb:set package 'turtlesim_catch_them_all' build argument 'cmake_target_skip_unavailable' from command line to 'False'
[0.505s] Level 5:colcon.colcon_core.verb:set package 'turtlesim_catch_them_all' build argument 'cmake_clean_cache' from command line to 'False'
[0.505s] Level 5:colcon.colcon_core.verb:set package 'turtlesim_catch_them_all' build argument 'cmake_clean_first' from command line to 'False'
[0.505s] Level 5:colcon.colcon_core.verb:set package 'turtlesim_catch_them_all' build argument 'cmake_force_configure' from command line to 'False'
[0.505s] Level 5:colcon.colcon_core.verb:set package 'turtlesim_catch_them_all' build argument 'meson_args' from command line to '[]'
[0.505s] Level 5:colcon.colcon_core.verb:set package 'turtlesim_catch_them_all' build argument 'ament_cmake_args' from command line to 'None'
[0.505s] Level 5:colcon.colcon_core.verb:set package 'turtlesim_catch_them_all' build argument 'catkin_cmake_args' from command line to 'None'
[0.505s] Level 5:colcon.colcon_core.verb:set package 'turtlesim_catch_them_all' build argument 'catkin_skip_building_tests' from command line to 'False'
[0.505s] DEBUG:colcon.colcon_core.verb:Building package 'turtlesim_catch_them_all' with the following arguments: {'ament_cmake_args': None, 'bazel_args': None, 'bazel_task': None, 'build_base': '/home/karol/ros2_ws/build/turtlesim_catch_them_all', 'catkin_cmake_args': None, 'catkin_skip_building_tests': False, 'cmake_args': None, 'cmake_clean_cache': False, 'cmake_clean_first': False, 'cmake_force_configure': False, 'cmake_target': None, 'cmake_target_skip_unavailable': False, 'install_base': '/home/karol/ros2_ws/install/turtlesim_catch_them_all', 'merge_install': False, 'meson_args': [], 'path': '/home/karol/ros2_ws/src/turtlesim_catch_them_all', 'symlink_install': False, 'test_result_base': None}
[0.519s] Level 5:colcon.colcon_core.verb:set package 'my_robot_bringup' build argument 'bazel_args' from command line to 'None'
[0.519s] Level 5:colcon.colcon_core.verb:set package 'my_robot_bringup' build argument 'bazel_task' from command line to 'None'
[0.519s] Level 5:colcon.colcon_core.verb:set package 'my_robot_bringup' build argument 'cmake_args' from command line to 'None'
[0.519s] Level 5:colcon.colcon_core.verb:set package 'my_robot_bringup' build argument 'cmake_target' from command line to 'None'
[0.519s] Level 5:colcon.colcon_core.verb:set package 'my_robot_bringup' build argument 'cmake_target_skip_unavailable' from command line to 'False'
[0.519s] Level 5:colcon.colcon_core.verb:set package 'my_robot_bringup' build argument 'cmake_clean_cache' from command line to 'False'
[0.519s] Level 5:colcon.colcon_core.verb:set package 'my_robot_bringup' build argument 'cmake_clean_first' from command line to 'False'
[0.519s] Level 5:colcon.colcon_core.verb:set package 'my_robot_bringup' build argument 'cmake_force_configure' from command line to 'False'
[0.520s] Level 5:colcon.colcon_core.verb:set package 'my_robot_bringup' build argument 'meson_args' from command line to '[]'
[0.520s] Level 5:colcon.colcon_core.verb:set package 'my_robot_bringup' build argument 'ament_cmake_args' from command line to 'None'
[0.520s] Level 5:colcon.colcon_core.verb:set package 'my_robot_bringup' build argument 'catkin_cmake_args' from command line to 'None'
[0.520s] Level 5:colcon.colcon_core.verb:set package 'my_robot_bringup' build argument 'catkin_skip_building_tests' from command line to 'False'
[0.520s] DEBUG:colcon.colcon_core.verb:Building package 'my_robot_bringup' with the following arguments: {'ament_cmake_args': None, 'bazel_args': None, 'bazel_task': None, 'build_base': '/home/karol/ros2_ws/build/my_robot_bringup', 'catkin_cmake_args': None, 'catkin_skip_building_tests': False, 'cmake_args': None, 'cmake_clean_cache': False, 'cmake_clean_first': False, 'cmake_force_configure': False, 'cmake_target': None, 'cmake_target_skip_unavailable': False, 'install_base': '/home/karol/ros2_ws/install/my_robot_bringup', 'merge_install': False, 'meson_args': [], 'path': '/home/karol/ros2_ws/src/my_robot_bringup', 'symlink_install': False, 'test_result_base': None}
[0.520s] INFO:colcon.colcon_core.executor:Executing jobs using 'parallel' executor
[0.521s] DEBUG:colcon.colcon_parallel_executor.executor.parallel:run_until_complete
[0.522s] INFO:colcon.colcon_ros.task.ament_cmake.build:Building ROS package in '/home/karol/ros2_ws/src/my_robot_interfaces' with build type 'ament_cmake'
[0.522s] INFO:colcon.colcon_cmake.task.cmake.build:Building CMake package in '/home/karol/ros2_ws/src/my_robot_interfaces'
[0.524s] INFO:colcon.colcon_core.plugin_system:Skipping extension 'colcon_core.shell.bat': Not used on non-Windows systems
[0.524s] DEBUG:colcon.colcon_ros_domain_id_coordinator.shell.ros_domain_id:Allocated ROS_DOMAIN_ID=13 for '/home/karol/ros2_ws/build/my_robot_interfaces'
[0.524s] INFO:colcon.colcon_core.shell:Skip shell extension 'ros_domain_id' for command environment: 
[0.524s] INFO:colcon.colcon_core.shell:Skip shell extension 'powershell' for command environment: Not usable outside of PowerShell
[0.524s] DEBUG:colcon.colcon_core.shell:Skip shell extension 'dsv' for command environment
[0.527s] INFO:colcon.colcon_ros.task.ament_cmake.build:Building ROS package in '/home/karol/ros2_ws/src/my_cpp_pkg' with build type 'ament_cmake'
[0.528s] INFO:colcon.colcon_cmake.task.cmake.build:Building CMake package in '/home/karol/ros2_ws/src/my_cpp_pkg'
[0.528s] DEBUG:colcon.colcon_ros_domain_id_coordinator.shell.ros_domain_id:Allocated ROS_DOMAIN_ID=21 for '/home/karol/ros2_ws/build/my_cpp_pkg'
[0.528s] INFO:colcon.colcon_core.shell:Skip shell extension 'ros_domain_id' for command environment: 
[0.528s] INFO:colcon.colcon_core.shell:Skip shell extension 'powershell' for command environment: Not usable outside of PowerShell
[0.528s] DEBUG:colcon.colcon_core.shell:Skip shell extension 'dsv' for command environment
[0.531s] INFO:colcon.colcon_ros.task.ament_cmake.build:Building ROS package in '/home/karol/ros2_ws/src/my_package' with build type 'ament_cmake'
[0.531s] INFO:colcon.colcon_cmake.task.cmake.build:Building CMake package in '/home/karol/ros2_ws/src/my_package'
[0.532s] DEBUG:colcon.colcon_ros_domain_id_coordinator.shell.ros_domain_id:Allocated ROS_DOMAIN_ID=53 for '/home/karol/ros2_ws/build/my_package'
[0.532s] INFO:colcon.colcon_core.shell:Skip shell extension 'ros_domain_id' for command environment: 
[0.532s] INFO:colcon.colcon_core.shell:Skip shell extension 'powershell' for command environment: Not usable outside of PowerShell
[0.532s] DEBUG:colcon.colcon_core.shell:Skip shell extension 'dsv' for command environment
[0.542s] DEBUG:colcon.colcon_core.event_handler.log_command:Invoking command in '/home/karol/ros2_ws/build/my_robot_interfaces': CMAKE_PREFIX_PATH=${CMAKE_PREFIX_PATH}:/home/karol/ros2_ws/install/turtlesim_catch_them_all:/home/karol/ros2_ws/install/my_py_package:/opt/ros/humble ROS_DOMAIN_ID=13 /usr/bin/cmake --build /home/karol/ros2_ws/build/my_robot_interfaces -- -j4 -l4
[0.547s] DEBUG:colcon.colcon_core.event_handler.log_command:Invoking command in '/home/karol/ros2_ws/build/my_cpp_pkg': CMAKE_PREFIX_PATH=${CMAKE_PREFIX_PATH}:/home/karol/ros2_ws/install/turtlesim_catch_them_all:/home/karol/ros2_ws/install/my_py_package:/opt/ros/humble ROS_DOMAIN_ID=21 /usr/bin/cmake /home/karol/ros2_ws/src/my_cpp_pkg -DCMAKE_INSTALL_PREFIX=/home/karol/ros2_ws/install/my_cpp_pkg
[0.556s] DEBUG:colcon.colcon_core.event_handler.log_command:Invoking command in '/home/karol/ros2_ws/build/my_package': CMAKE_PREFIX_PATH=${CMAKE_PREFIX_PATH}:/home/karol/ros2_ws/install/turtlesim_catch_them_all:/home/karol/ros2_ws/install/my_py_package:/opt/ros/humble /usr/bin/cmake /home/karol/ros2_ws/src/my_package -DCMAKE_INSTALL_PREFIX=/home/karol/ros2_ws/install/my_package
[1.310s] DEBUG:colcon.colcon_core.event_handler.log_command:Invoked command in '/home/karol/ros2_ws/build/my_robot_interfaces' returned '0': CMAKE_PREFIX_PATH=${CMAKE_PREFIX_PATH}:/home/karol/ros2_ws/install/turtlesim_catch_them_all:/home/karol/ros2_ws/install/my_py_package:/opt/ros/humble ROS_DOMAIN_ID=13 /usr/bin/cmake --build /home/karol/ros2_ws/build/my_robot_interfaces -- -j4 -l4
[1.581s] DEBUG:colcon.colcon_core.event_handler.log_command:Invoking command in '/home/karol/ros2_ws/build/my_robot_interfaces': CMAKE_PREFIX_PATH=${CMAKE_PREFIX_PATH}:/home/karol/ros2_ws/install/turtlesim_catch_them_all:/home/karol/ros2_ws/install/my_py_package:/opt/ros/humble ROS_DOMAIN_ID=13 /usr/bin/cmake --install /home/karol/ros2_ws/build/my_robot_interfaces
[1.694s] Level 1:colcon.colcon_core.environment:create_environment_scripts_only(my_robot_interfaces)
[1.694s] DEBUG:colcon.colcon_core.event_handler.log_command:Invoked command in '/home/karol/ros2_ws/build/my_robot_interfaces' returned '0': CMAKE_PREFIX_PATH=${CMAKE_PREFIX_PATH}:/home/karol/ros2_ws/install/turtlesim_catch_them_all:/home/karol/ros2_ws/install/my_py_package:/opt/ros/humble ROS_DOMAIN_ID=13 /usr/bin/cmake --install /home/karol/ros2_ws/build/my_robot_interfaces
[1.699s] Level 1:colcon.colcon_core.environment:checking '/home/karol/ros2_ws/install/my_robot_interfaces' for CMake module files
[1.701s] Level 1:colcon.colcon_core.environment:checking '/home/karol/ros2_ws/install/my_robot_interfaces' for CMake config files
[1.701s] Level 1:colcon.colcon_core.shell:create_environment_hook('my_robot_interfaces', 'cmake_prefix_path')
[1.702s] INFO:colcon.colcon_core.shell:Creating environment hook '/home/karol/ros2_ws/install/my_robot_interfaces/share/my_robot_interfaces/hook/cmake_prefix_path.ps1'
[1.703s] INFO:colcon.colcon_core.shell:Creating environment descriptor '/home/karol/ros2_ws/install/my_robot_interfaces/share/my_robot_interfaces/hook/cmake_prefix_path.dsv'
[1.704s] INFO:colcon.colcon_core.shell:Creating environment hook '/home/karol/ros2_ws/install/my_robot_interfaces/share/my_robot_interfaces/hook/cmake_prefix_path.sh'
[1.706s] Level 1:colcon.colcon_core.environment:checking '/home/karol/ros2_ws/install/my_robot_interfaces/lib'
[1.706s] Level 1:colcon.colcon_core.shell:create_environment_hook('my_robot_interfaces', 'ld_library_path_lib')
[1.707s] INFO:colcon.colcon_core.shell:Creating environment hook '/home/karol/ros2_ws/install/my_robot_interfaces/share/my_robot_interfaces/hook/ld_library_path_lib.ps1'
[1.707s] INFO:colcon.colcon_core.shell:Creating environment descriptor '/home/karol/ros2_ws/install/my_robot_interfaces/share/my_robot_interfaces/hook/ld_library_path_lib.dsv'
[1.708s] INFO:colcon.colcon_core.shell:Creating environment hook '/home/karol/ros2_ws/install/my_robot_interfaces/share/my_robot_interfaces/hook/ld_library_path_lib.sh'
[1.708s] Level 1:colcon.colcon_core.environment:checking '/home/karol/ros2_ws/install/my_robot_interfaces/bin'
[1.708s] Level 1:colcon.colcon_core.environment:checking '/home/karol/ros2_ws/install/my_robot_interfaces/lib/pkgconfig/my_robot_interfaces.pc'
[1.709s] Level 1:colcon.colcon_core.environment:checking '/home/karol/ros2_ws/install/my_robot_interfaces/lib/python3.10/site-packages'
[1.709s] Level 1:colcon.colcon_core.environment:checking '/home/karol/ros2_ws/install/my_robot_interfaces/bin'
[1.710s] INFO:colcon.colcon_core.shell:Creating package script '/home/karol/ros2_ws/install/my_robot_interfaces/share/my_robot_interfaces/package.ps1'
[1.711s] INFO:colcon.colcon_core.shell:Creating package descriptor '/home/karol/ros2_ws/install/my_robot_interfaces/share/my_robot_interfaces/package.dsv'
[1.713s] INFO:colcon.colcon_core.shell:Creating package script '/home/karol/ros2_ws/install/my_robot_interfaces/share/my_robot_interfaces/package.sh'
[1.714s] INFO:colcon.colcon_core.shell:Creating package script '/home/karol/ros2_ws/install/my_robot_interfaces/share/my_robot_interfaces/package.bash'
[1.715s] INFO:colcon.colcon_core.shell:Creating package script '/home/karol/ros2_ws/install/my_robot_interfaces/share/my_robot_interfaces/package.zsh'
[1.716s] Level 1:colcon.colcon_core.environment:create_file_with_runtime_dependencies(/home/karol/ros2_ws/install/my_robot_interfaces/share/colcon-core/packages/my_robot_interfaces)
[1.908s] Level 1:colcon.colcon_core.environment:create_environment_scripts_only(my_robot_interfaces)
[1.908s] Level 1:colcon.colcon_core.environment:checking '/home/karol/ros2_ws/install/my_robot_interfaces' for CMake module files
[1.910s] Level 1:colcon.colcon_core.environment:checking '/home/karol/ros2_ws/install/my_robot_interfaces' for CMake config files
[1.910s] Level 1:colcon.colcon_core.shell:create_environment_hook('my_robot_interfaces', 'cmake_prefix_path')
[1.911s] INFO:colcon.colcon_core.shell:Creating environment hook '/home/karol/ros2_ws/install/my_robot_interfaces/share/my_robot_interfaces/hook/cmake_prefix_path.ps1'
[1.911s] INFO:colcon.colcon_core.shell:Creating environment descriptor '/home/karol/ros2_ws/install/my_robot_interfaces/share/my_robot_interfaces/hook/cmake_prefix_path.dsv'
[1.912s] INFO:colcon.colcon_core.shell:Creating environment hook '/home/karol/ros2_ws/install/my_robot_interfaces/share/my_robot_interfaces/hook/cmake_prefix_path.sh'
[1.912s] Level 1:colcon.colcon_core.environment:checking '/home/karol/ros2_ws/install/my_robot_interfaces/lib'
[1.912s] Level 1:colcon.colcon_core.shell:create_environment_hook('my_robot_interfaces', 'ld_library_path_lib')
[1.913s] INFO:colcon.colcon_core.shell:Creating environment hook '/home/karol/ros2_ws/install/my_robot_interfaces/share/my_robot_interfaces/hook/ld_library_path_lib.ps1'
[1.913s] INFO:colcon.colcon_core.shell:Creating environment descriptor '/home/karol/ros2_ws/install/my_robot_interfaces/share/my_robot_interfaces/hook/ld_library_path_lib.dsv'
[1.914s] INFO:colcon.colcon_core.shell:Creating environment hook '/home/karol/ros2_ws/install/my_robot_interfaces/share/my_robot_interfaces/hook/ld_library_path_lib.sh'
[1.915s] Level 1:colcon.colcon_core.environment:checking '/home/karol/ros2_ws/install/my_robot_interfaces/bin'
[1.915s] Level 1:colcon.colcon_core.environment:checking '/home/karol/ros2_ws/install/my_robot_interfaces/lib/pkgconfig/my_robot_interfaces.pc'
[1.915s] Level 1:colcon.colcon_core.environment:checking '/home/karol/ros2_ws/install/my_robot_interfaces/lib/python3.10/site-packages'
[1.915s] Level 1:colcon.colcon_core.environment:checking '/home/karol/ros2_ws/install/my_robot_interfaces/bin'
[1.916s] INFO:colcon.colcon_core.shell:Creating package script '/home/karol/ros2_ws/install/my_robot_interfaces/share/my_robot_interfaces/package.ps1'
[1.917s] INFO:colcon.colcon_core.shell:Creating package descriptor '/home/karol/ros2_ws/install/my_robot_interfaces/share/my_robot_interfaces/package.dsv'
[1.917s] INFO:colcon.colcon_core.shell:Creating package script '/home/karol/ros2_ws/install/my_robot_interfaces/share/my_robot_interfaces/package.sh'
[1.918s] INFO:colcon.colcon_core.shell:Creating package script '/home/karol/ros2_ws/install/my_robot_interfaces/share/my_robot_interfaces/package.bash'
[1.918s] INFO:colcon.colcon_core.shell:Creating package script '/home/karol/ros2_ws/install/my_robot_interfaces/share/my_robot_interfaces/package.zsh'
[1.918s] Level 1:colcon.colcon_core.environment:create_file_with_runtime_dependencies(/home/karol/ros2_ws/install/my_robot_interfaces/share/colcon-core/packages/my_robot_interfaces)
[1.919s] INFO:colcon.colcon_ros.task.ament_python.build:Building ROS package in '/home/karol/ros2_ws/src/turtlesim_catch_them_all' with build type 'ament_python'
[1.919s] DEBUG:colcon.colcon_ros_domain_id_coordinator.shell.ros_domain_id:Released ROS_DOMAIN_ID=13 for '/home/karol/ros2_ws/build/my_robot_interfaces'
[1.919s] Level 1:colcon.colcon_core.shell:create_environment_hook('turtlesim_catch_them_all', 'ament_prefix_path')
[1.919s] INFO:colcon.colcon_core.shell:Creating environment hook '/home/karol/ros2_ws/install/turtlesim_catch_them_all/share/turtlesim_catch_them_all/hook/ament_prefix_path.ps1'
[1.921s] INFO:colcon.colcon_core.shell:Creating environment descriptor '/home/karol/ros2_ws/install/turtlesim_catch_them_all/share/turtlesim_catch_them_all/hook/ament_prefix_path.dsv'
[1.922s] INFO:colcon.colcon_core.shell:Creating environment hook '/home/karol/ros2_ws/install/turtlesim_catch_them_all/share/turtlesim_catch_them_all/hook/ament_prefix_path.sh'
[1.923s] DEBUG:colcon.colcon_ros_domain_id_coordinator.shell.ros_domain_id:Allocated ROS_DOMAIN_ID=86 for '/home/karol/ros2_ws/build/turtlesim_catch_them_all'
[1.923s] INFO:colcon.colcon_core.shell:Skip shell extension 'ros_domain_id' for command environment: 
[1.923s] INFO:colcon.colcon_core.shell:Skip shell extension 'powershell' for command environment: Not usable outside of PowerShell
[1.923s] DEBUG:colcon.colcon_core.shell:Skip shell extension 'dsv' for command environment
[1.928s] INFO:colcon.colcon_ros.task.ament_python.build:Building ROS package in '/home/karol/ros2_ws/src/my_py_package' with build type 'ament_python'
[1.929s] Level 1:colcon.colcon_core.shell:create_environment_hook('my_py_package', 'ament_prefix_path')
[1.929s] INFO:colcon.colcon_core.shell:Creating environment hook '/home/karol/ros2_ws/install/my_py_package/share/my_py_package/hook/ament_prefix_path.ps1'
[1.930s] INFO:colcon.colcon_core.shell:Creating environment descriptor '/home/karol/ros2_ws/install/my_py_package/share/my_py_package/hook/ament_prefix_path.dsv'
[1.930s] INFO:colcon.colcon_core.shell:Creating environment hook '/home/karol/ros2_ws/install/my_py_package/share/my_py_package/hook/ament_prefix_path.sh'
[1.931s] DEBUG:colcon.colcon_ros_domain_id_coordinator.shell.ros_domain_id:Allocated ROS_DOMAIN_ID=225 for '/home/karol/ros2_ws/build/my_py_package'
[1.931s] INFO:colcon.colcon_core.shell:Skip shell extension 'ros_domain_id' for command environment: 
[1.931s] INFO:colcon.colcon_core.shell:Skip shell extension 'powershell' for command environment: Not usable outside of PowerShell
[1.931s] DEBUG:colcon.colcon_core.shell:Skip shell extension 'dsv' for command environment
[2.195s] INFO:colcon.colcon_core.task.python.build:Building Python package in '/home/karol/ros2_ws/src/turtlesim_catch_them_all'
[2.195s] DEBUG:colcon.colcon_ros_domain_id_coordinator.shell.ros_domain_id:Allocated ROS_DOMAIN_ID=86 for '/home/karol/ros2_ws/build/turtlesim_catch_them_all'
[2.196s] INFO:colcon.colcon_core.shell:Skip shell extension 'ros_domain_id' for command environment: 
[2.196s] INFO:colcon.colcon_core.shell:Skip shell extension 'powershell' for command environment: Not usable outside of PowerShell
[2.196s] DEBUG:colcon.colcon_core.shell:Skip shell extension 'dsv' for command environment
[2.201s] DEBUG:colcon.colcon_core.event_handler.log_command:Invoked command in '/home/karol/ros2_ws/build/my_package' returned '0': CMAKE_PREFIX_PATH=${CMAKE_PREFIX_PATH}:/home/karol/ros2_ws/install/turtlesim_catch_them_all:/home/karol/ros2_ws/install/my_py_package:/opt/ros/humble ROS_DOMAIN_ID=53 /usr/bin/cmake /home/karol/ros2_ws/src/my_package -DCMAKE_INSTALL_PREFIX=/home/karol/ros2_ws/install/my_package
[2.203s] DEBUG:colcon.colcon_core.event_handler.log_command:Invoking command in '/home/karol/ros2_ws/build/my_package': CMAKE_PREFIX_PATH=${CMAKE_PREFIX_PATH}:/home/karol/ros2_ws/install/turtlesim_catch_them_all:/home/karol/ros2_ws/install/my_py_package:/opt/ros/humble ROS_DOMAIN_ID=53 /usr/bin/cmake --build /home/karol/ros2_ws/build/my_package -- -j4 -l4
[2.516s] INFO:colcon.colcon_core.task.python.build:Building Python package in '/home/karol/ros2_ws/src/my_py_package'
[2.517s] DEBUG:colcon.colcon_ros_domain_id_coordinator.shell.ros_domain_id:Allocated ROS_DOMAIN_ID=225 for '/home/karol/ros2_ws/build/my_py_package'
[2.517s] INFO:colcon.colcon_core.shell:Skip shell extension 'ros_domain_id' for command environment: 
[2.517s] INFO:colcon.colcon_core.shell:Skip shell extension 'powershell' for command environment: Not usable outside of PowerShell
[2.517s] DEBUG:colcon.colcon_core.shell:Skip shell extension 'dsv' for command environment
[2.525s] DEBUG:colcon.colcon_core.event_handler.log_command:Invoked command in '/home/karol/ros2_ws/build/my_package' returned '0': CMAKE_PREFIX_PATH=${CMAKE_PREFIX_PATH}:/home/karol/ros2_ws/install/turtlesim_catch_them_all:/home/karol/ros2_ws/install/my_py_package:/opt/ros/humble ROS_DOMAIN_ID=53 /usr/bin/cmake --build /home/karol/ros2_ws/build/my_package -- -j4 -l4
[2.573s] DEBUG:colcon.colcon_core.event_handler.log_command:Invoking command in '/home/karol/ros2_ws/build/my_package': CMAKE_PREFIX_PATH=${CMAKE_PREFIX_PATH}:/home/karol/ros2_ws/install/turtlesim_catch_them_all:/home/karol/ros2_ws/install/my_py_package:/opt/ros/humble ROS_DOMAIN_ID=53 /usr/bin/cmake --install /home/karol/ros2_ws/build/my_package
[2.591s] Level 1:colcon.colcon_core.environment:create_environment_scripts_only(my_package)
[2.592s] Level 1:colcon.colcon_core.environment:checking '/home/karol/ros2_ws/install/my_package' for CMake module files
[2.593s] Level 1:colcon.colcon_core.environment:checking '/home/karol/ros2_ws/install/my_package' for CMake config files
[2.593s] Level 1:colcon.colcon_core.shell:create_environment_hook('my_package', 'cmake_prefix_path')
[2.593s] INFO:colcon.colcon_core.shell:Creating environment hook '/home/karol/ros2_ws/install/my_package/share/my_package/hook/cmake_prefix_path.ps1'
[2.594s] INFO:colcon.colcon_core.shell:Creating environment descriptor '/home/karol/ros2_ws/install/my_package/share/my_package/hook/cmake_prefix_path.dsv'
[2.597s] DEBUG:colcon.colcon_core.event_handler.log_command:Invoked command in '/home/karol/ros2_ws/build/my_package' returned '0': CMAKE_PREFIX_PATH=${CMAKE_PREFIX_PATH}:/home/karol/ros2_ws/install/turtlesim_catch_them_all:/home/karol/ros2_ws/install/my_py_package:/opt/ros/humble ROS_DOMAIN_ID=53 /usr/bin/cmake --install /home/karol/ros2_ws/build/my_package
[2.598s] INFO:colcon.colcon_core.shell:Creating environment hook '/home/karol/ros2_ws/install/my_package/share/my_package/hook/cmake_prefix_path.sh'
[2.599s] Level 1:colcon.colcon_core.environment:checking '/home/karol/ros2_ws/install/my_package/lib'
[2.599s] Level 1:colcon.colcon_core.environment:checking '/home/karol/ros2_ws/install/my_package/bin'
[2.599s] Level 1:colcon.colcon_core.environment:checking '/home/karol/ros2_ws/install/my_package/lib/pkgconfig/my_package.pc'
[2.599s] Level 1:colcon.colcon_core.environment:checking '/home/karol/ros2_ws/install/my_package/lib/python3.10/site-packages'
[2.600s] Level 1:colcon.colcon_core.environment:checking '/home/karol/ros2_ws/install/my_package/bin'
[2.600s] INFO:colcon.colcon_core.shell:Creating package script '/home/karol/ros2_ws/install/my_package/share/my_package/package.ps1'
[2.601s] INFO:colcon.colcon_core.shell:Creating package descriptor '/home/karol/ros2_ws/install/my_package/share/my_package/package.dsv'
[2.602s] INFO:colcon.colcon_core.shell:Creating package script '/home/karol/ros2_ws/install/my_package/share/my_package/package.sh'
[2.603s] INFO:colcon.colcon_core.shell:Creating package script '/home/karol/ros2_ws/install/my_package/share/my_package/package.bash'
[2.603s] INFO:colcon.colcon_core.shell:Creating package script '/home/karol/ros2_ws/install/my_package/share/my_package/package.zsh'
[2.604s] Level 1:colcon.colcon_core.environment:create_file_with_runtime_dependencies(/home/karol/ros2_ws/install/my_package/share/colcon-core/packages/my_package)
[2.647s] Level 1:colcon.colcon_core.environment:create_environment_scripts_only(my_package)
[2.647s] Level 1:colcon.colcon_core.environment:checking '/home/karol/ros2_ws/install/my_package' for CMake module files
[2.648s] Level 1:colcon.colcon_core.environment:checking '/home/karol/ros2_ws/install/my_package' for CMake config files
[2.648s] Level 1:colcon.colcon_core.shell:create_environment_hook('my_package', 'cmake_prefix_path')
[2.649s] INFO:colcon.colcon_core.shell:Creating environment hook '/home/karol/ros2_ws/install/my_package/share/my_package/hook/cmake_prefix_path.ps1'
[2.650s] INFO:colcon.colcon_core.shell:Creating environment descriptor '/home/karol/ros2_ws/install/my_package/share/my_package/hook/cmake_prefix_path.dsv'
[2.650s] INFO:colcon.colcon_core.shell:Creating environment hook '/home/karol/ros2_ws/install/my_package/share/my_package/hook/cmake_prefix_path.sh'
[2.651s] Level 1:colcon.colcon_core.environment:checking '/home/karol/ros2_ws/install/my_package/lib'
[2.652s] Level 1:colcon.colcon_core.environment:checking '/home/karol/ros2_ws/install/my_package/bin'
[2.652s] Level 1:colcon.colcon_core.environment:checking '/home/karol/ros2_ws/install/my_package/lib/pkgconfig/my_package.pc'
[2.653s] Level 1:colcon.colcon_core.environment:checking '/home/karol/ros2_ws/install/my_package/lib/python3.10/site-packages'
[2.653s] Level 1:colcon.colcon_core.environment:checking '/home/karol/ros2_ws/install/my_package/bin'
[2.654s] INFO:colcon.colcon_core.shell:Creating package script '/home/karol/ros2_ws/install/my_package/share/my_package/package.ps1'
[2.655s] INFO:colcon.colcon_core.shell:Creating package descriptor '/home/karol/ros2_ws/install/my_package/share/my_package/package.dsv'
[2.656s] INFO:colcon.colcon_core.shell:Creating package script '/home/karol/ros2_ws/install/my_package/share/my_package/package.sh'
[2.656s] INFO:colcon.colcon_core.shell:Creating package script '/home/karol/ros2_ws/install/my_package/share/my_package/package.bash'
[2.657s] INFO:colcon.colcon_core.shell:Creating package script '/home/karol/ros2_ws/install/my_package/share/my_package/package.zsh'
[2.658s] Level 1:colcon.colcon_core.environment:create_file_with_runtime_dependencies(/home/karol/ros2_ws/install/my_package/share/colcon-core/packages/my_package)
[2.658s] DEBUG:colcon.colcon_ros_domain_id_coordinator.shell.ros_domain_id:Released ROS_DOMAIN_ID=53 for '/home/karol/ros2_ws/build/my_package'
[3.230s] DEBUG:colcon.colcon_core.event_handler.log_command:Invoked command in '/home/karol/ros2_ws/build/my_cpp_pkg' returned '0': CMAKE_PREFIX_PATH=${CMAKE_PREFIX_PATH}:/home/karol/ros2_ws/install/turtlesim_catch_them_all:/home/karol/ros2_ws/install/my_py_package:/opt/ros/humble ROS_DOMAIN_ID=21 /usr/bin/cmake /home/karol/ros2_ws/src/my_cpp_pkg -DCMAKE_INSTALL_PREFIX=/home/karol/ros2_ws/install/my_cpp_pkg
[3.232s] DEBUG:colcon.colcon_core.event_handler.log_command:Invoking command in '/home/karol/ros2_ws/build/my_cpp_pkg': CMAKE_PREFIX_PATH=${CMAKE_PREFIX_PATH}:/home/karol/ros2_ws/install/turtlesim_catch_them_all:/home/karol/ros2_ws/install/my_py_package:/opt/ros/humble ROS_DOMAIN_ID=21 /usr/bin/cmake --build /home/karol/ros2_ws/build/my_cpp_pkg -- -j4 -l4
[3.402s] DEBUG:colcon.colcon_core.event_handler.log_command:Invoking command in '/home/karol/ros2_ws/src/my_py_package': PYTHONPATH=/home/karol/ros2_ws/build/my_py_package/prefix_override:/home/karol/ros2_ws/install/my_py_package/lib/python3.10/site-packages:${PYTHONPATH} /usr/bin/python3 -W ignore:setup.py install is deprecated setup.py egg_info --egg-base ../../build/my_py_package build --build-base /home/karol/ros2_ws/build/my_py_package/build install --record /home/karol/ros2_ws/build/my_py_package/install.log --single-version-externally-managed install_data
[3.533s] DEBUG:colcon.colcon_core.event_handler.log_command:Invoking command in '/home/karol/ros2_ws/src/turtlesim_catch_them_all': PYTHONPATH=/home/karol/ros2_ws/build/turtlesim_catch_them_all/prefix_override:/home/karol/ros2_ws/install/turtlesim_catch_them_all/lib/python3.10/site-packages:${PYTHONPATH} ROS_DOMAIN_ID=86 /usr/bin/python3 -W ignore:setup.py install is deprecated setup.py egg_info --egg-base ../../build/turtlesim_catch_them_all build --build-base /home/karol/ros2_ws/build/turtlesim_catch_them_all/build install --record /home/karol/ros2_ws/build/turtlesim_catch_them_all/install.log --single-version-externally-managed install_data
[4.817s] Level 1:colcon.colcon_core.environment:checking '/home/karol/ros2_ws/install/turtlesim_catch_them_all' for CMake module files
[4.818s] Level 1:colcon.colcon_core.environment:checking '/home/karol/ros2_ws/install/turtlesim_catch_them_all' for CMake config files
[4.819s] Level 1:colcon.colcon_core.environment:checking '/home/karol/ros2_ws/install/turtlesim_catch_them_all/lib'
[4.819s] Level 1:colcon.colcon_core.environment:checking '/home/karol/ros2_ws/install/turtlesim_catch_them_all/bin'
[4.819s] Level 1:colcon.colcon_core.environment:checking '/home/karol/ros2_ws/install/turtlesim_catch_them_all/lib/pkgconfig/turtlesim_catch_them_all.pc'
[4.820s] Level 1:colcon.colcon_core.environment:checking '/home/karol/ros2_ws/install/turtlesim_catch_them_all/lib/python3.10/site-packages'
[4.820s] Level 1:colcon.colcon_core.shell:create_environment_hook('turtlesim_catch_them_all', 'pythonpath')
[4.821s] INFO:colcon.colcon_core.shell:Creating environment hook '/home/karol/ros2_ws/install/turtlesim_catch_them_all/share/turtlesim_catch_them_all/hook/pythonpath.ps1'
[4.822s] DEBUG:colcon.colcon_core.event_handler.log_command:Invoked command in '/home/karol/ros2_ws/src/turtlesim_catch_them_all' returned '0': PYTHONPATH=/home/karol/ros2_ws/build/turtlesim_catch_them_all/prefix_override:/home/karol/ros2_ws/install/turtlesim_catch_them_all/lib/python3.10/site-packages:${PYTHONPATH} ROS_DOMAIN_ID=86 /usr/bin/python3 -W ignore:setup.py install is deprecated setup.py egg_info --egg-base ../../build/turtlesim_catch_them_all build --build-base /home/karol/ros2_ws/build/turtlesim_catch_them_all/build install --record /home/karol/ros2_ws/build/turtlesim_catch_them_all/install.log --single-version-externally-managed install_data
[4.823s] INFO:colcon.colcon_core.shell:Creating environment descriptor '/home/karol/ros2_ws/install/turtlesim_catch_them_all/share/turtlesim_catch_them_all/hook/pythonpath.dsv'
[4.824s] INFO:colcon.colcon_core.shell:Creating environment hook '/home/karol/ros2_ws/install/turtlesim_catch_them_all/share/turtlesim_catch_them_all/hook/pythonpath.sh'
[4.826s] Level 1:colcon.colcon_core.environment:checking '/home/karol/ros2_ws/install/turtlesim_catch_them_all/bin'
[4.827s] Level 1:colcon.colcon_core.environment:create_environment_scripts_only(turtlesim_catch_them_all)
[4.828s] INFO:colcon.colcon_core.shell:Creating package script '/home/karol/ros2_ws/install/turtlesim_catch_them_all/share/turtlesim_catch_them_all/package.ps1'
[4.829s] INFO:colcon.colcon_core.shell:Creating package descriptor '/home/karol/ros2_ws/install/turtlesim_catch_them_all/share/turtlesim_catch_them_all/package.dsv'
[4.830s] INFO:colcon.colcon_core.shell:Creating package script '/home/karol/ros2_ws/install/turtlesim_catch_them_all/share/turtlesim_catch_them_all/package.sh'
[4.832s] INFO:colcon.colcon_core.shell:Creating package script '/home/karol/ros2_ws/install/turtlesim_catch_them_all/share/turtlesim_catch_them_all/package.bash'
[4.833s] INFO:colcon.colcon_core.shell:Creating package script '/home/karol/ros2_ws/install/turtlesim_catch_them_all/share/turtlesim_catch_them_all/package.zsh'
[4.834s] Level 1:colcon.colcon_core.environment:create_file_with_runtime_dependencies(/home/karol/ros2_ws/install/turtlesim_catch_them_all/share/colcon-core/packages/turtlesim_catch_them_all)
[4.835s] DEBUG:colcon.colcon_ros_domain_id_coordinator.shell.ros_domain_id:Released ROS_DOMAIN_ID=86 for '/home/karol/ros2_ws/build/turtlesim_catch_them_all'
[4.894s] Level 1:colcon.colcon_core.environment:checking '/home/karol/ros2_ws/install/my_py_package' for CMake module files
[4.895s] Level 1:colcon.colcon_core.environment:checking '/home/karol/ros2_ws/install/my_py_package' for CMake config files
[4.897s] Level 1:colcon.colcon_core.environment:checking '/home/karol/ros2_ws/install/my_py_package/lib'
[4.897s] Level 1:colcon.colcon_core.environment:checking '/home/karol/ros2_ws/install/my_py_package/bin'
[4.897s] Level 1:colcon.colcon_core.environment:checking '/home/karol/ros2_ws/install/my_py_package/lib/pkgconfig/my_py_package.pc'
[4.897s] Level 1:colcon.colcon_core.environment:checking '/home/karol/ros2_ws/install/my_py_package/lib/python3.10/site-packages'
[4.898s] Level 1:colcon.colcon_core.shell:create_environment_hook('my_py_package', 'pythonpath')
[4.898s] INFO:colcon.colcon_core.shell:Creating environment hook '/home/karol/ros2_ws/install/my_py_package/share/my_py_package/hook/pythonpath.ps1'
[4.899s] INFO:colcon.colcon_core.shell:Creating environment descriptor '/home/karol/ros2_ws/install/my_py_package/share/my_py_package/hook/pythonpath.dsv'
[4.899s] INFO:colcon.colcon_core.shell:Creating environment hook '/home/karol/ros2_ws/install/my_py_package/share/my_py_package/hook/pythonpath.sh'
[4.901s] Level 1:colcon.colcon_core.environment:checking '/home/karol/ros2_ws/install/my_py_package/bin'
[4.901s] DEBUG:colcon.colcon_core.event_handler.log_command:Invoked command in '/home/karol/ros2_ws/src/my_py_package' returned '0': PYTHONPATH=/home/karol/ros2_ws/build/my_py_package/prefix_override:/home/karol/ros2_ws/install/my_py_package/lib/python3.10/site-packages:${PYTHONPATH} /usr/bin/python3 -W ignore:setup.py install is deprecated setup.py egg_info --egg-base ../../build/my_py_package build --build-base /home/karol/ros2_ws/build/my_py_package/build install --record /home/karol/ros2_ws/build/my_py_package/install.log --single-version-externally-managed install_data
[4.902s] Level 1:colcon.colcon_core.environment:create_environment_scripts_only(my_py_package)
[4.905s] INFO:colcon.colcon_core.shell:Creating package script '/home/karol/ros2_ws/install/my_py_package/share/my_py_package/package.ps1'
[4.906s] INFO:colcon.colcon_core.shell:Creating package descriptor '/home/karol/ros2_ws/install/my_py_package/share/my_py_package/package.dsv'
[4.907s] INFO:colcon.colcon_core.shell:Creating package script '/home/karol/ros2_ws/install/my_py_package/share/my_py_package/package.sh'
[4.908s] INFO:colcon.colcon_core.shell:Creating package script '/home/karol/ros2_ws/install/my_py_package/share/my_py_package/package.bash'
[4.909s] INFO:colcon.colcon_core.shell:Creating package script '/home/karol/ros2_ws/install/my_py_package/share/my_py_package/package.zsh'
[4.909s] Level 1:colcon.colcon_core.environment:create_file_with_runtime_dependencies(/home/karol/ros2_ws/install/my_py_package/share/colcon-core/packages/my_py_package)
[4.910s] DEBUG:colcon.colcon_ros_domain_id_coordinator.shell.ros_domain_id:Released ROS_DOMAIN_ID=225 for '/home/karol/ros2_ws/build/my_py_package'
[16.554s] DEBUG:colcon.colcon_core.event_handler.log_command:Invoked command in '/home/karol/ros2_ws/build/my_cpp_pkg' returned '0': CMAKE_PREFIX_PATH=${CMAKE_PREFIX_PATH}:/home/karol/ros2_ws/install/turtlesim_catch_them_all:/home/karol/ros2_ws/install/my_py_package:/opt/ros/humble ROS_DOMAIN_ID=21 /usr/bin/cmake --build /home/karol/ros2_ws/build/my_cpp_pkg -- -j4 -l4
[16.583s] DEBUG:colcon.colcon_core.event_handler.log_command:Invoking command in '/home/karol/ros2_ws/build/my_cpp_pkg': CMAKE_PREFIX_PATH=${CMAKE_PREFIX_PATH}:/home/karol/ros2_ws/install/turtlesim_catch_them_all:/home/karol/ros2_ws/install/my_py_package:/opt/ros/humble ROS_DOMAIN_ID=21 /usr/bin/cmake --install /home/karol/ros2_ws/build/my_cpp_pkg
[16.599s] Level 1:colcon.colcon_core.environment:create_environment_scripts_only(my_cpp_pkg)
[16.599s] Level 1:colcon.colcon_core.environment:checking '/home/karol/ros2_ws/install/my_cpp_pkg' for CMake module files
[16.600s] DEBUG:colcon.colcon_core.event_handler.log_command:Invoked command in '/home/karol/ros2_ws/build/my_cpp_pkg' returned '0': CMAKE_PREFIX_PATH=${CMAKE_PREFIX_PATH}:/home/karol/ros2_ws/install/turtlesim_catch_them_all:/home/karol/ros2_ws/install/my_py_package:/opt/ros/humble ROS_DOMAIN_ID=21 /usr/bin/cmake --install /home/karol/ros2_ws/build/my_cpp_pkg
[16.600s] Level 1:colcon.colcon_core.environment:checking '/home/karol/ros2_ws/install/my_cpp_pkg' for CMake config files
[16.600s] Level 1:colcon.colcon_core.shell:create_environment_hook('my_cpp_pkg', 'cmake_prefix_path')
[16.601s] INFO:colcon.colcon_core.shell:Creating environment hook '/home/karol/ros2_ws/install/my_cpp_pkg/share/my_cpp_pkg/hook/cmake_prefix_path.ps1'
[16.601s] INFO:colcon.colcon_core.shell:Creating environment descriptor '/home/karol/ros2_ws/install/my_cpp_pkg/share/my_cpp_pkg/hook/cmake_prefix_path.dsv'
[16.601s] INFO:colcon.colcon_core.shell:Creating environment hook '/home/karol/ros2_ws/install/my_cpp_pkg/share/my_cpp_pkg/hook/cmake_prefix_path.sh'
[16.602s] Level 1:colcon.colcon_core.environment:checking '/home/karol/ros2_ws/install/my_cpp_pkg/lib'
[16.602s] Level 1:colcon.colcon_core.environment:checking '/home/karol/ros2_ws/install/my_cpp_pkg/bin'
[16.602s] Level 1:colcon.colcon_core.environment:checking '/home/karol/ros2_ws/install/my_cpp_pkg/lib/pkgconfig/my_cpp_pkg.pc'
[16.602s] Level 1:colcon.colcon_core.environment:checking '/home/karol/ros2_ws/install/my_cpp_pkg/lib/python3.10/site-packages'
[16.603s] Level 1:colcon.colcon_core.environment:checking '/home/karol/ros2_ws/install/my_cpp_pkg/bin'
[16.603s] INFO:colcon.colcon_core.shell:Creating package script '/home/karol/ros2_ws/install/my_cpp_pkg/share/my_cpp_pkg/package.ps1'
[16.603s] INFO:colcon.colcon_core.shell:Creating package descriptor '/home/karol/ros2_ws/install/my_cpp_pkg/share/my_cpp_pkg/package.dsv'
[16.604s] INFO:colcon.colcon_core.shell:Creating package script '/home/karol/ros2_ws/install/my_cpp_pkg/share/my_cpp_pkg/package.sh'
[16.604s] INFO:colcon.colcon_core.shell:Creating package script '/home/karol/ros2_ws/install/my_cpp_pkg/share/my_cpp_pkg/package.bash'
[16.605s] INFO:colcon.colcon_core.shell:Creating package script '/home/karol/ros2_ws/install/my_cpp_pkg/share/my_cpp_pkg/package.zsh'
[16.605s] Level 1:colcon.colcon_core.environment:create_file_with_runtime_dependencies(/home/karol/ros2_ws/install/my_cpp_pkg/share/colcon-core/packages/my_cpp_pkg)
[16.632s] Level 1:colcon.colcon_core.environment:create_environment_scripts_only(my_cpp_pkg)
[16.632s] Level 1:colcon.colcon_core.environment:checking '/home/karol/ros2_ws/install/my_cpp_pkg' for CMake module files
[16.633s] Level 1:colcon.colcon_core.environment:checking '/home/karol/ros2_ws/install/my_cpp_pkg' for CMake config files
[16.633s] Level 1:colcon.colcon_core.shell:create_environment_hook('my_cpp_pkg', 'cmake_prefix_path')
[16.634s] INFO:colcon.colcon_core.shell:Creating environment hook '/home/karol/ros2_ws/install/my_cpp_pkg/share/my_cpp_pkg/hook/cmake_prefix_path.ps1'
[16.635s] INFO:colcon.colcon_core.shell:Creating environment descriptor '/home/karol/ros2_ws/install/my_cpp_pkg/share/my_cpp_pkg/hook/cmake_prefix_path.dsv'
[16.635s] INFO:colcon.colcon_core.shell:Creating environment hook '/home/karol/ros2_ws/install/my_cpp_pkg/share/my_cpp_pkg/hook/cmake_prefix_path.sh'
[16.636s] Level 1:colcon.colcon_core.environment:checking '/home/karol/ros2_ws/install/my_cpp_pkg/lib'
[16.636s] Level 1:colcon.colcon_core.environment:checking '/home/karol/ros2_ws/install/my_cpp_pkg/bin'
[16.636s] Level 1:colcon.colcon_core.environment:checking '/home/karol/ros2_ws/install/my_cpp_pkg/lib/pkgconfig/my_cpp_pkg.pc'
[16.636s] Level 1:colcon.colcon_core.environment:checking '/home/karol/ros2_ws/install/my_cpp_pkg/lib/python3.10/site-packages'
[16.636s] Level 1:colcon.colcon_core.environment:checking '/home/karol/ros2_ws/install/my_cpp_pkg/bin'
[16.637s] INFO:colcon.colcon_core.shell:Creating package script '/home/karol/ros2_ws/install/my_cpp_pkg/share/my_cpp_pkg/package.ps1'
[16.637s] INFO:colcon.colcon_core.shell:Creating package descriptor '/home/karol/ros2_ws/install/my_cpp_pkg/share/my_cpp_pkg/package.dsv'
[16.638s] INFO:colcon.colcon_core.shell:Creating package script '/home/karol/ros2_ws/install/my_cpp_pkg/share/my_cpp_pkg/package.sh'
[16.638s] INFO:colcon.colcon_core.shell:Creating package script '/home/karol/ros2_ws/install/my_cpp_pkg/share/my_cpp_pkg/package.bash'
[16.639s] INFO:colcon.colcon_core.shell:Creating package script '/home/karol/ros2_ws/install/my_cpp_pkg/share/my_cpp_pkg/package.zsh'
[16.639s] Level 1:colcon.colcon_core.environment:create_file_with_runtime_dependencies(/home/karol/ros2_ws/install/my_cpp_pkg/share/colcon-core/packages/my_cpp_pkg)
[16.639s] INFO:colcon.colcon_ros.task.ament_cmake.build:Building ROS package in '/home/karol/ros2_ws/src/my_robot_bringup' with build type 'ament_cmake'
[16.639s] DEBUG:colcon.colcon_ros_domain_id_coordinator.shell.ros_domain_id:Released ROS_DOMAIN_ID=21 for '/home/karol/ros2_ws/build/my_cpp_pkg'
[16.640s] INFO:colcon.colcon_cmake.task.cmake.build:Building CMake package in '/home/karol/ros2_ws/src/my_robot_bringup'
[16.640s] DEBUG:colcon.colcon_ros_domain_id_coordinator.shell.ros_domain_id:Allocated ROS_DOMAIN_ID=58 for '/home/karol/ros2_ws/build/my_robot_bringup'
[16.640s] INFO:colcon.colcon_core.shell:Skip shell extension 'ros_domain_id' for command environment: 
[16.640s] INFO:colcon.colcon_core.shell:Skip shell extension 'powershell' for command environment: Not usable outside of PowerShell
[16.640s] DEBUG:colcon.colcon_core.shell:Skip shell extension 'dsv' for command environment
[16.657s] DEBUG:colcon.colcon_core.event_handler.log_command:Invoking command in '/home/karol/ros2_ws/build/my_robot_bringup': CMAKE_PREFIX_PATH=/home/karol/ros2_ws/install/my_robot_interfaces:/home/karol/ros2_ws/install/my_cpp_pkg:/home/karol/ros2_ws/install/my_robot_bringup:/home/karol/ros2_ws/install/my_package:/home/karol/ros2_ws/install/turtlesim_catch_them_all:/home/karol/ros2_ws/install/my_py_package:/opt/ros/humble /usr/bin/cmake /home/karol/ros2_ws/src/my_robot_bringup -DCMAKE_INSTALL_PREFIX=/home/karol/ros2_ws/install/my_robot_bringup
[17.772s] DEBUG:colcon.colcon_core.event_handler.log_command:Invoked command in '/home/karol/ros2_ws/build/my_robot_bringup' returned '0': CMAKE_PREFIX_PATH=/home/karol/ros2_ws/install/my_robot_interfaces:/home/karol/ros2_ws/install/my_cpp_pkg:/home/karol/ros2_ws/install/my_robot_bringup:/home/karol/ros2_ws/install/my_package:/home/karol/ros2_ws/install/turtlesim_catch_them_all:/home/karol/ros2_ws/install/my_py_package:/opt/ros/humble /usr/bin/cmake /home/karol/ros2_ws/src/my_robot_bringup -DCMAKE_INSTALL_PREFIX=/home/karol/ros2_ws/install/my_robot_bringup
[17.774s] DEBUG:colcon.colcon_core.event_handler.log_command:Invoking command in '/home/karol/ros2_ws/build/my_robot_bringup': CMAKE_PREFIX_PATH=/home/karol/ros2_ws/install/my_robot_interfaces:/home/karol/ros2_ws/install/my_cpp_pkg:/home/karol/ros2_ws/install/my_robot_bringup:/home/karol/ros2_ws/install/my_package:/home/karol/ros2_ws/install/turtlesim_catch_them_all:/home/karol/ros2_ws/install/my_py_package:/opt/ros/humble /usr/bin/cmake --build /home/karol/ros2_ws/build/my_robot_bringup -- -j4 -l4
[17.826s] DEBUG:colcon.colcon_core.event_handler.log_command:Invoked command in '/home/karol/ros2_ws/build/my_robot_bringup' returned '0': CMAKE_PREFIX_PATH=/home/karol/ros2_ws/install/my_robot_interfaces:/home/karol/ros2_ws/install/my_cpp_pkg:/home/karol/ros2_ws/install/my_robot_bringup:/home/karol/ros2_ws/install/my_package:/home/karol/ros2_ws/install/turtlesim_catch_them_all:/home/karol/ros2_ws/install/my_py_package:/opt/ros/humble /usr/bin/cmake --build /home/karol/ros2_ws/build/my_robot_bringup -- -j4 -l4
[17.859s] DEBUG:colcon.colcon_core.event_handler.log_command:Invoking command in '/home/karol/ros2_ws/build/my_robot_bringup': CMAKE_PREFIX_PATH=/home/karol/ros2_ws/install/my_robot_interfaces:/home/karol/ros2_ws/install/my_cpp_pkg:/home/karol/ros2_ws/install/my_robot_bringup:/home/karol/ros2_ws/install/my_package:/home/karol/ros2_ws/install/turtlesim_catch_them_all:/home/karol/ros2_ws/install/my_py_package:/opt/ros/humble /usr/bin/cmake --install /home/karol/ros2_ws/build/my_robot_bringup
[17.875s] Level 1:colcon.colcon_core.environment:create_environment_scripts_only(my_robot_bringup)
[17.875s] Level 1:colcon.colcon_core.environment:checking '/home/karol/ros2_ws/install/my_robot_bringup' for CMake module files
[17.876s] DEBUG:colcon.colcon_core.event_handler.log_command:Invoked command in '/home/karol/ros2_ws/build/my_robot_bringup' returned '0': CMAKE_PREFIX_PATH=/home/karol/ros2_ws/install/my_robot_interfaces:/home/karol/ros2_ws/install/my_cpp_pkg:/home/karol/ros2_ws/install/my_robot_bringup:/home/karol/ros2_ws/install/my_package:/home/karol/ros2_ws/install/turtlesim_catch_them_all:/home/karol/ros2_ws/install/my_py_package:/opt/ros/humble /usr/bin/cmake --install /home/karol/ros2_ws/build/my_robot_bringup
[17.876s] Level 1:colcon.colcon_core.environment:checking '/home/karol/ros2_ws/install/my_robot_bringup' for CMake config files
[17.877s] Level 1:colcon.colcon_core.shell:create_environment_hook('my_robot_bringup', 'cmake_prefix_path')
[17.877s] INFO:colcon.colcon_core.shell:Creating environment hook '/home/karol/ros2_ws/install/my_robot_bringup/share/my_robot_bringup/hook/cmake_prefix_path.ps1'
[17.877s] INFO:colcon.colcon_core.shell:Creating environment descriptor '/home/karol/ros2_ws/install/my_robot_bringup/share/my_robot_bringup/hook/cmake_prefix_path.dsv'
[17.878s] INFO:colcon.colcon_core.shell:Creating environment hook '/home/karol/ros2_ws/install/my_robot_bringup/share/my_robot_bringup/hook/cmake_prefix_path.sh'
[17.878s] Level 1:colcon.colcon_core.environment:checking '/home/karol/ros2_ws/install/my_robot_bringup/bin'
[17.879s] Level 1:colcon.colcon_core.environment:checking '/home/karol/ros2_ws/install/my_robot_bringup/lib/pkgconfig/my_robot_bringup.pc'
[17.879s] Level 1:colcon.colcon_core.environment:checking '/home/karol/ros2_ws/install/my_robot_bringup/lib/python3.10/site-packages'
[17.879s] Level 1:colcon.colcon_core.environment:checking '/home/karol/ros2_ws/install/my_robot_bringup/bin'
[17.880s] INFO:colcon.colcon_core.shell:Creating package script '/home/karol/ros2_ws/install/my_robot_bringup/share/my_robot_bringup/package.ps1'
[17.880s] INFO:colcon.colcon_core.shell:Creating package descriptor '/home/karol/ros2_ws/install/my_robot_bringup/share/my_robot_bringup/package.dsv'
[17.881s] INFO:colcon.colcon_core.shell:Creating package script '/home/karol/ros2_ws/install/my_robot_bringup/share/my_robot_bringup/package.sh'
[17.881s] INFO:colcon.colcon_core.shell:Creating package script '/home/karol/ros2_ws/install/my_robot_bringup/share/my_robot_bringup/package.bash'
[17.881s] INFO:colcon.colcon_core.shell:Creating package script '/home/karol/ros2_ws/install/my_robot_bringup/share/my_robot_bringup/package.zsh'
[17.882s] Level 1:colcon.colcon_core.environment:create_file_with_runtime_dependencies(/home/karol/ros2_ws/install/my_robot_bringup/share/colcon-core/packages/my_robot_bringup)
[17.911s] Level 1:colcon.colcon_core.environment:create_environment_scripts_only(my_robot_bringup)
[17.912s] Level 1:colcon.colcon_core.environment:checking '/home/karol/ros2_ws/install/my_robot_bringup' for CMake module files
[17.913s] Level 1:colcon.colcon_core.environment:checking '/home/karol/ros2_ws/install/my_robot_bringup' for CMake config files
[17.913s] Level 1:colcon.colcon_core.shell:create_environment_hook('my_robot_bringup', 'cmake_prefix_path')
[17.914s] INFO:colcon.colcon_core.shell:Creating environment hook '/home/karol/ros2_ws/install/my_robot_bringup/share/my_robot_bringup/hook/cmake_prefix_path.ps1'
[17.915s] INFO:colcon.colcon_core.shell:Creating environment descriptor '/home/karol/ros2_ws/install/my_robot_bringup/share/my_robot_bringup/hook/cmake_prefix_path.dsv'
[17.915s] INFO:colcon.colcon_core.shell:Creating environment hook '/home/karol/ros2_ws/install/my_robot_bringup/share/my_robot_bringup/hook/cmake_prefix_path.sh'
[17.916s] Level 1:colcon.colcon_core.environment:checking '/home/karol/ros2_ws/install/my_robot_bringup/bin'
[17.916s] Level 1:colcon.colcon_core.environment:checking '/home/karol/ros2_ws/install/my_robot_bringup/lib/pkgconfig/my_robot_bringup.pc'
[17.917s] Level 1:colcon.colcon_core.environment:checking '/home/karol/ros2_ws/install/my_robot_bringup/lib/python3.10/site-packages'
[17.917s] Level 1:colcon.colcon_core.environment:checking '/home/karol/ros2_ws/install/my_robot_bringup/bin'
[17.918s] INFO:colcon.colcon_core.shell:Creating package script '/home/karol/ros2_ws/install/my_robot_bringup/share/my_robot_bringup/package.ps1'
[17.919s] INFO:colcon.colcon_core.shell:Creating package descriptor '/home/karol/ros2_ws/install/my_robot_bringup/share/my_robot_bringup/package.dsv'
[17.919s] INFO:colcon.colcon_core.shell:Creating package script '/home/karol/ros2_ws/install/my_robot_bringup/share/my_robot_bringup/package.sh'
[17.920s] INFO:colcon.colcon_core.shell:Creating package script '/home/karol/ros2_ws/install/my_robot_bringup/share/my_robot_bringup/package.bash'
[17.921s] INFO:colcon.colcon_core.shell:Creating package script '/home/karol/ros2_ws/install/my_robot_bringup/share/my_robot_bringup/package.zsh'
[17.922s] Level 1:colcon.colcon_core.environment:create_file_with_runtime_dependencies(/home/karol/ros2_ws/install/my_robot_bringup/share/colcon-core/packages/my_robot_bringup)
[17.922s] DEBUG:colcon.colcon_parallel_executor.executor.parallel:closing loop
[17.922s] DEBUG:colcon.colcon_ros_domain_id_coordinator.shell.ros_domain_id:Released ROS_DOMAIN_ID=58 for '/home/karol/ros2_ws/build/my_robot_bringup'
[17.923s] DEBUG:colcon.colcon_parallel_executor.executor.parallel:loop closed
[17.923s] DEBUG:colcon.colcon_parallel_executor.executor.parallel:run_until_complete finished with '0'
[17.923s] DEBUG:colcon.colcon_core.event_reactor:joining thread
[17.935s] INFO:colcon.colcon_core.plugin_system:Skipping extension 'colcon_notification.desktop_notification.terminal_notifier': Not used on non-Darwin systems
[17.935s] INFO:colcon.colcon_core.plugin_system:Skipping extension 'colcon_notification.desktop_notification.win32': Not used on non-Windows systems
[17.936s] INFO:colcon.colcon_notification.desktop_notification:Sending desktop notification using 'notify2'
[17.960s] DEBUG:colcon.colcon_core.event_reactor:joined thread
[17.961s] INFO:colcon.colcon_core.shell:Creating prefix script '/home/karol/ros2_ws/install/local_setup.ps1'
[17.964s] INFO:colcon.colcon_core.shell:Creating prefix util module '/home/karol/ros2_ws/install/_local_setup_util_ps1.py'
[17.967s] INFO:colcon.colcon_core.shell:Creating prefix chain script '/home/karol/ros2_ws/install/setup.ps1'
[17.970s] INFO:colcon.colcon_core.shell:Creating prefix script '/home/karol/ros2_ws/install/local_setup.sh'
[17.971s] INFO:colcon.colcon_core.shell:Creating prefix util module '/home/karol/ros2_ws/install/_local_setup_util_sh.py'
[17.972s] INFO:colcon.colcon_core.shell:Creating prefix chain script '/home/karol/ros2_ws/install/setup.sh'
[17.974s] INFO:colcon.colcon_core.shell:Creating prefix script '/home/karol/ros2_ws/install/local_setup.bash'
[17.975s] INFO:colcon.colcon_core.shell:Creating prefix chain script '/home/karol/ros2_ws/install/setup.bash'
[17.977s] INFO:colcon.colcon_core.shell:Creating prefix script '/home/karol/ros2_ws/install/local_setup.zsh'
[17.978s] INFO:colcon.colcon_core.shell:Creating prefix chain script '/home/karol/ros2_ws/install/setup.zsh'
[17.980s] INFO:colcon.colcon_core.shell:Creating '/home/karol/ros2_ws/install/spawn_shell.bash'
