[0.024s] Invoking command in '/home/karol/ros2_ws/build/my_package': CMAKE_PREFIX_PATH=${CMAKE_PREFIX_PATH}:/home/karol/ros2_ws/install/turtlesim_catch_them_all:/home/karol/ros2_ws/install/my_py_package:/opt/ros/humble /usr/bin/cmake /home/karol/ros2_ws/src/my_package -DCMAKE_INSTALL_PREFIX=/home/karol/ros2_ws/install/my_package
[0.132s] -- The C compiler identification is GNU 11.4.0
[0.275s] -- The CXX compiler identification is GNU 11.4.0
[0.287s] -- Detecting C compiler ABI info
[0.407s] -- Detecting C compiler ABI info - done
[0.425s] -- Check for working C compiler: /usr/bin/cc - skipped
[0.425s] -- Detecting C compile features
[0.432s] -- Detecting C compile features - done
[0.440s] -- Detecting CXX compiler ABI info
[0.542s] -- Detecting CXX compiler ABI info - done
[0.549s] -- Check for working CXX compiler: /usr/bin/c++ - skipped
[0.550s] -- Detecting CXX compile features
[0.550s] -- Detecting CXX compile features - done
[0.552s] -- Found ament_cmake: 1.3.8 (/opt/ros/humble/share/ament_cmake/cmake)
[1.109s] -- Found Python3: /usr/bin/python3 (found version "3.10.12") found components: Interpreter 
[1.263s] -- Found ament_lint_auto: 0.12.10 (/opt/ros/humble/share/ament_lint_auto/cmake)
[1.390s] -- Added test 'cppcheck' to perform static code analysis on C / C++ code
[1.390s] -- Configured cppcheck include dirs: $<BUILD_INTERFACE:/home/karol/ros2_ws/src/my_package/include>
[1.390s] -- Configured cppcheck exclude dirs and/or files: 
[1.391s] -- Added test 'lint_cmake' to check CMake code style
[1.392s] -- Added test 'uncrustify' to check C / C++ code style
[1.393s] -- Configured uncrustify additional arguments: 
[1.393s] -- Added test 'xmllint' to check XML markup files
[1.395s] -- Configuring done
[1.401s] -- Generating done
[1.402s] -- Build files have been written to: /home/karol/ros2_ws/build/my_package
[1.669s] Invoked command in '/home/karol/ros2_ws/build/my_package' returned '0': CMAKE_PREFIX_PATH=${CMAKE_PREFIX_PATH}:/home/karol/ros2_ws/install/turtlesim_catch_them_all:/home/karol/ros2_ws/install/my_py_package:/opt/ros/humble ROS_DOMAIN_ID=53 /usr/bin/cmake /home/karol/ros2_ws/src/my_package -DCMAKE_INSTALL_PREFIX=/home/karol/ros2_ws/install/my_package
[1.671s] Invoking command in '/home/karol/ros2_ws/build/my_package': CMAKE_PREFIX_PATH=${CMAKE_PREFIX_PATH}:/home/karol/ros2_ws/install/turtlesim_catch_them_all:/home/karol/ros2_ws/install/my_py_package:/opt/ros/humble ROS_DOMAIN_ID=53 /usr/bin/cmake --build /home/karol/ros2_ws/build/my_package -- -j4 -l4
[1.746s] [ 50%] [32mBuilding CXX object CMakeFiles/my_node.dir/src/my_node.cpp.o[0m
[1.786s] [100%] [32m[1mLinking CXX executable my_node[0m
[1.854s] [100%] Built target my_node
[1.993s] Invoked command in '/home/karol/ros2_ws/build/my_package' returned '0': CMAKE_PREFIX_PATH=${CMAKE_PREFIX_PATH}:/home/karol/ros2_ws/install/turtlesim_catch_them_all:/home/karol/ros2_ws/install/my_py_package:/opt/ros/humble ROS_DOMAIN_ID=53 /usr/bin/cmake --build /home/karol/ros2_ws/build/my_package -- -j4 -l4
[2.041s] Invoking command in '/home/karol/ros2_ws/build/my_package': CMAKE_PREFIX_PATH=${CMAKE_PREFIX_PATH}:/home/karol/ros2_ws/install/turtlesim_catch_them_all:/home/karol/ros2_ws/install/my_py_package:/opt/ros/humble ROS_DOMAIN_ID=53 /usr/bin/cmake --install /home/karol/ros2_ws/build/my_package
[2.054s] -- Install configuration: ""
[2.054s] -- Installing: /home/karol/ros2_ws/install/my_package/lib/my_package/my_node
[2.055s] -- Installing: /home/karol/ros2_ws/install/my_package/share/ament_index/resource_index/package_run_dependencies/my_package
[2.055s] -- Installing: /home/karol/ros2_ws/install/my_package/share/ament_index/resource_index/parent_prefix_path/my_package
[2.055s] -- Installing: /home/karol/ros2_ws/install/my_package/share/my_package/environment/ament_prefix_path.sh
[2.055s] -- Installing: /home/karol/ros2_ws/install/my_package/share/my_package/environment/ament_prefix_path.dsv
[2.055s] -- Installing: /home/karol/ros2_ws/install/my_package/share/my_package/environment/path.sh
[2.056s] -- Installing: /home/karol/ros2_ws/install/my_package/share/my_package/environment/path.dsv
[2.056s] -- Installing: /home/karol/ros2_ws/install/my_package/share/my_package/local_setup.bash
[2.056s] -- Installing: /home/karol/ros2_ws/install/my_package/share/my_package/local_setup.sh
[2.056s] -- Installing: /home/karol/ros2_ws/install/my_package/share/my_package/local_setup.zsh
[2.056s] -- Installing: /home/karol/ros2_ws/install/my_package/share/my_package/local_setup.dsv
[2.056s] -- Installing: /home/karol/ros2_ws/install/my_package/share/my_package/package.dsv
[2.057s] -- Installing: /home/karol/ros2_ws/install/my_package/share/ament_index/resource_index/packages/my_package
[2.057s] -- Installing: /home/karol/ros2_ws/install/my_package/share/my_package/cmake/my_packageConfig.cmake
[2.057s] -- Installing: /home/karol/ros2_ws/install/my_package/share/my_package/cmake/my_packageConfig-version.cmake
[2.057s] -- Installing: /home/karol/ros2_ws/install/my_package/share/my_package/package.xml
[2.066s] Invoked command in '/home/karol/ros2_ws/build/my_package' returned '0': CMAKE_PREFIX_PATH=${CMAKE_PREFIX_PATH}:/home/karol/ros2_ws/install/turtlesim_catch_them_all:/home/karol/ros2_ws/install/my_py_package:/opt/ros/humble ROS_DOMAIN_ID=53 /usr/bin/cmake --install /home/karol/ros2_ws/build/my_package
