[0.016s] Invoking command in '/home/karol/ros2_ws/build/my_robot_bringup': CMAKE_PREFIX_PATH=/home/karol/ros2_ws/install/my_robot_interfaces:/home/karol/ros2_ws/install/my_cpp_pkg:/home/karol/ros2_ws/install/my_robot_bringup:/home/karol/ros2_ws/install/my_package:/home/karol/ros2_ws/install/turtlesim_catch_them_all:/home/karol/ros2_ws/install/my_py_package:/opt/ros/humble /usr/bin/cmake /home/karol/ros2_ws/src/my_robot_bringup -DCMAKE_INSTALL_PREFIX=/home/karol/ros2_ws/install/my_robot_bringup
[0.111s] -- The C compiler identification is GNU 11.4.0
[0.197s] -- The CXX compiler identification is GNU 11.4.0
[0.209s] -- Detecting C compiler ABI info
[0.319s] -- Detecting C compiler ABI info - done
[0.334s] -- Check for working C compiler: /usr/bin/cc - skipped
[0.334s] -- Detecting C compile features
[0.335s] -- Detecting C compile features - done
[0.341s] -- Detecting CXX compiler ABI info
[0.460s] -- Detecting CXX compiler ABI info - done
[0.473s] -- Check for working CXX compiler: /usr/bin/c++ - skipped
[0.473s] -- Detecting CXX compile features
[0.474s] -- Detecting CXX compile features - done
[0.480s] -- Found ament_cmake: 1.3.8 (/opt/ros/humble/share/ament_cmake/cmake)
[0.945s] -- Found Python3: /usr/bin/python3 (found version "3.10.12") found components: Interpreter 
[1.124s] -- Configuring done
[1.126s] -- Generating done
[1.127s] -- Build files have been written to: /home/karol/ros2_ws/build/my_robot_bringup
[1.131s] Invoked command in '/home/karol/ros2_ws/build/my_robot_bringup' returned '0': CMAKE_PREFIX_PATH=/home/karol/ros2_ws/install/my_robot_interfaces:/home/karol/ros2_ws/install/my_cpp_pkg:/home/karol/ros2_ws/install/my_robot_bringup:/home/karol/ros2_ws/install/my_package:/home/karol/ros2_ws/install/turtlesim_catch_them_all:/home/karol/ros2_ws/install/my_py_package:/opt/ros/humble /usr/bin/cmake /home/karol/ros2_ws/src/my_robot_bringup -DCMAKE_INSTALL_PREFIX=/home/karol/ros2_ws/install/my_robot_bringup
[1.133s] Invoking command in '/home/karol/ros2_ws/build/my_robot_bringup': CMAKE_PREFIX_PATH=/home/karol/ros2_ws/install/my_robot_interfaces:/home/karol/ros2_ws/install/my_cpp_pkg:/home/karol/ros2_ws/install/my_robot_bringup:/home/karol/ros2_ws/install/my_package:/home/karol/ros2_ws/install/turtlesim_catch_them_all:/home/karol/ros2_ws/install/my_py_package:/opt/ros/humble /usr/bin/cmake --build /home/karol/ros2_ws/build/my_robot_bringup -- -j4 -l4
[1.185s] Invoked command in '/home/karol/ros2_ws/build/my_robot_bringup' returned '0': CMAKE_PREFIX_PATH=/home/karol/ros2_ws/install/my_robot_interfaces:/home/karol/ros2_ws/install/my_cpp_pkg:/home/karol/ros2_ws/install/my_robot_bringup:/home/karol/ros2_ws/install/my_package:/home/karol/ros2_ws/install/turtlesim_catch_them_all:/home/karol/ros2_ws/install/my_py_package:/opt/ros/humble /usr/bin/cmake --build /home/karol/ros2_ws/build/my_robot_bringup -- -j4 -l4
[1.217s] Invoking command in '/home/karol/ros2_ws/build/my_robot_bringup': CMAKE_PREFIX_PATH=/home/karol/ros2_ws/install/my_robot_interfaces:/home/karol/ros2_ws/install/my_cpp_pkg:/home/karol/ros2_ws/install/my_robot_bringup:/home/karol/ros2_ws/install/my_package:/home/karol/ros2_ws/install/turtlesim_catch_them_all:/home/karol/ros2_ws/install/my_py_package:/opt/ros/humble /usr/bin/cmake --install /home/karol/ros2_ws/build/my_robot_bringup
[1.228s] -- Install configuration: ""
[1.228s] -- Installing: /home/karol/ros2_ws/install/my_robot_bringup/share/my_robot_bringup/launch
[1.228s] -- Installing: /home/karol/ros2_ws/install/my_robot_bringup/share/my_robot_bringup/launch/turtlesim_catch_them_all.launch.py
[1.229s] -- Installing: /home/karol/ros2_ws/install/my_robot_bringup/share/my_robot_bringup/launch/turtlesim_miniproject_cpp.launch.py
[1.229s] -- Installing: /home/karol/ros2_ws/install/my_robot_bringup/share/my_robot_bringup/launch/number_app.launch.py
[1.229s] -- Installing: /home/karol/ros2_ws/install/my_robot_bringup/share/ament_index/resource_index/package_run_dependencies/my_robot_bringup
[1.229s] -- Installing: /home/karol/ros2_ws/install/my_robot_bringup/share/ament_index/resource_index/parent_prefix_path/my_robot_bringup
[1.230s] -- Installing: /home/karol/ros2_ws/install/my_robot_bringup/share/my_robot_bringup/environment/ament_prefix_path.sh
[1.230s] -- Installing: /home/karol/ros2_ws/install/my_robot_bringup/share/my_robot_bringup/environment/ament_prefix_path.dsv
[1.230s] -- Installing: /home/karol/ros2_ws/install/my_robot_bringup/share/my_robot_bringup/environment/path.sh
[1.230s] -- Installing: /home/karol/ros2_ws/install/my_robot_bringup/share/my_robot_bringup/environment/path.dsv
[1.230s] -- Installing: /home/karol/ros2_ws/install/my_robot_bringup/share/my_robot_bringup/local_setup.bash
[1.231s] -- Installing: /home/karol/ros2_ws/install/my_robot_bringup/share/my_robot_bringup/local_setup.sh
[1.231s] -- Installing: /home/karol/ros2_ws/install/my_robot_bringup/share/my_robot_bringup/local_setup.zsh
[1.231s] -- Installing: /home/karol/ros2_ws/install/my_robot_bringup/share/my_robot_bringup/local_setup.dsv
[1.231s] -- Installing: /home/karol/ros2_ws/install/my_robot_bringup/share/my_robot_bringup/package.dsv
[1.231s] -- Installing: /home/karol/ros2_ws/install/my_robot_bringup/share/ament_index/resource_index/packages/my_robot_bringup
[1.232s] -- Installing: /home/karol/ros2_ws/install/my_robot_bringup/share/my_robot_bringup/cmake/my_robot_bringupConfig.cmake
[1.232s] -- Installing: /home/karol/ros2_ws/install/my_robot_bringup/share/my_robot_bringup/cmake/my_robot_bringupConfig-version.cmake
[1.232s] -- Installing: /home/karol/ros2_ws/install/my_robot_bringup/share/my_robot_bringup/package.xml
[1.235s] Invoked command in '/home/karol/ros2_ws/build/my_robot_bringup' returned '0': CMAKE_PREFIX_PATH=/home/karol/ros2_ws/install/my_robot_interfaces:/home/karol/ros2_ws/install/my_cpp_pkg:/home/karol/ros2_ws/install/my_robot_bringup:/home/karol/ros2_ws/install/my_package:/home/karol/ros2_ws/install/turtlesim_catch_them_all:/home/karol/ros2_ws/install/my_py_package:/opt/ros/humble /usr/bin/cmake --install /home/karol/ros2_ws/build/my_robot_bringup
