/home/karol/ros2_ws/install/my_py_package/lib/python3.10/site-packages/my_py_package/add_two_ints_client_no_oop.py
/home/karol/ros2_ws/install/my_py_package/lib/python3.10/site-packages/my_py_package/my_first_node.py
/home/karol/ros2_ws/install/my_py_package/lib/python3.10/site-packages/my_py_package/number_publisher.py
/home/karol/ros2_ws/install/my_py_package/lib/python3.10/site-packages/my_py_package/robot_news_station.py
/home/karol/ros2_ws/install/my_py_package/lib/python3.10/site-packages/my_py_package/hw_status_publisher.py
/home/karol/ros2_ws/install/my_py_package/lib/python3.10/site-packages/my_py_package/add_two_ints_client.py
/home/karol/ros2_ws/install/my_py_package/lib/python3.10/site-packages/my_py_package/__init__.py
/home/karol/ros2_ws/install/my_py_package/lib/python3.10/site-packages/my_py_package/add_two_ints_server.py
/home/karol/ros2_ws/install/my_py_package/lib/python3.10/site-packages/my_py_package/number_counter.py
/home/karol/ros2_ws/install/my_py_package/lib/python3.10/site-packages/my_py_package/smartphone.py
/home/karol/ros2_ws/install/my_py_package/lib/python3.10/site-packages/my_py_package/__pycache__/add_two_ints_client_no_oop.cpython-310.pyc
/home/karol/ros2_ws/install/my_py_package/lib/python3.10/site-packages/my_py_package/__pycache__/my_first_node.cpython-310.pyc
/home/karol/ros2_ws/install/my_py_package/lib/python3.10/site-packages/my_py_package/__pycache__/number_publisher.cpython-310.pyc
/home/karol/ros2_ws/install/my_py_package/lib/python3.10/site-packages/my_py_package/__pycache__/robot_news_station.cpython-310.pyc
/home/karol/ros2_ws/install/my_py_package/lib/python3.10/site-packages/my_py_package/__pycache__/hw_status_publisher.cpython-310.pyc
/home/karol/ros2_ws/install/my_py_package/lib/python3.10/site-packages/my_py_package/__pycache__/add_two_ints_client.cpython-310.pyc
/home/karol/ros2_ws/install/my_py_package/lib/python3.10/site-packages/my_py_package/__pycache__/__init__.cpython-310.pyc
/home/karol/ros2_ws/install/my_py_package/lib/python3.10/site-packages/my_py_package/__pycache__/add_two_ints_server.cpython-310.pyc
/home/karol/ros2_ws/install/my_py_package/lib/python3.10/site-packages/my_py_package/__pycache__/number_counter.cpython-310.pyc
/home/karol/ros2_ws/install/my_py_package/lib/python3.10/site-packages/my_py_package/__pycache__/smartphone.cpython-310.pyc
/home/karol/ros2_ws/install/my_py_package/share/ament_index/resource_index/packages/my_py_package
/home/karol/ros2_ws/install/my_py_package/share/my_py_package/package.xml
/home/karol/ros2_ws/install/my_py_package/lib/python3.10/site-packages/my_py_package-0.0.0-py3.10.egg-info/PKG-INFO
/home/karol/ros2_ws/install/my_py_package/lib/python3.10/site-packages/my_py_package-0.0.0-py3.10.egg-info/zip-safe
/home/karol/ros2_ws/install/my_py_package/lib/python3.10/site-packages/my_py_package-0.0.0-py3.10.egg-info/requires.txt
/home/karol/ros2_ws/install/my_py_package/lib/python3.10/site-packages/my_py_package-0.0.0-py3.10.egg-info/entry_points.txt
/home/karol/ros2_ws/install/my_py_package/lib/python3.10/site-packages/my_py_package-0.0.0-py3.10.egg-info/top_level.txt
/home/karol/ros2_ws/install/my_py_package/lib/python3.10/site-packages/my_py_package-0.0.0-py3.10.egg-info/dependency_links.txt
/home/karol/ros2_ws/install/my_py_package/lib/python3.10/site-packages/my_py_package-0.0.0-py3.10.egg-info/SOURCES.txt
/home/karol/ros2_ws/install/my_py_package/lib/my_py_package/add_two_ints_client
/home/karol/ros2_ws/install/my_py_package/lib/my_py_package/add_two_ints_client_no_oop
/home/karol/ros2_ws/install/my_py_package/lib/my_py_package/add_two_ints_server
/home/karol/ros2_ws/install/my_py_package/lib/my_py_package/battery
/home/karol/ros2_ws/install/my_py_package/lib/my_py_package/hw_status_publisher
/home/karol/ros2_ws/install/my_py_package/lib/my_py_package/led_panel
/home/karol/ros2_ws/install/my_py_package/lib/my_py_package/number_counter
/home/karol/ros2_ws/install/my_py_package/lib/my_py_package/number_publisher
/home/karol/ros2_ws/install/my_py_package/lib/my_py_package/py_node
/home/karol/ros2_ws/install/my_py_package/lib/my_py_package/robot_news_station
/home/karol/ros2_ws/install/my_py_package/lib/my_py_package/smartphone
